Linux 4.19.0 (nvme-storage) 	10/26/2018 	_x86_64_	(8 CPU)

10/26/2018 03:44:16 PM
avg-cpu:  %user   %nice %system %iowait  %steal   %idle
           0.14    0.00    0.43    0.04    0.00   99.39

Device:         rrqm/s   wrqm/s     r/s     w/s    rMB/s    wMB/s avgrq-sz avgqu-sz   await r_await w_await  svctm  %util
sda               0.00     0.00    0.00    0.00     0.00     0.00    25.89     0.00    0.14    0.14    0.00   0.12   0.00
sdb               0.00     0.00    0.00    0.00     0.00     0.00    25.89     0.00    0.14    0.14    0.00   0.12   0.00
sdc               0.00     0.00    0.00    0.00     0.00     0.00    25.89     0.00    0.13    0.13    0.00   0.11   0.00
sdd               0.00     0.00    0.00    0.00     0.00     0.00    25.89     0.00    0.14    0.14    0.00   0.11   0.00
sde               0.01     0.06    0.29    0.35     0.01     0.01    55.63     0.01   15.54   12.49   18.02   2.20   0.14
nvme2n1          13.70     0.00  860.92  374.96    13.86     1.46    25.39     0.47    0.34    0.48    0.02   0.05   6.68
nvme1n1          18.24     0.00  159.99    0.03    11.14     0.00   142.57     5.92   36.55   36.56    0.11   0.35   5.67
nvme3n1           0.00    14.47  737.03  560.54     2.88    12.69    24.57     0.75    0.54    0.40    0.73   0.05   6.73
nvme0n1          18.24     0.00  159.99    0.03    11.14     0.00   142.57     5.92   36.55   36.56    0.10   0.35   5.66
md1               0.00     0.00    0.00    0.00     0.00     0.00    13.63     0.00    0.00    0.00    0.00   0.00   0.00
md10              0.00     0.00    0.00    0.00     0.00     0.00    15.85     0.00    0.00    0.00    0.00   0.00   0.00

10/26/2018 03:44:26 PM
avg-cpu:  %user   %nice %system %iowait  %steal   %idle
           0.20    0.00    0.56    0.01    0.00   99.22

Device:         rrqm/s   wrqm/s     r/s     w/s    rMB/s    wMB/s avgrq-sz avgqu-sz   await r_await w_await  svctm  %util
sda               0.00     0.00    0.00    0.00     0.00     0.00     0.00     0.00    0.00    0.00    0.00   0.00   0.00
sdb               0.00     0.00    0.00    0.00     0.00     0.00     0.00     0.00    0.00    0.00    0.00   0.00   0.00
sdc               0.00     0.00    0.00    0.00     0.00     0.00     0.00     0.00    0.00    0.00    0.00   0.00   0.00
sdd               0.00     0.00    0.00    0.00     0.00     0.00     0.00     0.00    0.00    0.00    0.00   0.00   0.00
sde               0.00     0.00    0.00    0.10     0.00     0.00    32.00     0.00    0.00    0.00    0.00   0.00   0.00
nvme2n1           0.00     0.00  103.70  190.80     0.48     0.61     7.57     1.05    0.51    0.52    0.51   3.39  99.73
nvme1n1           0.00     0.00    0.00    0.00     0.00     0.00     0.00     0.00    0.00    0.00    0.00   0.00   0.00
nvme3n1           0.00     0.00   63.10  190.70     0.26     0.61     7.00     1.12    1.65    1.73    1.63   3.93  99.74
nvme0n1           0.00     0.00    0.00    0.00     0.00     0.00     0.00     0.00    0.00    0.00    0.00   0.00   0.00
md1               0.00     0.00  166.40   98.10     0.74     0.38     8.67     0.00    0.00    0.00    0.00   0.00   0.00
md10              0.00     0.00    0.00    0.00     0.00     0.00     0.00     0.00    0.00    0.00    0.00   0.00   0.00

10/26/2018 03:44:36 PM
avg-cpu:  %user   %nice %system %iowait  %steal   %idle
           0.13    0.00    0.38    0.00    0.00   99.50

Device:         rrqm/s   wrqm/s     r/s     w/s    rMB/s    wMB/s avgrq-sz avgqu-sz   await r_await w_await  svctm  %util
sda               0.00     0.00    0.00    0.00     0.00     0.00     0.00     0.00    0.00    0.00    0.00   0.00   0.00
sdb               0.00     0.00    0.00    0.00     0.00     0.00     0.00     0.00    0.00    0.00    0.00   0.00   0.00
sdc               0.00     0.00    0.00    0.00     0.00     0.00     0.00     0.00    0.00    0.00    0.00   0.00   0.00
sdd               0.00     0.00    0.00    0.00     0.00     0.00     0.00     0.00    0.00    0.00    0.00   0.00   0.00
sde               0.00     0.00    0.00    0.00     0.00     0.00     0.00     0.00    0.00    0.00    0.00   0.00   0.00
nvme2n1           0.00     0.00  447.20  699.10     1.75     2.31     7.26     1.48    0.85    0.84    0.86   0.87  99.39
nvme1n1           0.00     0.00    0.00    0.00     0.00     0.00     0.00     0.00    0.00    0.00    0.00   0.00   0.00
nvme3n1           0.00     0.00  328.40  699.30     1.28     2.31     7.17     1.56    1.16    1.15    1.16   0.97  99.40
nvme0n1           0.00     0.00    0.00    0.00     0.00     0.00     0.00     0.00    0.00    0.00    0.00   0.00   0.00
md1               0.00     0.00  775.70  414.80     3.03     1.62     8.00     0.00    0.00    0.00    0.00   0.00   0.00
md10              0.00     0.00    0.00    0.00     0.00     0.00     0.00     0.00    0.00    0.00    0.00   0.00   0.00

10/26/2018 03:44:46 PM
avg-cpu:  %user   %nice %system %iowait  %steal   %idle
           0.15    0.00    0.46    0.00    0.00   99.39

Device:         rrqm/s   wrqm/s     r/s     w/s    rMB/s    wMB/s avgrq-sz avgqu-sz   await r_await w_await  svctm  %util
sda               0.00     0.00    0.00    0.00     0.00     0.00     0.00     0.00    0.00    0.00    0.00   0.00   0.00
sdb               0.00     0.00    0.00    0.00     0.00     0.00     0.00     0.00    0.00    0.00    0.00   0.00   0.00
sdc               0.00     0.00    0.00    0.00     0.00     0.00     0.00     0.00    0.00    0.00    0.00   0.00   0.00
sdd               0.00     0.00    0.00    0.00     0.00     0.00     0.00     0.00    0.00    0.00    0.00   0.00   0.00
sde               0.00     0.00    0.00    2.30     0.00     0.03    22.26     0.08   45.74    0.00   45.74   2.22   0.51
nvme2n1           0.00     0.00  821.10 1067.50     3.21     3.77     7.57     1.90    0.68    0.67    0.68   0.53  99.52
nvme1n1           0.00     0.00    0.00    0.00     0.00     0.00     0.00     0.00    0.00    0.00    0.00   0.00   0.00
nvme3n1           0.00     0.00  656.70 1067.40     2.57     3.77     7.53     2.63    1.36    1.32    1.38   0.58  99.69
nvme0n1           0.00     0.00    0.00    0.00     0.00     0.00     0.00     0.00    0.00    0.00    0.00   0.00   0.00
md1               0.00     0.00 1477.70  797.20     5.77     3.11     8.00     0.00    0.00    0.00    0.00   0.00   0.00
md10              0.00     0.00    0.00    0.00     0.00     0.00     0.00     0.00    0.00    0.00    0.00   0.00   0.00

10/26/2018 03:44:56 PM
avg-cpu:  %user   %nice %system %iowait  %steal   %idle
           2.57    0.00    5.59    0.00    0.00   91.84

Device:         rrqm/s   wrqm/s     r/s     w/s    rMB/s    wMB/s avgrq-sz avgqu-sz   await r_await w_await  svctm  %util
sda               0.00     0.00    0.00    0.00     0.00     0.00     0.00     0.00    0.00    0.00    0.00   0.00   0.00
sdb               0.00     0.00    0.00    0.00     0.00     0.00     0.00     0.00    0.00    0.00    0.00   0.00   0.00
sdc               0.00     0.00    0.00    0.00     0.00     0.00     0.00     0.00    0.00    0.00    0.00   0.00   0.00
sdd               0.00     0.00    0.00    0.00     0.00     0.00     0.00     0.00    0.00    0.00    0.00   0.00   0.00
sde               0.00     0.10    0.00    0.50     0.00     0.00    19.20     0.00    0.20    0.00    0.20   0.00   0.00
nvme2n1           0.00     0.00 19401.90 20990.50    75.79    81.77     7.99     9.64    0.23    0.41    0.06   0.02  99.83
nvme1n1           0.00     0.00    0.00    0.00     0.00     0.00     0.00     0.00    0.00    0.00    0.00   0.00   0.00
nvme3n1           0.00     0.00 19369.10 20990.70    75.66    81.77     7.99    10.47    0.25    0.41    0.10   0.02  99.92
nvme0n1           0.00     0.00    0.00    0.00     0.00     0.00     0.00     0.00    0.00    0.00    0.00   0.00   0.00
md1               0.00     0.00 38774.70 20838.50   151.46    81.40     8.00     0.00    0.00    0.00    0.00   0.00   0.00
md10              0.00     0.00    0.00    0.00     0.00     0.00     0.00     0.00    0.00    0.00    0.00   0.00   0.00

10/26/2018 03:45:06 PM
avg-cpu:  %user   %nice %system %iowait  %steal   %idle
           4.74    0.00   10.17    0.00    0.00   85.10

Device:         rrqm/s   wrqm/s     r/s     w/s    rMB/s    wMB/s avgrq-sz avgqu-sz   await r_await w_await  svctm  %util
sda               0.00     0.00    0.00    0.00     0.00     0.00     0.00     0.00    0.00    0.00    0.00   0.00   0.00
sdb               0.00     0.00    0.00    0.00     0.00     0.00     0.00     0.00    0.00    0.00    0.00   0.00   0.00
sdc               0.00     0.00    0.00    0.00     0.00     0.00     0.00     0.00    0.00    0.00    0.00   0.00   0.00
sdd               0.00     0.00    0.00    0.00     0.00     0.00     0.00     0.00    0.00    0.00    0.00   0.00   0.00
sde               0.00     0.00    0.00    0.00     0.00     0.00     0.00     0.00    0.00    0.00    0.00   0.00   0.00
nvme2n1           0.00     0.00 39926.90 39389.70   155.96   153.87     8.00    15.54    0.19    0.36    0.02   0.01 100.14
nvme1n1           0.00     0.00    0.00    0.00     0.00     0.00     0.00     0.00    0.00    0.00    0.00   0.00   0.00
nvme3n1           0.00     0.00 33241.80 39391.00   129.85   153.87     8.00    15.27    0.21    0.43    0.02   0.01 100.23
nvme0n1           0.00     0.00    0.00    0.00     0.00     0.00     0.00     0.00    0.00    0.00    0.00   0.00   0.00
md1               0.00     0.00 73169.30 39391.10   285.82   153.87     8.00     0.00    0.00    0.00    0.00   0.00   0.00
md10              0.00     0.00    0.00    0.00     0.00     0.00     0.00     0.00    0.00    0.00    0.00   0.00   0.00

10/26/2018 03:45:16 PM
avg-cpu:  %user   %nice %system %iowait  %steal   %idle
           4.99    0.00   10.49    0.00    0.00   84.52

Device:         rrqm/s   wrqm/s     r/s     w/s    rMB/s    wMB/s avgrq-sz avgqu-sz   await r_await w_await  svctm  %util
sda               0.00     0.00    0.00    0.00     0.00     0.00     0.00     0.00    0.00    0.00    0.00   0.00   0.00
sdb               0.00     0.00    0.00    0.00     0.00     0.00     0.00     0.00    0.00    0.00    0.00   0.00   0.00
sdc               0.00     0.00    0.00    0.00     0.00     0.00     0.00     0.00    0.00    0.00    0.00   0.00   0.00
sdd               0.00     0.00    0.00    0.00     0.00     0.00     0.00     0.00    0.00    0.00    0.00   0.00   0.00
sde               0.00     0.20    0.00    1.70     0.00     0.02    21.65     0.00   44.12    0.00   44.12   0.06   0.01
nvme2n1           0.00     0.00 37880.00 41333.80   147.97   161.46     8.00    15.53    0.19    0.38    0.02   0.01 100.13
nvme1n1           0.00     0.00    0.00    0.00     0.00     0.00     0.00     0.00    0.00    0.00    0.00   0.00   0.00
nvme3n1           0.00     0.00 39074.50 41333.60   152.63   161.46     8.00    15.08    0.18    0.36    0.02   0.01 100.20
nvme0n1           0.00     0.00    0.00    0.00     0.00     0.00     0.00     0.00    0.00    0.00    0.00   0.00   0.00
md1               0.00     0.00 76954.70 41333.80   300.60   161.46     8.00     0.00    0.00    0.00    0.00   0.00   0.00
md10              0.00     0.00    0.00    0.00     0.00     0.00     0.00     0.00    0.00    0.00    0.00   0.00   0.00

