Linux 4.19.0 (nvme-storage) 	10/26/2018 	_x86_64_	(8 CPU)

10/26/2018 01:39:46 PM
avg-cpu:  %user   %nice %system %iowait  %steal   %idle
           0.06    0.00    0.08    0.04    0.00   99.82

Device:         rrqm/s   wrqm/s     r/s     w/s    rMB/s    wMB/s avgrq-sz avgqu-sz   await r_await w_await  svctm  %util
sda               0.00     0.00    0.00    0.00     0.00     0.00    37.92     0.00    0.15    0.15    0.00   0.14   0.00
sdb               0.00     0.00    0.00    0.00     0.00     0.00    37.92     0.00    0.16    0.16    0.00   0.12   0.00
sdc               0.00     0.00    0.00    0.00     0.00     0.00    37.92     0.00    0.14    0.14    0.00   0.12   0.00
sdd               0.00     0.00    0.00    0.00     0.00     0.00    37.92     0.00    0.15    0.15    0.00   0.12   0.00
sde               0.01     0.04    0.30    0.31     0.01     0.00    53.08     0.00   12.94   12.86   13.01   2.39   0.15
nvme2n1           7.71     0.00  153.32   31.55     6.63     0.12    74.81     0.12    0.53    0.63    0.02   0.18   3.27
nvme1n1           0.00     0.00    0.00    0.00     0.00     0.00    39.09     0.00    0.06    0.06    0.00  39.91   0.02
nvme3n1           0.00     8.16   93.82  144.71     0.37     6.60    59.80     0.28    1.06    0.26    1.58   0.14   3.27
nvme0n1           0.00     0.00    0.00    0.00     0.00     0.00    31.38     0.00    0.03    0.03    0.00   0.03   0.00
md1               0.00     0.00    0.00    0.00     0.00     0.00    22.74     0.00    0.00    0.00    0.00   0.00   0.00

10/26/2018 01:39:56 PM
avg-cpu:  %user   %nice %system %iowait  %steal   %idle
           3.57    0.00    5.75    0.00    0.00   90.68

Device:         rrqm/s   wrqm/s     r/s     w/s    rMB/s    wMB/s avgrq-sz avgqu-sz   await r_await w_await  svctm  %util
sda               0.00     0.00    0.00    0.00     0.00     0.00     0.00     0.00    0.00    0.00    0.00   0.00   0.00
sdb               0.00     0.00    0.00    0.00     0.00     0.00     0.00     0.00    0.00    0.00    0.00   0.00   0.00
sdc               0.00     0.00    0.00    0.00     0.00     0.00     0.00     0.00    0.00    0.00    0.00   0.00   0.00
sdd               0.00     0.00    0.00    0.00     0.00     0.00     0.00     0.00    0.00    0.00    0.00   0.00   0.00
sde               0.00     0.00    0.00    0.80     0.00     0.01    34.00     0.00   10.88    0.00   10.88   0.00   0.00
nvme2n1          49.60     0.00 25739.10 13606.50   136.97    53.15     9.90    11.78    0.28    0.42    0.02   0.03  99.17
nvme1n1           0.00     0.00    0.00    0.00     0.00     0.00     0.00     0.00    0.00    0.00    0.00   0.00   0.00
nvme3n1           0.00    51.40 25363.50 14172.00    99.07    91.79     9.89    12.70    0.30    0.41    0.11   0.03 100.12
nvme0n1           0.00     0.00    0.00    0.00     0.00     0.00     0.00     0.00    0.00    0.00    0.00   0.00   0.00
md1               0.00     0.00    0.00    0.00     0.00     0.00     0.00     0.00    0.00    0.00    0.00   0.00   0.00

10/26/2018 01:40:06 PM
avg-cpu:  %user   %nice %system %iowait  %steal   %idle
           9.41    0.00   15.10    0.00    0.00   75.49

Device:         rrqm/s   wrqm/s     r/s     w/s    rMB/s    wMB/s avgrq-sz avgqu-sz   await r_await w_await  svctm  %util
sda               0.00     0.00    0.00    0.00     0.00     0.00     0.00     0.00    0.00    0.00    0.00   0.00   0.00
sdb               0.00     0.00    0.00    0.00     0.00     0.00     0.00     0.00    0.00    0.00    0.00   0.00   0.00
sdc               0.00     0.00    0.00    0.00     0.00     0.00     0.00     0.00    0.00    0.00    0.00   0.00   0.00
sdd               0.00     0.00    0.00    0.00     0.00     0.00     0.00     0.00    0.00    0.00    0.00   0.00   0.00
sde               0.00     0.00    0.00    0.00     0.00     0.00     0.00     0.00    0.00    0.00    0.00   0.00   0.00
nvme2n1         408.90     0.00 71000.50 38024.30   326.85   148.53     8.93    31.64    0.29    0.43    0.02   0.01 100.34
nvme1n1           0.00     0.00    0.00    0.00     0.00     0.00     0.00     0.00    0.00    0.00    0.00   0.00   0.00
nvme3n1           0.00   408.80 64323.60 35032.30   251.26   186.35     9.02    31.03    0.31    0.46    0.02   0.01 100.38
nvme0n1           0.00     0.00    0.00    0.00     0.00     0.00     0.00     0.00    0.00    0.00    0.00   0.00   0.00
md1               0.00     0.00    0.00    0.00     0.00     0.00     0.00     0.00    0.00    0.00    0.00   0.00   0.00

10/26/2018 01:40:16 PM
avg-cpu:  %user   %nice %system %iowait  %steal   %idle
           9.32    0.00   15.11    0.00    0.00   75.57

Device:         rrqm/s   wrqm/s     r/s     w/s    rMB/s    wMB/s avgrq-sz avgqu-sz   await r_await w_await  svctm  %util
sda               0.00     0.00    0.00    0.00     0.00     0.00     0.00     0.00    0.00    0.00    0.00   0.00   0.00
sdb               0.00     0.00    0.00    0.00     0.00     0.00     0.00     0.00    0.00    0.00    0.00   0.00   0.00
sdc               0.00     0.00    0.00    0.00     0.00     0.00     0.00     0.00    0.00    0.00    0.00   0.00   0.00
sdd               0.00     0.00    0.00    0.00     0.00     0.00     0.00     0.00    0.00    0.00    0.00   0.00   0.00
sde               0.00     0.00    0.00    0.00     0.00     0.00     0.00     0.00    0.00    0.00    0.00   0.00   0.00
nvme2n1         477.30     0.00 71108.70 37987.60   335.57   148.39     9.08    31.76    0.29    0.43    0.02   0.01 100.33
nvme1n1           0.00     0.00    0.00    0.00     0.00     0.00     0.00     0.00    0.00    0.00    0.00   0.00   0.00
nvme3n1           0.00   477.40 63648.10 34727.00   248.63   193.45     9.20    31.04    0.31    0.47    0.02   0.01 100.33
nvme0n1           0.00     0.00    0.00    0.00     0.00     0.00     0.00     0.00    0.00    0.00    0.00   0.00   0.00
md1               0.00     0.00    0.00    0.00     0.00     0.00     0.00     0.00    0.00    0.00    0.00   0.00   0.00

10/26/2018 01:40:26 PM
avg-cpu:  %user   %nice %system %iowait  %steal   %idle
           9.56    0.00   14.93    0.00    0.00   75.52

Device:         rrqm/s   wrqm/s     r/s     w/s    rMB/s    wMB/s avgrq-sz avgqu-sz   await r_await w_await  svctm  %util
sda               0.00     0.00    0.00    0.00     0.00     0.00     0.00     0.00    0.00    0.00    0.00   0.00   0.00
sdb               0.00     0.00    0.00    0.00     0.00     0.00     0.00     0.00    0.00    0.00    0.00   0.00   0.00
sdc               0.00     0.00    0.00    0.00     0.00     0.00     0.00     0.00    0.00    0.00    0.00   0.00   0.00
sdd               0.00     0.00    0.00    0.00     0.00     0.00     0.00     0.00    0.00    0.00    0.00   0.00   0.00
sde               0.00     1.30    0.00    2.70     0.00     0.03    23.41     0.00   15.07    0.00   15.07   0.07   0.02
nvme2n1         478.10     0.00 71070.20 38089.40   335.51   148.79     9.09    31.79    0.29    0.43    0.02   0.01 100.36
nvme1n1           0.00     0.00    0.00    0.00     0.00     0.00     0.00     0.00    0.00    0.00    0.00   0.00   0.00
nvme3n1           0.00   478.00 65192.60 35664.90   254.66   197.21     9.18    30.97    0.30    0.46    0.02   0.01 100.18
nvme0n1           0.00     0.00    0.00    0.00     0.00     0.00     0.00     0.00    0.00    0.00    0.00   0.00   0.00
md1               0.00     0.00    0.00    0.00     0.00     0.00     0.00     0.00    0.00    0.00    0.00   0.00   0.00

10/26/2018 01:40:36 PM
avg-cpu:  %user   %nice %system %iowait  %steal   %idle
           9.22    0.00   15.00    0.00    0.00   75.78

Device:         rrqm/s   wrqm/s     r/s     w/s    rMB/s    wMB/s avgrq-sz avgqu-sz   await r_await w_await  svctm  %util
sda               0.00     0.00    0.00    0.00     0.00     0.00     0.00     0.00    0.00    0.00    0.00   0.00   0.00
sdb               0.00     0.00    0.00    0.00     0.00     0.00     0.00     0.00    0.00    0.00    0.00   0.00   0.00
sdc               0.00     0.00    0.00    0.00     0.00     0.00     0.00     0.00    0.00    0.00    0.00   0.00   0.00
sdd               0.00     0.00    0.00    0.00     0.00     0.00     0.00     0.00    0.00    0.00    0.00   0.00   0.00
sde               0.00     0.10    0.00    0.40     0.00     0.00    12.00     0.00    0.25    0.00    0.25   0.00   0.00
nvme2n1         467.10     0.00 69524.40 37174.30   328.15   145.21     9.09    31.83    0.29    0.44    0.02   0.01 100.39
nvme1n1           0.00     0.00    0.00    0.00     0.00     0.00     0.00     0.00    0.00    0.00    0.00   0.00   0.00
nvme3n1           0.00   467.20 63589.50 34707.20   248.40   192.15     9.18    31.11    0.31    0.47    0.02   0.01 100.42
nvme0n1           0.00     0.00    0.00    0.00     0.00     0.00     0.00     0.00    0.00    0.00    0.00   0.00   0.00
md1               0.00     0.00    0.00    0.00     0.00     0.00     0.00     0.00    0.00    0.00    0.00   0.00   0.00

10/26/2018 01:40:46 PM
avg-cpu:  %user   %nice %system %iowait  %steal   %idle
           9.41    0.00   15.01    0.00    0.00   75.58

Device:         rrqm/s   wrqm/s     r/s     w/s    rMB/s    wMB/s avgrq-sz avgqu-sz   await r_await w_await  svctm  %util
sda               0.00     0.00    0.00    0.00     0.00     0.00     0.00     0.00    0.00    0.00    0.00   0.00   0.00
sdb               0.00     0.00    0.00    0.00     0.00     0.00     0.00     0.00    0.00    0.00    0.00   0.00   0.00
sdc               0.00     0.00    0.00    0.00     0.00     0.00     0.00     0.00    0.00    0.00    0.00   0.00   0.00
sdd               0.00     0.00    0.00    0.00     0.00     0.00     0.00     0.00    0.00    0.00    0.00   0.00   0.00
sde               0.00     0.10    0.00    0.40     0.00     0.01    32.00     0.00    0.25    0.00    0.25   0.00   0.00
nvme2n1         482.10     0.00 70500.50 37848.40   333.76   147.84     9.10    31.75    0.29    0.44    0.02   0.01 100.29
nvme1n1           0.00     0.00    0.00    0.00     0.00     0.00     0.00     0.00    0.00    0.00    0.00   0.00   0.00
nvme3n1           0.00   482.00 65204.40 35556.70   254.70   197.26     9.19    31.02    0.30    0.46    0.02   0.01 100.34
nvme0n1           0.00     0.00    0.00    0.00     0.00     0.00     0.00     0.00    0.00    0.00    0.00   0.00   0.00
md1               0.00     0.00    0.00    0.00     0.00     0.00     0.00     0.00    0.00    0.00    0.00   0.00   0.00

