Linux 4.19.0 (nvme-storage) 	10/26/2018 	_x86_64_	(8 CPU)

10/26/2018 02:31:32 PM
avg-cpu:  %user   %nice %system %iowait  %steal   %idle
           0.08    0.00    0.24    0.04    0.00   99.64

Device:         rrqm/s   wrqm/s     r/s     w/s    rMB/s    wMB/s avgrq-sz avgqu-sz   await r_await w_await  svctm  %util
sda               0.00     0.00    0.00    0.00     0.00     0.00    34.15     0.00    0.15    0.15    0.00   0.13   0.00
sdb               0.00     0.00    0.00    0.00     0.00     0.00    34.15     0.00    0.15    0.15    0.00   0.13   0.00
sdc               0.00     0.00    0.00    0.00     0.00     0.00    34.15     0.00    0.14    0.14    0.00   0.12   0.00
sdd               0.00     0.00    0.00    0.00     0.00     0.00    34.15     0.00    0.15    0.15    0.00   0.11   0.00
sde               0.01     0.04    0.29    0.32     0.01     0.00    52.27     0.00   12.83   12.82   12.83   2.33   0.14
nvme2n1          14.44     0.00  384.51  113.75    12.56     0.44    53.46     0.27    0.44    0.57    0.02   0.12   6.12
nvme1n1           9.64     0.00   84.53    0.01     5.89     0.00   142.57     3.12   36.50   36.50    0.11   0.35   2.97
nvme3n1           0.00    15.25  239.48  301.44     0.94    12.24    49.89     0.56    0.95    0.37    1.41   0.11   6.12
nvme0n1           9.64     0.00   84.53    0.01     5.89     0.00   142.57     3.12   36.50   36.50    0.10   0.35   2.96
md1               0.00     0.00    0.00    0.00     0.00     0.00    18.94     0.00    0.00    0.00    0.00   0.00   0.00
md10              0.00     0.00    0.00    0.00     0.00     0.00    34.18     0.00    0.00    0.00    0.00   0.00   0.00

10/26/2018 02:31:42 PM
avg-cpu:  %user   %nice %system %iowait  %steal   %idle
           3.39    0.00    9.24    0.00    0.00   87.37

Device:         rrqm/s   wrqm/s     r/s     w/s    rMB/s    wMB/s avgrq-sz avgqu-sz   await r_await w_await  svctm  %util
sda               0.00     0.00    0.00    0.00     0.00     0.00     0.00     0.00    0.00    0.00    0.00   0.00   0.00
sdb               0.00     0.00    0.00    0.00     0.00     0.00     0.00     0.00    0.00    0.00    0.00   0.00   0.00
sdc               0.00     0.00    0.00    0.00     0.00     0.00     0.00     0.00    0.00    0.00    0.00   0.00   0.00
sdd               0.00     0.00    0.00    0.00     0.00     0.00     0.00     0.00    0.00    0.00    0.00   0.00   0.00
sde               0.00     0.00    0.00    0.00     0.00     0.00     0.00     0.00    0.00    0.00    0.00   0.00   0.00
nvme2n1           0.00     0.00 24725.90 13333.60    96.58    52.08     8.00    11.37    0.28    0.42    0.02   0.03 100.11
nvme1n1         318.70     0.00 2806.30    0.50   195.31     0.00   142.51   103.90   36.61   36.62    0.00   0.35  98.25
nvme3n1           0.00     0.00 24573.50 13232.40    95.99    51.69     8.00    11.30    0.28    0.42    0.02   0.03 100.10
nvme0n1         318.70     0.00 2806.30    0.50   195.31     0.00   142.51   103.94   36.61   36.62    0.20   0.35  98.25
md1               0.00     0.00    0.00    0.00     0.00     0.00     0.00     0.00    0.00    0.00    0.00   0.00   0.00
md10              0.00     0.00    0.00    0.00     0.00     0.00     0.00     0.00    0.00    0.00    0.00   0.00   0.00

10/26/2018 02:31:52 PM
avg-cpu:  %user   %nice %system %iowait  %steal   %idle
           9.91    0.00   19.75    0.00    0.00   70.34

Device:         rrqm/s   wrqm/s     r/s     w/s    rMB/s    wMB/s avgrq-sz avgqu-sz   await r_await w_await  svctm  %util
sda               0.00     0.00    0.00    0.00     0.00     0.00     0.00     0.00    0.00    0.00    0.00   0.00   0.00
sdb               0.00     0.00    0.00    0.00     0.00     0.00     0.00     0.00    0.00    0.00    0.00   0.00   0.00
sdc               0.00     0.00    0.00    0.00     0.00     0.00     0.00     0.00    0.00    0.00    0.00   0.00   0.00
sdd               0.00     0.00    0.00    0.00     0.00     0.00     0.00     0.00    0.00    0.00    0.00   0.00   0.00
sde               0.00     0.00    0.00    1.30     0.00     0.02    31.38     0.00   18.00    0.00   18.00   0.08   0.01
nvme2n1           0.00     0.00 73083.90 39285.40   285.48   153.46     8.00    30.79    0.27    0.41    0.02   0.01 100.33
nvme1n1         320.00     0.00 2856.00    0.50   198.50     0.00   142.32   105.89   36.60   36.60    0.20   0.35  98.87
nvme3n1           0.00     0.00 73807.50 39819.20   288.31   155.54     8.00    30.60    0.27    0.40    0.02   0.01 100.29
nvme0n1         320.00     0.00 2856.00    0.50   198.50     0.00   142.32   105.60   36.60   36.61    0.00   0.35  98.85
md1               0.00     0.00    0.00    0.00     0.00     0.00     0.00     0.00    0.00    0.00    0.00   0.00   0.00
md10              0.00     0.00    0.00    0.00     0.00     0.00     0.00     0.00    0.00    0.00    0.00   0.00   0.00

10/26/2018 02:32:02 PM
avg-cpu:  %user   %nice %system %iowait  %steal   %idle
           9.71    0.00   19.71    0.00    0.00   70.58

Device:         rrqm/s   wrqm/s     r/s     w/s    rMB/s    wMB/s avgrq-sz avgqu-sz   await r_await w_await  svctm  %util
sda               0.00     0.00    0.00    0.00     0.00     0.00     0.00     0.00    0.00    0.00    0.00   0.00   0.00
sdb               0.00     0.00    0.00    0.00     0.00     0.00     0.00     0.00    0.00    0.00    0.00   0.00   0.00
sdc               0.00     0.00    0.00    0.00     0.00     0.00     0.00     0.00    0.00    0.00    0.00   0.00   0.00
sdd               0.00     0.00    0.00    0.00     0.00     0.00     0.00     0.00    0.00    0.00    0.00   0.00   0.00
sde               0.00     0.00    0.00    0.00     0.00     0.00     0.00     0.00    0.00    0.00    0.00   0.00   0.00
nvme2n1           0.00     0.00 72995.20 39300.80   285.14   153.52     8.00    30.81    0.27    0.41    0.02   0.01 100.31
nvme1n1         316.30     0.00 2808.70    0.50   195.31     0.00   142.39   103.50   36.50   36.51    0.20   0.34  94.89
nvme3n1           0.00     0.00 71323.00 38370.40   278.61   149.88     8.00    30.62    0.28    0.41    0.02   0.01 100.21
nvme0n1         316.30     0.00 2808.70    0.50   195.31     0.00   142.39   103.77   36.50   36.51    0.20   0.34  94.90
md1               0.00     0.00    0.00    0.00     0.00     0.00     0.00     0.00    0.00    0.00    0.00   0.00   0.00
md10              0.00     0.00    0.00    0.00     0.00     0.00     0.00     0.00    0.00    0.00    0.00   0.00   0.00

10/26/2018 02:32:12 PM
avg-cpu:  %user   %nice %system %iowait  %steal   %idle
           9.81    0.00   19.72    0.00    0.00   70.47

Device:         rrqm/s   wrqm/s     r/s     w/s    rMB/s    wMB/s avgrq-sz avgqu-sz   await r_await w_await  svctm  %util
sda               0.00     0.00    0.00    0.00     0.00     0.00     0.00     0.00    0.00    0.00    0.00   0.00   0.00
sdb               0.00     0.00    0.00    0.00     0.00     0.00     0.00     0.00    0.00    0.00    0.00   0.00   0.00
sdc               0.00     0.00    0.00    0.00     0.00     0.00     0.00     0.00    0.00    0.00    0.00   0.00   0.00
sdd               0.00     0.00    0.00    0.00     0.00     0.00     0.00     0.00    0.00    0.00    0.00   0.00   0.00
sde               0.00     0.20    0.00    0.50     0.00     0.01    24.00     0.00    0.40    0.00    0.40   0.00   0.00
nvme2n1           0.00     0.00 71858.80 38702.70   280.70   151.18     8.00    30.80    0.27    0.41    0.02   0.01 100.35
nvme1n1         326.70     0.00 2727.20    0.50   190.81     0.00   143.27   101.32   36.40   36.41    0.00   0.37 100.01
nvme3n1           0.00     0.00 72762.90 39306.00   284.23   153.54     8.00    30.65    0.27    0.41    0.02   0.01 100.34
nvme0n1         326.70     0.00 2727.50    0.50   190.83     0.00   143.26   101.25   36.41   36.41    0.00   0.37 100.01
md1               0.00     0.00    0.00    0.00     0.00     0.00     0.00     0.00    0.00    0.00    0.00   0.00   0.00
md10              0.00     0.00    0.00    0.00     0.00     0.00     0.00     0.00    0.00    0.00    0.00   0.00   0.00

10/26/2018 02:32:22 PM
avg-cpu:  %user   %nice %system %iowait  %steal   %idle
           9.83    0.00   20.07    0.00    0.00   70.10

Device:         rrqm/s   wrqm/s     r/s     w/s    rMB/s    wMB/s avgrq-sz avgqu-sz   await r_await w_await  svctm  %util
sda               0.00     0.00    0.00    0.00     0.00     0.00     0.00     0.00    0.00    0.00    0.00   0.00   0.00
sdb               0.00     0.00    0.00    0.00     0.00     0.00     0.00     0.00    0.00    0.00    0.00   0.00   0.00
sdc               0.00     0.00    0.00    0.00     0.00     0.00     0.00     0.00    0.00    0.00    0.00   0.00   0.00
sdd               0.00     0.00    0.00    0.00     0.00     0.00     0.00     0.00    0.00    0.00    0.00   0.00   0.00
sde               0.00     0.40    0.00    2.70     0.00     0.02    18.37     0.00   10.22    0.00   10.22   0.07   0.02
nvme2n1           0.00     0.00 72703.50 39119.40   284.00   152.81     8.00    30.78    0.27    0.41    0.02   0.01 100.44
nvme1n1         325.60     0.00 2921.70    0.50   203.01     0.00   142.28   107.01   36.61   36.62    0.20   0.30  87.40
nvme3n1           0.00     0.00 73625.00 39436.40   287.60   154.05     8.00    30.61    0.27    0.40    0.02   0.01 100.31
nvme0n1         325.60     0.00 2921.40    0.50   202.99     0.00   142.28   106.84   36.61   36.62    0.00   0.30  87.39
md1               0.00     0.00    0.00    0.00     0.00     0.00     0.00     0.00    0.00    0.00    0.00   0.00   0.00
md10              0.00     0.00    0.00    0.00     0.00     0.00     0.00     0.00    0.00    0.00    0.00   0.00   0.00

10/26/2018 02:32:32 PM
avg-cpu:  %user   %nice %system %iowait  %steal   %idle
           9.78    0.00   20.21    0.00    0.00   70.01

Device:         rrqm/s   wrqm/s     r/s     w/s    rMB/s    wMB/s avgrq-sz avgqu-sz   await r_await w_await  svctm  %util
sda               0.00     0.00    0.00    0.00     0.00     0.00     0.00     0.00    0.00    0.00    0.00   0.00   0.00
sdb               0.00     0.00    0.00    0.00     0.00     0.00     0.00     0.00    0.00    0.00    0.00   0.00   0.00
sdc               0.00     0.00    0.00    0.00     0.00     0.00     0.00     0.00    0.00    0.00    0.00   0.00   0.00
sdd               0.00     0.00    0.00    0.00     0.00     0.00     0.00     0.00    0.00    0.00    0.00   0.00   0.00
sde               0.00     0.00    0.00    0.00     0.00     0.00     0.00     0.00    0.00    0.00    0.00   0.00   0.00
nvme2n1           0.00     0.00 72981.50 39254.70   285.08   153.34     8.00    30.77    0.27    0.41    0.02   0.01 100.32
nvme1n1         360.20     0.00 3077.20    0.50   214.84     0.00   142.96   113.08   36.44   36.44    0.00   0.32  99.19
nvme3n1           0.00     0.00 72183.50 38814.40   281.97   151.62     8.00    30.62    0.27    0.41    0.02   0.01 100.27
nvme0n1         360.20     0.00 3077.20    0.50   214.84     0.00   142.96   113.32   36.44   36.45    0.20   0.32  99.21
md1               0.00     0.00    0.00    0.00     0.00     0.00     0.00     0.00    0.00    0.00    0.00   0.00   0.00
md10              0.00     0.00    0.00    0.00     0.00     0.00     0.00     0.00    0.00    0.00    0.00   0.00   0.00

