procs -----------memory---------- ---swap-- -----io---- -system-- ------cpu----- -----timestamp-----
 r  b   swpd   free   buff  cache   si   so    bi    bo   in   cs us sy id wa st                 KST
 0  0      0 14008656   2272 1078756    0    0   725   391   15   18  0  0 99  0  0 2018-10-26 16:00:02
 2  0      0 13594304   2272 1490380    0    0 82150 50763 45932 9986  4  4 92  0  0 2018-10-26 16:00:12
 2  0      0 13594396   2272 1490428    0    0 574332 309530 300986 14958 11 18 71  0  0 2018-10-26 16:00:22
 2  0      0 13594428   2272 1490400    0    0 574108 309226 300472 14410 11 18 71  0  0 2018-10-26 16:00:32
 2  0      0 13594428   2272 1490400    0    0 572713 309754 300409 14864 11 18 71  0  0 2018-10-26 16:00:42
 2  0      0 13594296   2272 1490532    0    0 573846 308527 299952 14763 11 18 71  0  0 2018-10-26 16:00:52
 2  0      0 13598344   2272 1490772    0    0 575794 309697 301150 14831 11 18 71  0  0 2018-10-26 16:01:02
 2  0      0 13598456   2272 1490740    0    0 575468 308855 300637 14737 11 18 71  0  0 2018-10-26 16:01:12
 2  0      0 13598484   2272 1490776    0    0 577210 311030 301976 14961 11 18 71  0  0 2018-10-26 16:01:22
 2  0      0 13598484   2272 1490776    0    0 577037 310777 301749 14692 11 18 71  0  0 2018-10-26 16:01:32
 2  0      0 13598484   2272 1490776    0    0 576920 310731 301708 14978 11 18 71  0  0 2018-10-26 16:01:42
 2  0      0 13600916   2272 1490568    0    0 576946 310962 301904 14760 12 17 71  0  0 2018-10-26 16:01:52
 2  0      0 13600740   2272 1490640    0    0 577006 311036 301862 14936 11 18 71  0  0 2018-10-26 16:02:02
 3  0      0 13600888   2272 1490636    0    0 577652 310904 301739 15074 11 18 71  0  0 2018-10-26 16:02:12
 2  0      0 13600932   2272 1490648    0    0 576456 309982 300869 15091 11 18 71  0  0 2018-10-26 16:02:22
 2  0      0 13600932   2272 1490648    0    0 577128 310982 301949 14764 11 18 71  0  0 2018-10-26 16:02:32
 2  0      0 13600932   2272 1490652    0    0 577334 310790 301490 14785 11 18 71  0  0 2018-10-26 16:02:42
 2  0      0 13600904   2272 1490664    0    0 575756 310653 300891 14735 11 18 71  0  0 2018-10-26 16:02:52
 2  0      0 13600472   2272 1490900    0    0 574188 308855 299718 15263 11 18 71  0  0 2018-10-26 16:03:02
 2  0      0 13600724   2272 1490840    0    0 574496 308651 299585 14886 11 18 71  0  0 2018-10-26 16:03:12
 2  0      0 13600724   2272 1490868    0    0 575520 310414 300867 14901 11 18 71  0  0 2018-10-26 16:03:22
procs -----------memory---------- ---swap-- -----io---- -system-- ------cpu----- -----timestamp-----
 r  b   swpd   free   buff  cache   si   so    bi    bo   in   cs us sy id wa st                 KST
 2  0      0 13600816   2272 1490784    0    0 578481 311123 301785 14970 11 18 71  0  0 2018-10-26 16:03:32
 2  0      0 13600816   2272 1490784    0    0 577817 310076 300972 15017 11 18 71  0  0 2018-10-26 16:03:42
 2  0      0 13600844   2272 1490804    0    0 575942 310038 300434 15296 11 17 71  0  0 2018-10-26 16:03:52
 2  0      0 13600580   2272 1490736    0    0 573626 308306 299246 15564 11 18 71  0  0 2018-10-26 16:04:02
 2  0      0 13600776   2272 1490740    0    0 573602 308537 299131 15312 11 18 71  0  0 2018-10-26 16:04:12
 2  0      0 13600804   2272 1490776    0    0 573728 309180 299461 15373 11 18 71  0  0 2018-10-26 16:04:22
 2  0      0 13600804   2272 1490780    0    0 573672 308398 299072 15769 11 18 71  0  0 2018-10-26 16:04:32
 2  0      0 13600804   2272 1490780    0    0 575206 309464 300114 16561 11 18 71  0  0 2018-10-26 16:04:42
 2  0      0 13600804   2272 1490796    0    0 575197 309287 299715 16514 11 18 71  0  0 2018-10-26 16:04:52
 2  0      0 13600500   2272 1491004    0    0 573881 309977 299892 16423 11 18 71  0  0 2018-10-26 16:05:02
 2  0      0 13600668   2272 1491000    0    0 576670 310628 300817 16638 11 18 71  0  0 2018-10-26 16:05:12
 2  0      0 13600556   2272 1491160    0    0 576949 310844 300896 16905 11 18 71  0  0 2018-10-26 16:05:22
 2  0      0 13600556   2272 1491160    0    0 576666 309903 300280 18308 11 18 71  0  0 2018-10-26 16:05:32
 2  0      0 13600556   2272 1491168    0    0 574456 309375 299560 18684 11 18 71  0  0 2018-10-26 16:05:42
 1  0      0 13600540   2272 1491216    0    0 568327 306197 296383 19754 11 18 72  0  0 2018-10-26 16:05:52
 2  0      0 13600604   2272 1490912    0    0 569967 306395 296886 19139 11 18 71  0  0 2018-10-26 16:06:02
 2  0      0 13600912   2272 1490912    0    0 565402 304786 295020 21225 11 17 72  0  0 2018-10-26 16:06:12
 2  0      0 13600960   2272 1490892    0    0 568008 305130 295720 21334 11 17 72  0  0 2018-10-26 16:06:22
 2  0      0 13600960   2272 1490896    0    0 566115 305013 294964 22490 11 17 72  0  0 2018-10-26 16:06:32
 2  0      0 13600960   2272 1490896    0    0 562506 302829 292928 23355 11 17 72  0  0 2018-10-26 16:06:42
 2  0      0 13600936   2272 1490884    0    0 561187 302618 292655 23121 11 17 72  0  0 2018-10-26 16:06:52
procs -----------memory---------- ---swap-- -----io---- -system-- ------cpu----- -----timestamp-----
 r  b   swpd   free   buff  cache   si   so    bi    bo   in   cs us sy id wa st                 KST
 2  0      0 13600612   2272 1490900    0    0 556902 299429 290185 24858 11 17 72  0  0 2018-10-26 16:07:02
 2  0      0 13600724   2272 1490884    0    0 561210 301630 292142 24548 11 17 72  0  0 2018-10-26 16:07:12
 2  0      0 13600732   2272 1490908    0    0 554569 298878 289100 27022 11 17 72  0  0 2018-10-26 16:07:22
 2  0      0 13600732   2272 1490908    0    0 551685 296972 287454 27648 11 17 72  0  0 2018-10-26 16:07:32
 1  0      0 13600620   2272 1490912    0    0 550202 295640 286508 28900 11 17 71  0  0 2018-10-26 16:07:42
 2  0      0 13600620   2272 1490924    0    0 544490 293231 283731 31012 11 17 72  0  0 2018-10-26 16:07:52
 2  0      0 13600416   2272 1491044    0    0 544975 292485 283552 30804 11 17 72  0  0 2018-10-26 16:08:02
 2  0      0 13600584   2272 1491048    0    0 545762 294423 284662 30408 11 17 72  0  0 2018-10-26 16:08:12
 1  0      0 13600528   2272 1491080    0    0 544360 293612 284095 31607 11 17 72  0  0 2018-10-26 16:08:22
 3  0      0 13600528   2272 1491084    0    0 543657 292838 283117 30980 11 17 73  0  0 2018-10-26 16:08:32
 2  0      0 13600528   2272 1491084    0    0 540072 290681 281097 35586 11 17 73  0  0 2018-10-26 16:08:42
 2  0      0 13600500   2272 1491100    0    0 534621 287764 278497 34869 11 16 73  0  0 2018-10-26 16:08:52
 2  0      0 13600196   2272 1491132    0    0 535090 288166 278862 35831 11 17 73  0  0 2018-10-26 16:09:02
 2  0      0 13600424   2272 1491068    0    0 531464 287023 277142 35792 10 17 73  0  0 2018-10-26 16:09:12
 2  0      0 13600476   2272 1491072    0    0 531681 286287 276895 37037 11 16 73  0  0 2018-10-26 16:09:22
 1  0      0 13600476   2272 1491076    0    0 532325 286612 277273 36784 11 16 73  0  0 2018-10-26 16:09:32
 2  0      0 13600476   2272 1491080    0    0 526126 282946 273877 38313 11 16 73  0  0 2018-10-26 16:09:42
 1  0      0 13600448   2272 1491096    0    0 528864 284614 275390 37404 11 16 73  0  0 2018-10-26 16:09:52
 2  0      0 13600504   2272 1490964    0    0 524270 281918 272922 39441 10 16 73  0  0 2018-10-26 16:10:02
 2  0      0 13600816   2272 1490912    0    0 523097 281549 272421 40992 10 16 73  0  0 2018-10-26 16:10:12
 2  0      0 13600740   2272 1490956    0    0 522004 281692 272217 40417 11 16 73  0  0 2018-10-26 16:10:22
procs -----------memory---------- ---swap-- -----io---- -system-- ------cpu----- -----timestamp-----
 r  b   swpd   free   buff  cache   si   so    bi    bo   in   cs us sy id wa st                 KST
 2  0      0 13600740   2272 1490960    0    0 522788 281398 272277 40744 10 16 73  0  0 2018-10-26 16:10:32
 2  0      0 13600740   2272 1490960    0    0 516528 278004 268972 42707 10 16 74  0  0 2018-10-26 16:10:42
 2  0      0 13600684   2272 1491052    0    0 517221 278617 269491 42238 10 16 74  0  0 2018-10-26 16:10:52
 1  0      0 13600116   2272 1491128    0    0 516825 277976 269062 43018 10 16 74  0  0 2018-10-26 16:11:02
 2  0      0 13600368   2272 1491132    0    0 511281 275214 266424 44815 10 16 74  0  0 2018-10-26 16:11:12
 3  0      0 13600396   2272 1491168    0    0 512055 275078 266398 45379 10 16 74  0  0 2018-10-26 16:11:22
 0  0      0 13600312   2272 1491124    0    0 511518 275685 266511 44513 10 16 74  0  0 2018-10-26 16:11:32
 2  0      0 13600312   2272 1491124    0    0 507842 273198 264100 47354 10 16 74  0  0 2018-10-26 16:11:42
 1  0      0 13600312   2272 1491144    0    0 506563 273290 264108 48186 10 16 74  0  0 2018-10-26 16:11:52
 3  0      0 13600052   2272 1491152    0    0 504845 271548 262774 46239 10 16 74  0  0 2018-10-26 16:12:02
 2  0      0 13600332   2272 1491152    0    0 501400 269723 261073 48475 10 15 74  0  0 2018-10-26 16:12:12
 2  0      0 13600332   2272 1491184    0    0 500429 269995 260894 49390 10 16 74  0  0 2018-10-26 16:12:22
 2  0      0 13600332   2272 1491184    0    0 499512 269176 260281 49763 10 15 74  0  0 2018-10-26 16:12:32
 2  0      0 13600332   2272 1491188    0    0 500657 269977 260943 50430 10 15 74  0  0 2018-10-26 16:12:42
 2  0      0 13600304   2272 1491204    0    0 497210 267702 258887 51688 10 15 75  0  0 2018-10-26 16:12:52
 1  0      0 13600320   2272 1491128    0    0 494062 266587 257564 52523 10 15 74  0  0 2018-10-26 16:13:02
 2  0      0 13600320   2272 1491092    0    0 492712 265333 256647 52265 10 15 75  0  0 2018-10-26 16:13:12
 2  0      0 13600348   2272 1491120    0    0 494894 266119 257524 51706 10 15 75  0  0 2018-10-26 16:13:22
 2  0      0 13600348   2272 1491124    0    0 490740 263448 255088 53441 10 15 75  0  0 2018-10-26 16:13:32
 1  0      0 13600348   2272 1491124    0    0 486473 262608 253754 53260 10 15 75  0  0 2018-10-26 16:13:42
 2  0      0 13600348   2272 1491136    0    0 486844 262552 253729 53779 10 15 75  0  0 2018-10-26 16:13:52
procs -----------memory---------- ---swap-- -----io---- -system-- ------cpu----- -----timestamp-----
 r  b   swpd   free   buff  cache   si   so    bi    bo   in   cs us sy id wa st                 KST
 2  0      0 13600132   2272 1491096    0    0 484968 260614 252258 55447 10 15 75  0  0 2018-10-26 16:14:02
 2  0      0 13600356   2272 1491108    0    0 484456 260788 252217 54065 10 15 75  0  0 2018-10-26 16:14:12
 2  0      0 13600360   2272 1491108    0    0 483604 260487 251844 53674 10 15 75  0  0 2018-10-26 16:14:22
 3  0      0 13600360   2272 1491112    0    0 480506 258422 249980 55725 10 15 75  0  0 2018-10-26 16:14:32
 2  0      0 13600360   2272 1491112    0    0 479908 258658 250020 54681 10 15 75  0  0 2018-10-26 16:14:42
 2  0      0 13600360   2272 1491128    0    0 479109 257732 249229 56619 10 15 75  0  0 2018-10-26 16:14:52
 1  0      0 13600048   2272 1491264    0    0 477275 257397 248777 57023 10 15 75  0  0 2018-10-26 16:15:02
 0  0      0 13600160   2272 1491272    0    0 475064 256307 247688 56876 10 15 75  0  0 2018-10-26 16:15:12
 2  0      0 13600100   2272 1491404    0    0 475703 255913 247547 58872 10 15 75  0  0 2018-10-26 16:15:22
 3  0      0 13600196   2272 1491308    0    0 475287 256422 247695 58398 10 15 76  0  0 2018-10-26 16:15:32
 1  0      0 13600196   2272 1491308    0    0 472680 255337 246503 56675 10 15 75  0  0 2018-10-26 16:15:42
 2  0      0 13600156   2272 1491324    0    0 470268 253268 244851 56486 10 15 76  0  0 2018-10-26 16:15:52
 2  0      0 13599544   2272 1491452    0    0 465577 250656 242366 57152 10 15 76  0  0 2018-10-26 16:16:02
 2  0      0 13600284   2272 1491208    0    0 465300 250627 242404 55723 10 15 76  0  0 2018-10-26 16:16:12
 2  0      0 13600284   2272 1491184    0    0 464934 250822 242460 57782 10 15 76  0  0 2018-10-26 16:16:22
 2  0      0 13600284   2272 1491184    0    0 468592 252206 243841 56392 10 15 76  0  0 2018-10-26 16:16:32
 2  0      0 13600284   2272 1491188    0    0 466187 251037 242665 58556 10 14 76  0  0 2018-10-26 16:16:42
 1  0      0 13600296   2272 1491164    0    0 462050 249022 240892 58610 10 14 76  0  0 2018-10-26 16:16:52
 2  0      0 13600044   2272 1491136    0    0 460695 248408 240037 60184 10 15 76  0  0 2018-10-26 16:17:02
 2  0      0 13600232   2272 1491084    0    0 458732 247382 239099 62332 10 14 76  0  0 2018-10-26 16:17:12
 2  0      0 13600328   2272 1491080    0    0 458715 246666 238728 61814 10 14 76  0  0 2018-10-26 16:17:22
procs -----------memory---------- ---swap-- -----io---- -system-- ------cpu----- -----timestamp-----
 r  b   swpd   free   buff  cache   si   so    bi    bo   in   cs us sy id wa st                 KST
 2  0      0 13600328   2272 1491084    0    0 461038 248209 240206 61293  9 15 76  0  0 2018-10-26 16:17:32
 2  0      0 13600188   2272 1491084    0    0 457164 245368 237769 62405 10 14 75  0  0 2018-10-26 16:17:42
 1  0      0 13600216   2272 1491104    0    0 452573 243821 235753 61015  9 14 76  0  0 2018-10-26 16:17:52
 1  0      0 13599712   2272 1491072    0    0 451430 243606 235460 63067  9 14 76  0  0 2018-10-26 16:18:02
 2  0      0 13600376   2272 1490956    0    0 449754 241976 234150 60009 10 14 76  0  0 2018-10-26 16:18:12
 3  0      0 13600464   2272 1490952    0    0 450596 243018 234834 58916  9 15 76  0  0 2018-10-26 16:18:22
 3  0      0 13600464   2272 1490952    0    0 453057 243592 235666 59261  9 14 76  0  0 2018-10-26 16:18:32
 2  0      0 13600464   2272 1490956    0    0 454003 244351 236288 63639 10 14 76  0  0 2018-10-26 16:18:42
 1  0      0 13600464   2272 1490968    0    0 448869 241623 233704 63402 10 14 76  0  0 2018-10-26 16:18:52
 3  0      0 13600212   2272 1491128    0    0 446476 240491 232781 64175  9 14 76  0  0 2018-10-26 16:19:02
 0  0      0 13600324   2272 1491148    0    0 445031 239772 231857 62984  9 14 76  0  0 2018-10-26 16:19:12
 2  0      0 13600268   2272 1491180    0    0 442878 238332 230560 62668  9 14 76  0  0 2018-10-26 16:19:22
 2  0      0 13600268   2272 1491180    0    0 443206 238752 230819 64233  9 14 77  0  0 2018-10-26 16:19:32
 2  0      0 13600268   2272 1491184    0    0 443600 238346 230880 65344  9 14 77  0  0 2018-10-26 16:19:42
 2  0      0 13600268   2272 1491204    0    0 443695 239462 231295 65619  9 14 77  0  0 2018-10-26 16:19:52
 2  0      0 13600068   2272 1491384    0    0 442993 238572 230785 66511  9 14 76  0  0 2018-10-26 16:20:02
 1  0      0 13600116   2272 1491328    0    0 438877 235562 228188 67472  9 14 77  0  0 2018-10-26 16:20:12
 2  0      0 13600052   2272 1491436    0    0 439606 236737 228961 65578  9 14 77  0  0 2018-10-26 16:20:22
 2  0      0 13600024   2272 1491440    0    0 437290 234903 227455 65960  9 14 77  0  0 2018-10-26 16:20:32
 1  0      0 13600024   2272 1491440    0    0 436612 234946 227315 66641  9 14 77  0  0 2018-10-26 16:20:42
 2  0      0 13599960   2272 1491544    0    0 435122 234171 226506 65452  9 14 77  0  0 2018-10-26 16:20:52
procs -----------memory---------- ---swap-- -----io---- -system-- ------cpu----- -----timestamp-----
 r  b   swpd   free   buff  cache   si   so    bi    bo   in   cs us sy id wa st                 KST
 2  0      0 13599564   2272 1491600    0    0 434651 234620 226672 66516 10 14 77  0  0 2018-10-26 16:21:02
 2  0      0 13599620   2272 1491596    0    0 430586 232084 224595 65201  9 14 77  0  0 2018-10-26 16:21:12
 2  0      0 13599620   2272 1491572    0    0 433226 233337 225624 63343  9 14 77  0  0 2018-10-26 16:21:22
 3  0      0 13599620   2272 1491572    0    0 434629 233908 226182 63293  9 14 77  0  0 2018-10-26 16:21:32
 2  0      0 13599620   2272 1491576    0    0 431816 232836 224947 65504  9 14 77  0  0 2018-10-26 16:21:42
 1  0      0 13599648   2272 1491588    0    0 432782 233086 225487 67466  9 14 77  0  0 2018-10-26 16:21:52
 2  0      0 13599464   2272 1491688    0    0 428342 230770 223191 68308  9 14 77  0  0 2018-10-26 16:22:02
 2  0      0 13599520   2272 1491692    0    0 424602 229026 221325 67797  9 14 77  0  0 2018-10-26 16:22:12
 2  0      0 13599520   2272 1491720    0    0 424777 228946 221263 67953  9 14 77  0  0 2018-10-26 16:22:22
 2  0      0 13599520   2272 1491724    0    0 426175 229624 222074 62546  9 14 77  0  0 2018-10-26 16:22:32
 2  0      0 13599552   2272 1491692    0    0 422511 227660 220081 63527  9 14 77  0  0 2018-10-26 16:22:42
 1  0      0 13599580   2272 1491708    0    0 423690 228006 220409 62580  9 14 77  0  0 2018-10-26 16:22:52
 1  0      0 13599452   2272 1491680    0    0 423672 228762 221001 64505  9 14 77  0  0 2018-10-26 16:23:02
 1  0      0 13599564   2272 1491680    0    0 423151 228054 220498 69049  9 14 77  0  0 2018-10-26 16:23:12
 1  0      0 13599564   2272 1491708    0    0 422039 228049 220139 64898  9 14 77  0  0 2018-10-26 16:23:22
 1  0      0 13599564   2272 1491712    0    0 421366 226858 219223 63419  9 14 77  0  0 2018-10-26 16:23:32
 2  0      0 13599564   2272 1491712    0    0 422263 227003 219521 62440  9 14 77  0  0 2018-10-26 16:23:42
 1  0      0 13599544   2272 1491724    0    0 420791 227045 219284 60796  9 14 77  0  0 2018-10-26 16:23:52
 2  0      0 13599684   2272 1491504    0    0 420013 226346 218970 60889  9 14 77  0  0 2018-10-26 16:24:02
 1  0      0 13599888   2272 1491516    0    0 418671 225172 217969 65133  9 14 77  0  0 2018-10-26 16:24:12
 2  0      0 13599888   2272 1491544    0    0 418906 225549 217972 67551  9 14 77  0  0 2018-10-26 16:24:22
procs -----------memory---------- ---swap-- -----io---- -system-- ------cpu----- -----timestamp-----
 r  b   swpd   free   buff  cache   si   so    bi    bo   in   cs us sy id wa st                 KST
 3  0      0 13599888   2272 1491544    0    0 416719 224264 216922 69675  9 14 77  0  0 2018-10-26 16:24:32
 3  0      0 13599888   2272 1491548    0    0 415373 223870 216528 67821  9 14 78  0  0 2018-10-26 16:24:42
 2  0      0 13599888   2272 1491560    0    0 414102 224107 216132 69862  9 14 78  0  0 2018-10-26 16:24:52
 2  0      0 13599588   2272 1491700    0    0 412328 221920 214881 70729  9 14 77  0  0 2018-10-26 16:25:02
 2  0      0 13599740   2272 1491616    0    0 410360 220905 213660 68857  9 14 77  0  0 2018-10-26 16:25:12
 2  0      0 13599728   2272 1491652    0    0 413272 222635 215220 62271  9 14 77  0  0 2018-10-26 16:25:22
 3  0      0 13599736   2272 1491644    0    0 413235 223032 215528 65024  9 14 77  0  0 2018-10-26 16:25:32
 0  0      0 13599652   2272 1491644    0    0 410572 220916 213633 66669  9 14 77  0  0 2018-10-26 16:25:42
 2  0      0 13599568   2272 1491792    0    0 409864 220983 213606 67995  9 13 77  0  0 2018-10-26 16:25:52
 1  0      0 13599132   2272 1491932    0    0 410707 221465 213978 68959  9 14 78  0  0 2018-10-26 16:26:02
 2  0      0 13599436   2272 1491852    0    0 408860 220250 212958 70063  9 14 78  0  0 2018-10-26 16:26:12
 2  0      0 13599408   2272 1491884    0    0 407524 219552 212324 71027  9 13 78  0  0 2018-10-26 16:26:22
 1  0      0 13599416   2272 1491876    0    0 406981 219375 211957 70527  9 13 78  0  0 2018-10-26 16:26:32
 1  0      0 13599416   2272 1491876    0    0 406242 218988 211517 67210  9 13 78  0  0 2018-10-26 16:26:42
 3  0      0 13599416   2272 1491892    0    0 407356 218868 211962 67345  9 14 78  0  0 2018-10-26 16:26:52
 1  0      0 13598972   2272 1492000    0    0 406300 218228 211317 68297  9 13 78  0  0 2018-10-26 16:27:02
 2  0      0 13599364   2272 1491964    0    0 403425 217172 210108 69388  9 13 78  0  0 2018-10-26 16:27:12
 3  0      0 13599336   2272 1491992    0    0 403441 216921 209830 69493  9 13 78  0  0 2018-10-26 16:27:22
 0  0      0 13599336   2272 1491992    0    0 405086 218026 210734 62986  9 14 78  0  0 2018-10-26 16:27:32
 2  0      0 13599196   2272 1491996    0    0 402923 217322 210124 65460  9 13 76  1  0 2018-10-26 16:27:42
 2  0      0 13599168   2272 1492012    0    0 403346 217134 210007 61649  9 14 78  0  0 2018-10-26 16:27:52
procs -----------memory---------- ---swap-- -----io---- -system-- ------cpu----- -----timestamp-----
 r  b   swpd   free   buff  cache   si   so    bi    bo   in   cs us sy id wa st                 KST
 2  0      0 13599216   2272 1492044    0    0 400652 215852 208890 65875  9 14 77  0  0 2018-10-26 16:28:02
 2  0      0 13599224   2272 1492040    0    0 403415 217002 209882 62218  9 14 78  0  0 2018-10-26 16:28:12
 2  0      0 13599224   2272 1492076    0    0 402421 216913 209550 65763  9 13 78  0  0 2018-10-26 16:28:22
 1  0      0 13599224   2272 1492076    0    0 400547 215971 208773 69018  9 13 78  0  0 2018-10-26 16:28:32
 3  0      0 13599224   2272 1492080    0    0 399247 215162 207999 70037  9 13 78  0  0 2018-10-26 16:28:42
 0  0      0 13599224   2272 1492096    0    0 398040 214292 207177 70183  9 13 78  0  0 2018-10-26 16:28:52
 2  0      0 13598976   2272 1492012    0    0 398116 214670 207539 68206  9 13 78  0  0 2018-10-26 16:29:02
 2  0      0 13599144   2272 1492012    0    0 396196 213504 206356 71711  9 13 78  0  0 2018-10-26 16:29:12
 2  0      0 13599144   2272 1492044    0    0 396088 213157 206122 70891  9 13 78  0  0 2018-10-26 16:29:22
 2  0      0 13599144   2272 1492044    0    0 394300 212714 205506 70599  9 13 78  0  0 2018-10-26 16:29:32
 2  0      0 13599144   2272 1492048    0    0 395942 213065 206173 70051  9 13 78  0  0 2018-10-26 16:29:42
 1  0      0 13599116   2272 1492060    0    0 397169 213135 206455 68018  9 13 78  0  0 2018-10-26 16:29:52
 1  0      0 13599528   2272 1492048    0    0 396320 213543 206440 68000  9 13 78  0  0 2018-10-26 16:30:02
 2  0      0 13599284   2272 1492108    0    0 395936 213893 206510 67731  9 13 78  0  0 2018-10-26 16:30:12
 2  0      0 13599292   2272 1492092    0    0 395773 212893 206017 71567  9 13 78  0  0 2018-10-26 16:30:22
 2  0      0 13599292   2272 1492096    0    0 394022 212036 205105 72048  9 13 78  0  0 2018-10-26 16:30:32
 1  0      0 13599292   2272 1492096    0    0 391162 211287 203971 71800  9 13 78  0  0 2018-10-26 16:30:42
 1  0      0 13599240   2272 1492152    0    0 393217 211791 204758 68183  9 13 78  0  0 2018-10-26 16:30:52
 2  0      0 13598792   2272 1492284    0    0 391429 210253 203581 68897  9 13 78  0  0 2018-10-26 16:31:02
 2  0      0 13598972   2272 1492244    0    0 393388 210998 204378 64736  9 13 78  0  0 2018-10-26 16:31:12
 2  0      0 13598960   2272 1492260    0    0 391874 210669 203840 65905  9 13 78  0  0 2018-10-26 16:31:22
procs -----------memory---------- ---swap-- -----io---- -system-- ------cpu----- -----timestamp-----
 r  b   swpd   free   buff  cache   si   so    bi    bo   in   cs us sy id wa st                 KST
 2  0      0 13598960   2272 1492260    0    0 390100 210292 203094 68891  9 13 78  0  0 2018-10-26 16:31:32
 1  0      0 13598960   2272 1492260    0    0 389861 209650 202805 69069  9 13 78  0  0 2018-10-26 16:31:42
 1  0      0 13598960   2272 1492272    0    0 388560 209062 202525 71520  9 13 78  0  0 2018-10-26 16:31:52
 2  0      0 13598764   2272 1492228    0    0 388695 209310 202309 71847  9 13 78  0  0 2018-10-26 16:32:02
 1  0      0 13598896   2272 1492236    0    0 387447 209034 201957 70797  9 13 78  0  0 2018-10-26 16:32:12
 1  0      0 13598868   2272 1492272    0    0 388502 209105 202162 69705  9 13 78  0  0 2018-10-26 16:32:22
 0  0      0 13598868   2272 1492272    0    0 387750 208641 201695 68679  9 13 78  0  0 2018-10-26 16:32:32
 0  0      0 13598868   2272 1492272    0    0 387968 209250 202073 66254  9 13 78  0  0 2018-10-26 16:32:42
 2  0      0 13598868   2272 1492292    0    0 386962 208467 201496 67881  9 13 78  0  0 2018-10-26 16:32:52
 1  0      0 13598136   2272 1492456    0    0 385147 207844 200851 70516  9 13 78  0  0 2018-10-26 16:33:02
 2  0      0 13598688   2272 1492368    0    0 384444 206920 200156 70430  9 13 78  0  0 2018-10-26 16:33:12
 2  0      0 13598668   2272 1492388    0    0 383565 206967 200127 71294  9 13 78  0  0 2018-10-26 16:33:22
 2  0      0 13598668   2272 1492388    0    0 383700 206268 199732 71565  9 13 78  0  0 2018-10-26 16:33:32
 3  0      0 13598728   2272 1492360    0    0 383178 206008 199437 72235  9 13 78  0  0 2018-10-26 16:33:42
 0  0      0 13598728   2272 1492376    0    0 385424 207561 200638 69104  9 13 78  0  0 2018-10-26 16:33:52
 1  0      0 13598336   2272 1492604    0    0 383495 206298 199601 70146  9 13 78  0  0 2018-10-26 16:34:02
 0  0      0 13598568   2272 1492616    0    0 382463 206228 199239 69087  9 13 78  0  0 2018-10-26 16:34:12
 2  0      0 13598512   2272 1492640    0    0 383109 206210 199386 69674  9 13 78  0  0 2018-10-26 16:34:22
 2  0      0 13598512   2272 1492644    0    0 380589 205222 198333 73468  9 13 78  0  0 2018-10-26 16:34:32
 2  0      0 13598512   2272 1492648    0    0 379415 204883 197977 71729  9 13 78  0  0 2018-10-26 16:34:42
 2  0      0 13598512   2272 1492664    0    0 376902 202998 196328 70889  8 13 79  0  0 2018-10-26 16:34:52
procs -----------memory---------- ---swap-- -----io---- -system-- ------cpu----- -----timestamp-----
 r  b   swpd   free   buff  cache   si   so    bi    bo   in   cs us sy id wa st                 KST
 2  0      0 13597684   2272 1492576    0    0 379146 203626 197096 70846  9 13 78  0  0 2018-10-26 16:35:02
 3  0      0 13598484   2272 1492548    0    0 378745 204364 197365 70577  9 13 78  0  0 2018-10-26 16:35:12
 3  0      0 13598448   2272 1492612    0    0 380762 205628 198529 66029  9 13 78  0  0 2018-10-26 16:35:22
 2  0      0 13598456   2272 1492604    0    0 381265 205454 198675 69392  9 13 78  0  0 2018-10-26 16:35:32
 2  0      0 13598456   2272 1492608    0    0 379296 203930 197339 71993  8 13 79  0  0 2018-10-26 16:35:42
 2  0      0 13598408   2272 1492636    0    0 379566 204812 197853 71772  9 13 79  0  0 2018-10-26 16:35:52
 1  0      0 13598256   2272 1492688    0    0 374126 201463 194918 70493  8 13 79  0  0 2018-10-26 16:36:02
 2  0      0 13598456   2272 1492652    0    0 377378 203132 196491 69791  9 13 79  0  0 2018-10-26 16:36:12
 2  0      0 13598428   2272 1492680    0    0 376138 201981 195543 72809  9 13 79  0  0 2018-10-26 16:36:22
 2  0      0 13598428   2272 1492684    0    0 378334 202924 196631 69846  9 13 79  0  0 2018-10-26 16:36:32
 1  0      0 13598428   2272 1492684    0    0 376582 202423 195815 71439  8 13 79  0  0 2018-10-26 16:36:42
 1  0      0 13598428   2272 1492700    0    0 376052 202115 195610 71293  8 13 79  0  0 2018-10-26 16:36:52
 3  0      0 13598336   2272 1492580    0    0 374634 201494 194934 72671  8 13 79  0  0 2018-10-26 16:37:02
 2  0      0 13598420   2272 1492588    0    0 375045 202238 195508 69841  9 13 78  0  0 2018-10-26 16:37:12
 2  0      0 13598448   2272 1492616    0    0 376612 202796 196004 68772  9 13 79  0  0 2018-10-26 16:37:22
 1  0      0 13598448   2272 1492620    0    0 377038 203276 196314 67280  9 13 79  0  0 2018-10-26 16:37:32
 1  0      0 13598420   2272 1492624    0    0 374930 202092 195569 67923  9 13 77  1  0 2018-10-26 16:37:42
 1  0      0 13598392   2272 1492636    0    0 377175 202825 196196 65388  9 13 78  0  0 2018-10-26 16:37:52
 1  0      0 13598152   2272 1492660    0    0 372937 200768 194281 71743  9 13 79  0  0 2018-10-26 16:38:02
 0  0      0 13598408   2272 1492640    0    0 370362 199552 193089 73017  8 13 79  0  0 2018-10-26 16:38:12
 2  0      0 13598380   2272 1492676    0    0 367390 197450 191333 71769  8 13 79  0  0 2018-10-26 16:38:22
procs -----------memory---------- ---swap-- -----io---- -system-- ------cpu----- -----timestamp-----
 r  b   swpd   free   buff  cache   si   so    bi    bo   in   cs us sy id wa st                 KST
 1  0      0 13598380   2272 1492680    0    0 368607 198088 191715 73430  8 13 79  0  0 2018-10-26 16:38:32
 2  0      0 13598380   2272 1492680    0    0 373102 200661 193978 72803  9 13 79  0  0 2018-10-26 16:38:42
 2  0      0 13598408   2272 1492696    0    0 371960 200319 193559 72762  9 13 79  0  0 2018-10-26 16:38:52
 1  0      0 13598124   2272 1492700    0    0 368764 199284 192588 75621  8 13 79  0  0 2018-10-26 16:39:02
 1  0      0 13598320   2272 1492724    0    0 368838 198648 192137 74697  8 13 79  0  0 2018-10-26 16:39:12
 0  0      0 13598344   2272 1492732    0    0 369594 198958 192377 73791  9 13 79  0  0 2018-10-26 16:39:22
 1  0      0 13598344   2272 1492732    0    0 369499 198924 192319 73493  8 13 79  0  0 2018-10-26 16:39:32
 2  0      0 13598376   2272 1492700    0    0 367405 198480 191599 76477  8 13 79  0  0 2018-10-26 16:39:42
 2  0      0 13598432   2272 1492720    0    0 369202 199155 192471 74104  9 13 79  0  0 2018-10-26 16:39:52
 2  0      0 13598464   2272 1492536    0    0 365149 196691 190299 73824  9 13 79  0  0 2018-10-26 16:40:02
 2  0      0 13598432   2272 1492604    0    0 363288 195883 189508 75015  8 12 79  0  0 2018-10-26 16:40:12
 0  0      0 13598408   2272 1492620    0    0 366967 197706 191151 73681  8 13 79  0  0 2018-10-26 16:40:22
 2  0      0 13598408   2272 1492620    0    0 367107 197995 191412 74279  8 13 79  0  0 2018-10-26 16:40:32
 1  0      0 13598408   2272 1492620    0    0 364052 196039 189632 73169  8 13 79  0  0 2018-10-26 16:40:42
 2  0      0 13598268   2272 1492768    0    0 364368 195849 189536 74232  8 13 79  0  0 2018-10-26 16:40:52
 3  0      0 13598056   2272 1492660    0    0 368572 198309 191914 71619  8 13 79  0  0 2018-10-26 16:41:02
 1  0      0 13598316   2272 1492664    0    0 367225 197734 191294 71009  8 13 79  0  0 2018-10-26 16:41:12
 0  0      0 13598332   2272 1492680    0    0 366236 196601 190422 70826  8 13 79  0  0 2018-10-26 16:41:22
 2  0      0 13598340   2272 1492672    0    0 367868 198147 191451 69670  8 13 79  0  0 2018-10-26 16:41:32
 1  0      0 13598340   2272 1492676    0    0 366005 197340 190658 72113  8 13 79  0  0 2018-10-26 16:41:42
 1  0      0 13598312   2272 1492692    0    0 364667 196720 189990 73643  8 13 79  0  0 2018-10-26 16:41:52
procs -----------memory---------- ---swap-- -----io---- -system-- ------cpu----- -----timestamp-----
 r  b   swpd   free   buff  cache   si   so    bi    bo   in   cs us sy id wa st                 KST
 2  0      0 13597872   2272 1492880    0    0 362863 194617 188612 76367  8 13 79  0  0 2018-10-26 16:42:02
 2  0      0 13598124   2272 1492768    0    0 363191 194608 188714 75075  8 13 79  0  0 2018-10-26 16:42:12
 2  0      0 13598152   2272 1492796    0    0 362592 194968 188650 74852  8 13 79  0  0 2018-10-26 16:42:22
 1  0      0 13598152   2272 1492800    0    0 362196 195294 188616 76034  8 12 79  0  0 2018-10-26 16:42:32
 3  0      0 13598152   2272 1492800    0    0 362223 194988 188607 75670  8 13 79  0  0 2018-10-26 16:42:42
 3  0      0 13598152   2272 1492812    0    0 361648 194390 188073 72678  8 12 79  0  0 2018-10-26 16:42:52
 1  0      0 13597820   2272 1492928    0    0 363006 195137 188854 73785  8 13 79  0  0 2018-10-26 16:43:02
 3  0      0 13598100   2272 1492948    0    0 359313 193729 187344 72518  8 13 79  0  0 2018-10-26 16:43:12
 1  0      0 13598100   2272 1492980    0    0 361169 194732 188146 71650  8 13 79  0  0 2018-10-26 16:43:22
 0  0      0 13598100   2272 1492980    0    0 364733 196352 189762 70600  8 13 79  0  0 2018-10-26 16:43:32
 2  0      0 13598100   2272 1492980    0    0 362920 194999 188840 73171  8 13 79  0  0 2018-10-26 16:43:42
 2  0      0 13598052   2272 1492992    0    0 364580 196605 189850 70886  8 13 79  0  0 2018-10-26 16:43:52
 0  0      0 13597712   2272 1492992    0    0 362727 195612 188961 69942  9 12 79  0  0 2018-10-26 16:44:02
 0  0      0 13597824   2272 1493016    0    0 362434 195365 188713 69488  8 13 79  0  0 2018-10-26 16:44:12
 1  0      0 13597824   2272 1493044    0    0 362987 195792 189070 70371  8 12 79  0  0 2018-10-26 16:44:22
 2  0      0 13597824   2272 1493044    0    0 360472 194362 187792 73791  8 13 79  0  0 2018-10-26 16:44:32
 2  0      0 13597824   2272 1493048    0    0 356411 192672 186047 74529  8 12 79  0  0 2018-10-26 16:44:42
 2  0      0 13597796   2272 1493064    0    0 358508 193077 186752 75344  8 12 79  0  0 2018-10-26 16:44:52
 1  0      0 13597700   2272 1493016    0    0 357193 192914 186313 75553  8 13 79  0  0 2018-10-26 16:45:02
 1  0      0 13597824   2272 1493036    0    0 357420 192706 186291 75540  8 13 79  0  0 2018-10-26 16:45:12
 1  0      0 13597824   2272 1493084    0    0 357120 192030 185841 75331  8 12 79  0  0 2018-10-26 16:45:22
procs -----------memory---------- ---swap-- -----io---- -system-- ------cpu----- -----timestamp-----
 r  b   swpd   free   buff  cache   si   so    bi    bo   in   cs us sy id wa st                 KST
 2  0      0 13597824   2272 1493088    0    0 358641 193168 186846 75984  8 12 79  0  0 2018-10-26 16:45:32
 2  0      0 13597852   2272 1493072    0    0 359382 193097 186871 74570  8 12 79  0  0 2018-10-26 16:45:42
 0  0      0 13597808   2272 1493120    0    0 357623 192374 186002 76011  8 12 79  0  0 2018-10-26 16:45:52
 1  0      0 13597572   2272 1493136    0    0 356587 192117 185851 76593  8 12 79  0  0 2018-10-26 16:46:02
 3  0      0 13597796   2272 1493136    0    0 357929 192327 186300 72555  8 12 79  0  0 2018-10-26 16:46:12
 1  0      0 13597816   2272 1493120    0    0 359491 193177 186897 70730  8 13 79  0  0 2018-10-26 16:46:22
 2  0      0 13597816   2272 1493120    0    0 358019 192715 186287 72717  8 12 79  0  0 2018-10-26 16:46:32
 1  0      0 13597816   2272 1493120    0    0 358739 193029 186648 72825  8 13 79  0  0 2018-10-26 16:46:42
 2  0      0 13597844   2272 1493140    0    0 359752 193763 187274 70802  8 13 79  0  0 2018-10-26 16:46:52
 2  0      0 13597408   2272 1493208    0    0 357648 192932 186361 73660  8 12 79  0  0 2018-10-26 16:47:02
 1  0      0 13597688   2272 1493192    0    0 353784 191102 184450 76141  8 12 80  0  0 2018-10-26 16:47:12
 2  0      0 13597748   2272 1493184    0    0 354040 190768 184429 74273  8 12 79  0  0 2018-10-26 16:47:22
 0  0      0 13597748   2272 1493184    0    0 356735 192202 185792 70861  8 12 79  0  0 2018-10-26 16:47:32
 2  0      0 13597692   2272 1493188    0    0 355522 191615 185233 72770  9 13 78  0  0 2018-10-26 16:47:42
 2  0      0 13597692   2272 1493204    0    0 354140 190974 184484 75375  8 12 79  0  0 2018-10-26 16:47:52
 2  0      0 13597220   2272 1493292    0    0 355253 190362 184493 72519  8 12 79  0  0 2018-10-26 16:48:02
 2  0      0 13597644   2272 1493228    0    0 354770 191300 184801 74228  8 12 79  0  0 2018-10-26 16:48:12
 3  0      0 13597644   2272 1493260    0    0 353551 190150 184214 75097  8 12 79  0  0 2018-10-26 16:48:22
 1  0      0 13597644   2272 1493264    0    0 353956 190574 184365 74767  8 12 79  0  0 2018-10-26 16:48:32
 2  0      0 13597644   2272 1493264    0    0 354937 190968 184600 74834  8 12 79  0  0 2018-10-26 16:48:42
 2  0      0 13597644   2272 1493284    0    0 353795 190283 184026 73848  8 12 79  0  0 2018-10-26 16:48:52
procs -----------memory---------- ---swap-- -----io---- -system-- ------cpu----- -----timestamp-----
 r  b   swpd   free   buff  cache   si   so    bi    bo   in   cs us sy id wa st                 KST
 2  0      0 13597292   2272 1493368    0    0 346778 186724 180831 76311  8 12 80  0  0 2018-10-26 16:49:02
 1  0      0 13597460   2272 1493364    0    0 350151 188656 182374 75873  8 12 80  0  0 2018-10-26 16:49:12
 1  0      0 13597460   2272 1493400    0    0 349795 188376 182129 76553  8 12 80  0  0 2018-10-26 16:49:22
 2  0      0 13597460   2272 1493400    0    0 349772 188478 182255 76837  8 12 80  0  0 2018-10-26 16:49:32
 0  0      0 13597460   2272 1493400    0    0 352734 190130 183755 76425  8 12 80  0  0 2018-10-26 16:49:42
 1  0      0 13597460   2272 1493420    0    0 352442 189682 183542 74382  8 12 79  0  0 2018-10-26 16:49:52
 1  0      0 13596588   2272 1493660    0    0 353347 189930 183916 75341  8 12 79  0  0 2018-10-26 16:50:02
 2  0      0 13597384   2272 1493376    0    0 349907 188181 182144 75324  8 12 79  0  0 2018-10-26 16:50:12
 2  0      0 13597284   2272 1493492    0    0 349255 188120 181845 74556  8 12 79  0  0 2018-10-26 16:50:22
 0  0      0 13597316   2272 1493464    0    0 354324 190288 184111 73082  8 12 79  0  0 2018-10-26 16:50:32
 2  0      0 13597316   2272 1493464    0    0 352414 190449 183791 72299  8 12 80  0  0 2018-10-26 16:50:42
 2  0      0 13597220   2272 1493596    0    0 348924 187636 181538 73926  8 12 80  0  0 2018-10-26 16:50:52
 2  0      0 13597064   2272 1493496    0    0 350258 188851 182520 74919  8 12 79  0  0 2018-10-26 16:51:02
 2  0      0 13597288   2272 1493488    0    0 350349 188654 182460 72745  8 12 79  0  0 2018-10-26 16:51:12
 1  0      0 13597268   2272 1493512    0    0 351483 189132 182852 73091  8 12 80  0  0 2018-10-26 16:51:22
 1  0      0 13597268   2272 1493516    0    0 348978 187590 181636 75580  8 12 80  0  0 2018-10-26 16:51:32
 1  0      0 13597268   2272 1493516    0    0 350995 188958 182623 72729  8 12 79  0  0 2018-10-26 16:51:42
 1  0      0 13597268   2272 1493540    0    0 350207 188575 182361 71661  8 12 80  0  0 2018-10-26 16:51:52
 2  0      0 13596880   2272 1493788    0    0 351891 189244 183206 71572  8 12 79  0  0 2018-10-26 16:52:02
 0  0      0 13597112   2272 1493584    0    0 348206 187292 181214 74370  8 12 80  0  0 2018-10-26 16:52:12
 1  0      0 13597184   2272 1493548    0    0 350880 188830 182476 73116  8 12 79  0  0 2018-10-26 16:52:22
procs -----------memory---------- ---swap-- -----io---- -system-- ------cpu----- -----timestamp-----
 r  b   swpd   free   buff  cache   si   so    bi    bo   in   cs us sy id wa st                 KST
 0  0      0 13597256   2272 1493476    0    0 345871 186150 180172 76240  8 12 80  0  0 2018-10-26 16:52:32
 2  0      0 13597256   2272 1493480    0    0 350605 188423 182344 74109  8 12 80  0  0 2018-10-26 16:52:42
 2  0      0 13597256   2272 1493496    0    0 351798 189238 183013 72525  8 12 80  0  0 2018-10-26 16:52:52
 1  0      0 13597020   2272 1493492    0    0 350088 188234 182147 73369  8 12 79  0  0 2018-10-26 16:53:02
 1  0      0 13597284   2272 1493512    0    0 343913 184879 179126 77290  8 12 80  0  0 2018-10-26 16:53:12
 2  0      0 13597284   2272 1493536    0    0 346567 186336 180445 76991  8 12 80  0  0 2018-10-26 16:53:22
 2  0      0 13597284   2272 1493540    0    0 345205 186442 179979 74528  8 12 80  0  0 2018-10-26 16:53:32
 1  0      0 13597284   2272 1493540    0    0 339784 182930 176896 75493  8 12 80  0  0 2018-10-26 16:53:42
 2  0      0 13597256   2272 1493552    0    0 343794 185164 179093 78675  9 12 80  0  0 2018-10-26 16:53:52
 2  0      0 13596736   2272 1493748    0    0 346443 186794 180515 76314  8 12 80  0  0 2018-10-26 16:54:02
 0  0      0 13596776   2272 1493780    0    0 347190 187474 181034 73228  8 12 80  0  0 2018-10-26 16:54:12
 3  0      0 13596832   2272 1493816    0    0 347183 186536 180542 71944  8 12 80  0  0 2018-10-26 16:54:22
 2  0      0 13596832   2272 1493816    0    0 348552 187812 181452 70332  8 12 79  0  0 2018-10-26 16:54:32
 2  0      0 13596832   2272 1493816    0    0 345074 186302 179893 71136  8 12 79  0  0 2018-10-26 16:54:42
 2  0      0 13596832   2272 1493836    0    0 346835 186865 180629 70853  8 12 80  0  0 2018-10-26 16:54:52
 1  0      0 13597124   2272 1493568    0    0 340218 183866 177695 74655  8 13 79  0  0 2018-10-26 16:55:02
 2  0      0 13597096   2272 1493584    0    0 341834 183574 177867 76005  8 12 80  0  0 2018-10-26 16:55:12
 2  0      0 13597128   2272 1493596    0    0 345385 186334 179974 75287  8 12 80  0  0 2018-10-26 16:55:22
 1  0      0 13597160   2272 1493568    0    0 336358 181824 175653 75872  8 12 80  0  0 2018-10-26 16:55:32
 2  0      0 13597160   2272 1493516    0    0 347134 186951 180633 71366  8 12 80  0  0 2018-10-26 16:55:42
 1  0      0 13597092   2272 1493588    0    0 344211 185400 179029 71650  8 12 80  0  0 2018-10-26 16:55:52
procs -----------memory---------- ---swap-- -----io---- -system-- ------cpu----- -----timestamp-----
 r  b   swpd   free   buff  cache   si   so    bi    bo   in   cs us sy id wa st                 KST
 2  0      0 13596896   2272 1493676    0    0 352210 189486 183176 68098  8 12 79  0  0 2018-10-26 16:56:02
 1  0      0 13597244   2272 1493628    0    0 347375 186544 180534 69499  8 12 80  0  0 2018-10-26 16:56:12
 1  0      0 13597160   2272 1493644    0    0 342497 184223 178155 71380  8 12 80  0  0 2018-10-26 16:56:22
 1  0      0 13597160   2272 1493648    0    0 342258 184186 178038 74083  8 12 80  0  0 2018-10-26 16:56:32
 2  0      0 13597160   2272 1493648    0    0 345218 185949 179584 74906  8 12 80  0  0 2018-10-26 16:56:42
 1  0      0 13597160   2272 1493664    0    0 345013 185972 179700 75457  8 12 80  0  0 2018-10-26 16:56:52
 1  0      0 13596872   2272 1493676    0    0 344698 185947 179730 73976  8 12 80  0  0 2018-10-26 16:57:02
 2  0      0 13597124   2272 1493620    0    0 341578 184069 177925 73256  8 12 80  0  0 2018-10-26 16:57:12
 2  0      0 13597124   2272 1493652    0    0 344300 185489 179231 74086  8 12 80  0  0 2018-10-26 16:57:22
 2  0      0 13596368   2272 1493652    0    0 342116 184642 187525 91954  9 13 79  0  0 2018-10-26 16:57:32
 1  0      0 13590524   2272 1494120    0    0 338702 182772 194023 109490 10 14 75  1  0 2018-10-26 16:57:42
 1  0      0 13316284   2272 1500544    0    0 338146 182583 182888 88680 21 15 62  3  0 2018-10-26 16:57:52
 0  0      0 13319708   2272 1500688    0    0 340484 184064 178939 82029 11 13 76  0  0 2018-10-26 16:58:02
 2  0      0 13317776   2272 1500436    0    0 341807 184454 179382 80487 12 13 76  0  0 2018-10-26 16:58:12
 2  0      0 13282504   2272 1505064    0    0 339731 182968 203546 130174 14 15 70  1  0 2018-10-26 16:58:22
 2  0      0 13282600   2272 1505064    0    0 337954 181554 178738 85212 11 13 76  0  0 2018-10-26 16:58:32
 0  0      0 13282616   2272 1505068    0    0 336042 181330 177124 84553 11 13 76  0  0 2018-10-26 16:58:42
 0  0      0 13282480   2272 1505056    0    0 339224 183098 181755 86437 11 13 76  0  0 2018-10-26 16:58:52
 2  0      0 13280580   2272 1505404    0    0 345490 186064 186659 86232 11 14 75  0  0 2018-10-26 16:59:02
 2  0      0 13280920   2272 1505500    0    0 343528 185141 185906 88641 11 13 75  0  0 2018-10-26 16:59:12
 0  0      0 13280584   2272 1505608    0    0 341917 184606 184724 89579 11 13 75  0  0 2018-10-26 16:59:22
procs -----------memory---------- ---swap-- -----io---- -system-- ------cpu----- -----timestamp-----
 r  b   swpd   free   buff  cache   si   so    bi    bo   in   cs us sy id wa st                 KST
 2  0      0 13280640   2272 1505592    0    0 340783 183982 182180 85751 11 13 76  0  0 2018-10-26 16:59:32
 0  0      0 13280240   2272 1505592    0    0 339074 182875 180415 84723 11 13 76  0  0 2018-10-26 16:59:42
 2  0      0 13280176   2272 1505608    0    0 336660 181489 176965 81550 11 13 76  0  0 2018-10-26 16:59:52
 1  0      0 13280100   2272 1505780    0    0 338774 181956 177300 80678 11 13 76  0  0 2018-10-26 17:00:02
 2  0      0 13280048   2272 1505832    0    0 341158 183888 178797 79242 11 13 76  0  0 2018-10-26 17:00:12
 0  0      0 13280044   2272 1505864    0    0 340887 184489 178939 78787 11 13 76  0  0 2018-10-26 17:00:22
 2  0      0 13282440   2272 1505816    0    0 345826 186318 181002 72603 11 13 76  0  0 2018-10-26 17:00:32
 2  0      0 13282476   2272 1505784    0    0 346682 186929 181384 71665 11 13 76  0  0 2018-10-26 17:00:42
 2  0      0 13281928   2272 1505944    0    0 341598 184398 180425 80286 11 13 76  0  0 2018-10-26 17:00:52
 3  0      0 13281612   2272 1506032    0    0 335775 180573 181699 90566 11 13 75  0  0 2018-10-26 17:01:02
 1  0      0 13281824   2272 1505972    0    0 338661 182302 179322 81998 11 13 76  0  0 2018-10-26 17:01:12
 2  0      0 13281812   2272 1505960    0    0 339099 182316 180341 85153 11 13 76  0  0 2018-10-26 17:01:22
 1  0      0 13281840   2272 1505960    0    0 339808 183232 179939 84408 11 13 76  0  0 2018-10-26 17:01:32
 2  0      0 13275604   2272 1506056    0    0 338395 182086 177217 82640 11 13 76  0  0 2018-10-26 17:01:42
 0  0      0 13275688   2272 1506068    0    0 337741 182016 177010 82441 11 13 76  0  0 2018-10-26 17:01:52
 1  0      0 13275572   2272 1505852    0    0 336707 181517 176686 81830 11 13 76  0  0 2018-10-26 17:02:02
 2  0      0 13275704   2272 1505880    0    0 334410 179816 175189 81647 11 12 77  0  0 2018-10-26 17:02:12
 0  0      0 13275712   2272 1505900    0    0 336034 180580 175870 80241 11 13 76  0  0 2018-10-26 17:02:22
 1  0      0 13265636   2272 1505904    0    0 339901 183224 178293 80722 11 13 76  0  0 2018-10-26 17:02:32
 2  0      0 13265636   2272 1505904    0    0 341365 183734 178533 79502 11 13 76  0  0 2018-10-26 17:02:42
 1  0      0 13265664   2272 1505920    0    0 342046 183783 178789 76551 11 13 76  0  0 2018-10-26 17:02:52
procs -----------memory---------- ---swap-- -----io---- -system-- ------cpu----- -----timestamp-----
 r  b   swpd   free   buff  cache   si   so    bi    bo   in   cs us sy id wa st                 KST
 0  0      0 13280904   2272 1506016    0    0 340617 182712 178077 76660 11 13 76  0  0 2018-10-26 17:03:02
 2  0      0 13280912   2272 1506076    0    0 339199 182623 177581 74826 11 13 76  0  0 2018-10-26 17:03:12
 2  0      0 13280872   2272 1506096    0    0 339426 182869 177853 75838 11 13 76  0  0 2018-10-26 17:03:22
 1  0      0 13280956   2272 1506100    0    0 336887 182044 176648 76292 11 13 76  0  0 2018-10-26 17:03:32
 0  0      0 13281076   2272 1506104    0    0 344977 185721 180257 73708 11 13 76  0  0 2018-10-26 17:03:42
