Linux 4.19.0 (nvme-storage) 	10/26/2018 	_x86_64_	(8 CPU)

10/26/2018 01:44:02 PM
avg-cpu:  %user   %nice %system %iowait  %steal   %idle
           0.07    0.00    0.09    0.04    0.00   99.80

Device:         rrqm/s   wrqm/s     r/s     w/s    rMB/s    wMB/s avgrq-sz avgqu-sz   await r_await w_await  svctm  %util
sda               0.00     0.00    0.00    0.00     0.00     0.00    36.55     0.00    0.15    0.15    0.00   0.14   0.00
sdb               0.00     0.00    0.00    0.00     0.00     0.00    36.55     0.00    0.15    0.15    0.00   0.13   0.00
sdc               0.00     0.00    0.00    0.00     0.00     0.00    36.55     0.00    0.14    0.14    0.00   0.12   0.00
sdd               0.00     0.00    0.00    0.00     0.00     0.00    36.55     0.00    0.15    0.15    0.00   0.11   0.00
sde               0.01     0.04    0.30    0.31     0.01     0.00    52.98     0.00   12.92   12.85   12.99   2.38   0.15
nvme2n1           8.61     0.00  214.44   60.49     7.36     0.24    56.58     0.16    0.46    0.59    0.02   0.13   3.58
nvme1n1           0.00     0.00    0.00    0.00     0.00     0.00    37.89     0.00    0.06    0.06    0.00  38.37   0.02
nvme3n1           0.00     9.08  143.16  178.66     0.56     7.22    49.52     0.32    0.91    0.33    1.38   0.11   3.58
nvme0n1           0.00     0.00    0.00    0.00     0.00     0.00    30.24     0.00    0.03    0.03    0.00   0.03   0.00
md1               0.00     0.00    0.00    0.00     0.00     0.00    21.21     0.00    0.00    0.00    0.00   0.00   0.00

10/26/2018 01:44:12 PM
avg-cpu:  %user   %nice %system %iowait  %steal   %idle
           3.27    0.00    5.91    0.00    0.00   90.82

Device:         rrqm/s   wrqm/s     r/s     w/s    rMB/s    wMB/s avgrq-sz avgqu-sz   await r_await w_await  svctm  %util
sda               0.00     0.00    0.00    0.00     0.00     0.00     0.00     0.00    0.00    0.00    0.00   0.00   0.00
sdb               0.00     0.00    0.00    0.00     0.00     0.00     0.00     0.00    0.00    0.00    0.00   0.00   0.00
sdc               0.00     0.00    0.00    0.00     0.00     0.00     0.00     0.00    0.00    0.00    0.00   0.00   0.00
sdd               0.00     0.00    0.00    0.00     0.00     0.00     0.00     0.00    0.00    0.00    0.00   0.00   0.00
sde               0.00     0.00    0.00    0.00     0.00     0.00     0.00     0.00    0.00    0.00    0.00   0.00   0.00
nvme2n1         147.10     0.00 24706.00 12966.60   142.82    50.65    10.52    11.91    0.30    0.45    0.02   0.02  91.86
nvme1n1           0.00     0.00    0.00    0.00     0.00     0.00     0.00     0.00    0.00    0.00    0.00   0.00   0.00
nvme3n1           0.00   149.30 23096.20 13065.70    90.22    97.36    10.62    12.49    0.32    0.45    0.11   0.03 100.12
nvme0n1           0.00     0.00    0.00    0.00     0.00     0.00     0.00     0.00    0.00    0.00    0.00   0.00   0.00
md1               0.00     0.00    0.00    0.00     0.00     0.00     0.00     0.00    0.00    0.00    0.00   0.00   0.00

10/26/2018 01:44:22 PM
avg-cpu:  %user   %nice %system %iowait  %steal   %idle
           9.31    0.00   15.71    0.00    0.00   74.98

Device:         rrqm/s   wrqm/s     r/s     w/s    rMB/s    wMB/s avgrq-sz avgqu-sz   await r_await w_await  svctm  %util
sda               0.00     0.00    0.00    0.00     0.00     0.00     0.00     0.00    0.00    0.00    0.00   0.00   0.00
sdb               0.00     0.00    0.00    0.00     0.00     0.00     0.00     0.00    0.00    0.00    0.00   0.00   0.00
sdc               0.00     0.00    0.00    0.00     0.00     0.00     0.00     0.00    0.00    0.00    0.00   0.00   0.00
sdd               0.00     0.00    0.00    0.00     0.00     0.00     0.00     0.00    0.00    0.00    0.00   0.00   0.00
sde               0.00     0.00    0.00    0.10     0.00     0.00    40.00     0.00    0.00    0.00    0.00   0.00   0.00
nvme2n1         461.40     0.00 70957.50 37861.40   333.05   147.90     9.05    31.71    0.29    0.43    0.02   0.01 100.24
nvme1n1           0.00     0.00    0.00    0.00     0.00     0.00     0.00     0.00    0.00    0.00    0.00   0.00   0.00
nvme3n1           0.00   461.50 65229.80 35593.90   254.80   194.91     9.13    30.88    0.30    0.45    0.02   0.01 100.30
nvme0n1           0.00     0.00    0.00    0.00     0.00     0.00     0.00     0.00    0.00    0.00    0.00   0.00   0.00
md1               0.00     0.00    0.00    0.00     0.00     0.00     0.00     0.00    0.00    0.00    0.00   0.00   0.00

10/26/2018 01:44:32 PM
avg-cpu:  %user   %nice %system %iowait  %steal   %idle
           9.19    0.00   15.57    0.00    0.00   75.25

Device:         rrqm/s   wrqm/s     r/s     w/s    rMB/s    wMB/s avgrq-sz avgqu-sz   await r_await w_await  svctm  %util
sda               0.00     0.00    0.00    0.00     0.00     0.00     0.00     0.00    0.00    0.00    0.00   0.00   0.00
sdb               0.00     0.00    0.00    0.00     0.00     0.00     0.00     0.00    0.00    0.00    0.00   0.00   0.00
sdc               0.00     0.00    0.00    0.00     0.00     0.00     0.00     0.00    0.00    0.00    0.00   0.00   0.00
sdd               0.00     0.00    0.00    0.00     0.00     0.00     0.00     0.00    0.00    0.00    0.00   0.00   0.00
sde               0.00     0.00    0.00    0.30     0.00     0.00    26.67     0.00    9.33    0.00    9.33   0.00   0.00
nvme2n1         478.90     0.00 70077.40 37658.20   331.73   147.10     9.10    31.80    0.29    0.44    0.02   0.01 100.32
nvme1n1           0.00     0.00    0.00    0.00     0.00     0.00     0.00     0.00    0.00    0.00    0.00   0.00   0.00
nvme3n1           0.00   478.80 64021.30 35039.30   250.08   194.86     9.20    30.92    0.31    0.46    0.02   0.01 100.31
nvme0n1           0.00     0.00    0.00    0.00     0.00     0.00     0.00     0.00    0.00    0.00    0.00   0.00   0.00
md1               0.00     0.00    0.00    0.00     0.00     0.00     0.00     0.00    0.00    0.00    0.00   0.00   0.00

10/26/2018 01:44:42 PM
avg-cpu:  %user   %nice %system %iowait  %steal   %idle
           9.18    0.00   15.55    0.00    0.00   75.27

Device:         rrqm/s   wrqm/s     r/s     w/s    rMB/s    wMB/s avgrq-sz avgqu-sz   await r_await w_await  svctm  %util
sda               0.00     0.00    0.00    0.00     0.00     0.00     0.00     0.00    0.00    0.00    0.00   0.00   0.00
sdb               0.00     0.00    0.00    0.00     0.00     0.00     0.00     0.00    0.00    0.00    0.00   0.00   0.00
sdc               0.00     0.00    0.00    0.00     0.00     0.00     0.00     0.00    0.00    0.00    0.00   0.00   0.00
sdd               0.00     0.00    0.00    0.00     0.00     0.00     0.00     0.00    0.00    0.00    0.00   0.00   0.00
sde               0.00     0.20    0.00    0.40     0.00     0.00    22.00     0.00    0.25    0.00    0.25   0.00   0.00
nvme2n1         477.50     0.00 69950.50 37530.00   331.07   146.60     9.10    31.81    0.29    0.44    0.02   0.01 100.49
nvme1n1           0.00     0.00    0.00    0.00     0.00     0.00     0.00     0.00    0.00    0.00    0.00   0.00   0.00
nvme3n1           0.00   477.50 64314.10 34942.50   251.23   194.32     9.19    30.90    0.31    0.46    0.02   0.01 100.30
nvme0n1           0.00     0.00    0.00    0.00     0.00     0.00     0.00     0.00    0.00    0.00    0.00   0.00   0.00
md1               0.00     0.00    0.00    0.00     0.00     0.00     0.00     0.00    0.00    0.00    0.00   0.00   0.00

10/26/2018 01:44:52 PM
avg-cpu:  %user   %nice %system %iowait  %steal   %idle
           9.24    0.00   15.57    0.00    0.00   75.19

Device:         rrqm/s   wrqm/s     r/s     w/s    rMB/s    wMB/s avgrq-sz avgqu-sz   await r_await w_await  svctm  %util
sda               0.00     0.00    0.00    0.00     0.00     0.00     0.00     0.00    0.00    0.00    0.00   0.00   0.00
sdb               0.00     0.00    0.00    0.00     0.00     0.00     0.00     0.00    0.00    0.00    0.00   0.00   0.00
sdc               0.00     0.00    0.00    0.00     0.00     0.00     0.00     0.00    0.00    0.00    0.00   0.00   0.00
sdd               0.00     0.00    0.00    0.00     0.00     0.00     0.00     0.00    0.00    0.00    0.00   0.00   0.00
sde               0.00     0.00    0.00    0.40     0.00     0.00    24.00     0.00    0.25    0.00    0.25   0.00   0.00
nvme2n1         488.20     0.00 71051.90 37971.70   336.66   148.33     9.11    31.72    0.29    0.43    0.02   0.01 100.28
nvme1n1           0.00     0.00    0.00    0.00     0.00     0.00     0.00     0.00    0.00    0.00    0.00   0.00   0.00
nvme3n1           0.00   488.20 63402.50 34540.30   247.67   194.04     9.24    30.93    0.31    0.47    0.02   0.01 100.26
nvme0n1           0.00     0.00    0.00    0.00     0.00     0.00     0.00     0.00    0.00    0.00    0.00   0.00   0.00
md1               0.00     0.00    0.00    0.00     0.00     0.00     0.00     0.00    0.00    0.00    0.00   0.00   0.00

10/26/2018 01:45:02 PM
avg-cpu:  %user   %nice %system %iowait  %steal   %idle
           9.14    0.00   15.82    0.00    0.00   75.04

Device:         rrqm/s   wrqm/s     r/s     w/s    rMB/s    wMB/s avgrq-sz avgqu-sz   await r_await w_await  svctm  %util
sda               0.00     0.00    0.00    0.00     0.00     0.00     0.00     0.00    0.00    0.00    0.00   0.00   0.00
sdb               0.00     0.00    0.00    0.00     0.00     0.00     0.00     0.00    0.00    0.00    0.00   0.00   0.00
sdc               0.00     0.00    0.00    0.00     0.00     0.00     0.00     0.00    0.00    0.00    0.00   0.00   0.00
sdd               0.00     0.00    0.00    0.00     0.00     0.00     0.00     0.00    0.00    0.00    0.00   0.00   0.00
sde               0.00     0.20    0.00    1.70     0.00     0.02    21.18     0.00   13.65    0.00   13.65   0.06   0.01
nvme2n1         482.40     0.00 70234.40 37667.10   332.77   147.14     9.11    31.76    0.29    0.44    0.02   0.01 100.34
nvme1n1           0.00     0.00    0.00    0.00     0.00     0.00     0.00     0.00    0.00    0.00    0.00   0.00   0.00
nvme3n1           0.00   482.40 64567.80 35326.50   252.22   196.41     9.20    30.94    0.31    0.46    0.02   0.01 100.45
nvme0n1           0.00     0.00    0.00    0.00     0.00     0.00     0.00     0.00    0.00    0.00    0.00   0.00   0.00
md1               0.00     0.00    0.00    0.00     0.00     0.00     0.00     0.00    0.00    0.00    0.00   0.00   0.00

