Linux 4.19.0 (nvme-storage) 	10/26/2018 	_x86_64_	(8 CPU)

10/26/2018 03:24:14 PM
avg-cpu:  %user   %nice %system %iowait  %steal   %idle
           0.13    0.00    0.41    0.04    0.00   99.42

Device:         rrqm/s   wrqm/s     r/s     w/s    rMB/s    wMB/s avgrq-sz avgqu-sz   await r_await w_await  svctm  %util
sda               0.00     0.00    0.00    0.00     0.00     0.00    26.98     0.00    0.14    0.14    0.00   0.13   0.00
sdb               0.00     0.00    0.00    0.00     0.00     0.00    26.98     0.00    0.14    0.14    0.00   0.13   0.00
sdc               0.00     0.00    0.00    0.00     0.00     0.00    26.98     0.00    0.13    0.13    0.00   0.11   0.00
sdd               0.00     0.00    0.00    0.00     0.00     0.00    26.98     0.00    0.14    0.14    0.00   0.11   0.00
sde               0.01     0.04    0.29    0.34     0.01     0.01    53.36     0.00   13.65   12.52   14.64   2.23   0.14
nvme2n1          13.90     0.00  778.57  329.39    13.69     1.29    27.68     0.44    0.35    0.49    0.02   0.06   6.62
nvme1n1          18.50     0.00  162.27    0.03    11.30     0.00   142.57     6.00   36.55   36.56    0.11   0.35   5.73
nvme3n1           0.00    14.67  644.63  513.14     2.52    12.65    26.84     0.72    0.58    0.39    0.81   0.06   6.65
nvme0n1          18.50     0.00  162.27    0.03    11.30     0.00   142.57     6.00   36.55   36.56    0.10   0.35   5.71
md1               0.00     0.00    0.00    0.00     0.00     0.00    14.17     0.00    0.00    0.00    0.00   0.00   0.00
md10              0.00     0.00    0.00    0.00     0.00     0.00    17.00     0.00    0.00    0.00    0.00   0.00   0.00

10/26/2018 03:24:24 PM
avg-cpu:  %user   %nice %system %iowait  %steal   %idle
           3.43    0.00    5.59    0.00    0.00   90.98

Device:         rrqm/s   wrqm/s     r/s     w/s    rMB/s    wMB/s avgrq-sz avgqu-sz   await r_await w_await  svctm  %util
sda               0.00     0.00    0.00    0.00     0.00     0.00     0.00     0.00    0.00    0.00    0.00   0.00   0.00
sdb               0.00     0.00    0.00    0.00     0.00     0.00     0.00     0.00    0.00    0.00    0.00   0.00   0.00
sdc               0.00     0.00    0.00    0.00     0.00     0.00     0.00     0.00    0.00    0.00    0.00   0.00   0.00
sdd               0.00     0.00    0.00    0.00     0.00     0.00     0.00     0.00    0.00    0.00    0.00   0.00   0.00
sde               0.00     0.00    0.00    0.10     0.00     0.00    40.00     0.00    1.00    0.00    1.00   0.00   0.00
nvme2n1           0.00     0.00 24920.30 13391.80    97.34    52.31     8.00    10.73    0.28    0.42    0.02   0.01  35.93
nvme1n1           0.00     0.00    0.00    0.00     0.00     0.00     0.00     0.00    0.00    0.00    0.00   0.00   0.00
nvme3n1           0.00     0.00 24794.10 13379.40    96.85    52.26     8.00    11.35    0.28    0.42    0.02   0.03 100.04
nvme0n1           0.00     0.00    0.00    0.00     0.00     0.00     0.00     0.00    0.00    0.00    0.00   0.00   0.00
md1               0.00     0.00    0.00    0.00     0.00     0.00     0.00     0.00    0.00    0.00    0.00   0.00   0.00
md10              0.00     0.00    0.00    0.00     0.00     0.00     0.00     0.00    0.00    0.00    0.00   0.00   0.00

10/26/2018 03:24:34 PM
avg-cpu:  %user   %nice %system %iowait  %steal   %idle
           9.63    0.00   15.11    0.00    0.00   75.27

Device:         rrqm/s   wrqm/s     r/s     w/s    rMB/s    wMB/s avgrq-sz avgqu-sz   await r_await w_await  svctm  %util
sda               0.00     0.00    0.00    0.00     0.00     0.00     0.00     0.00    0.00    0.00    0.00   0.00   0.00
sdb               0.00     0.00    0.00    0.00     0.00     0.00     0.00     0.00    0.00    0.00    0.00   0.00   0.00
sdc               0.00     0.00    0.00    0.00     0.00     0.00     0.00     0.00    0.00    0.00    0.00   0.00   0.00
sdd               0.00     0.00    0.00    0.00     0.00     0.00     0.00     0.00    0.00    0.00    0.00   0.00   0.00
sde               0.00     0.00    0.00    0.00     0.00     0.00     0.00     0.00    0.00    0.00    0.00   0.00   0.00
nvme2n1           0.00     0.00 67984.00 36623.20   265.56   143.06     8.00    30.92    0.29    0.44    0.02   0.01 100.30
nvme1n1           0.00     0.00    0.00    0.00     0.00     0.00     0.00     0.00    0.00    0.00    0.00   0.00   0.00
nvme3n1           0.00     0.00 73145.70 39434.70   285.73   154.04     8.00    30.81    0.27    0.41    0.02   0.01 100.48
nvme0n1           0.00     0.00    0.00    0.00     0.00     0.00     0.00     0.00    0.00    0.00    0.00   0.00   0.00
md1               0.00     0.00    0.00    0.00     0.00     0.00     0.00     0.00    0.00    0.00    0.00   0.00   0.00
md10              0.00     0.00    0.00    0.00     0.00     0.00     0.00     0.00    0.00    0.00    0.00   0.00   0.00

10/26/2018 03:24:44 PM
avg-cpu:  %user   %nice %system %iowait  %steal   %idle
           9.29    0.00   15.37    0.00    0.00   75.33

Device:         rrqm/s   wrqm/s     r/s     w/s    rMB/s    wMB/s avgrq-sz avgqu-sz   await r_await w_await  svctm  %util
sda               0.00     0.00    0.00    0.00     0.00     0.00     0.00     0.00    0.00    0.00    0.00   0.00   0.00
sdb               0.00     0.00    0.00    0.00     0.00     0.00     0.00     0.00    0.00    0.00    0.00   0.00   0.00
sdc               0.00     0.00    0.00    0.00     0.00     0.00     0.00     0.00    0.00    0.00    0.00   0.00   0.00
sdd               0.00     0.00    0.00    0.00     0.00     0.00     0.00     0.00    0.00    0.00    0.00   0.00   0.00
sde               0.00     0.30    0.00    1.60     0.00     0.02    21.00     0.00    5.44    0.00    5.44   0.06   0.01
nvme2n1           0.00     0.00 68561.24 36928.57   267.82   144.25     8.00    30.85    0.29    0.44    0.02   0.01 100.21
nvme1n1           0.00     0.00    0.00    0.00     0.00     0.00     0.00     0.00    0.00    0.00    0.00   0.00   0.00
nvme3n1           0.00     0.00 71111.39 38277.62   277.78   149.52     8.00    30.75    0.28    0.42    0.02   0.01 100.20
nvme0n1           0.00     0.00    0.00    0.00     0.00     0.00     0.00     0.00    0.00    0.00    0.00   0.00   0.00
md1               0.00     0.00    0.00    0.00     0.00     0.00     0.00     0.00    0.00    0.00    0.00   0.00   0.00
md10              0.00     0.00    0.00    0.00     0.00     0.00     0.00     0.00    0.00    0.00    0.00   0.00   0.00

10/26/2018 03:24:54 PM
avg-cpu:  %user   %nice %system %iowait  %steal   %idle
           9.51    0.00   15.09    0.00    0.00   75.40

Device:         rrqm/s   wrqm/s     r/s     w/s    rMB/s    wMB/s avgrq-sz avgqu-sz   await r_await w_await  svctm  %util
sda               0.00     0.00    0.00    0.00     0.00     0.00     0.00     0.00    0.00    0.00    0.00   0.00   0.00
sdb               0.00     0.00    0.00    0.00     0.00     0.00     0.00     0.00    0.00    0.00    0.00   0.00   0.00
sdc               0.00     0.00    0.00    0.00     0.00     0.00     0.00     0.00    0.00    0.00    0.00   0.00   0.00
sdd               0.00     0.00    0.00    0.00     0.00     0.00     0.00     0.00    0.00    0.00    0.00   0.00   0.00
sde               0.00     0.20    0.00    0.50     0.00     0.00    19.20     0.00    0.40    0.00    0.40   0.00   0.00
nvme2n1           0.00     0.00 67703.80 36472.90   264.47   142.47     8.00    30.97    0.29    0.44    0.02   0.01 100.39
nvme1n1           0.00     0.00    0.00    0.00     0.00     0.00     0.00     0.00    0.00    0.00    0.00   0.00   0.00
nvme3n1           0.00     0.00 73774.60 39782.10   288.18   155.40     8.00    30.78    0.27    0.40    0.02   0.01 100.34
nvme0n1           0.00     0.00    0.00    0.00     0.00     0.00     0.00     0.00    0.00    0.00    0.00   0.00   0.00
md1               0.00     0.00    0.00    0.00     0.00     0.00     0.00     0.00    0.00    0.00    0.00   0.00   0.00
md10              0.00     0.00    0.00    0.00     0.00     0.00     0.00     0.00    0.00    0.00    0.00   0.00   0.00

10/26/2018 03:25:04 PM
avg-cpu:  %user   %nice %system %iowait  %steal   %idle
           9.80    0.00   15.44    0.00    0.00   74.76

Device:         rrqm/s   wrqm/s     r/s     w/s    rMB/s    wMB/s avgrq-sz avgqu-sz   await r_await w_await  svctm  %util
sda               0.00     0.00    0.00    0.00     0.00     0.00     0.00     0.00    0.00    0.00    0.00   0.00   0.00
sdb               0.00     0.00    0.00    0.00     0.00     0.00     0.00     0.00    0.00    0.00    0.00   0.00   0.00
sdc               0.00     0.00    0.00    0.00     0.00     0.00     0.00     0.00    0.00    0.00    0.00   0.00   0.00
sdd               0.00     0.00    0.00    0.00     0.00     0.00     0.00     0.00    0.00    0.00    0.00   0.00   0.00
sde               0.00     0.00    0.00    0.40     0.00     0.00     8.00     0.00    0.00    0.00    0.00   0.00   0.00
nvme2n1           0.00     0.00 68107.90 36688.30   266.05   143.31     8.00    30.92    0.29    0.44    0.02   0.01 100.31
nvme1n1           0.00     0.00    0.00    0.00     0.00     0.00     0.00     0.00    0.00    0.00    0.00   0.00   0.00
nvme3n1           0.00     0.00 73372.60 39339.40   286.61   153.67     8.00    30.79    0.27    0.40    0.02   0.01 100.36
nvme0n1           0.00     0.00    0.00    0.00     0.00     0.00     0.00     0.00    0.00    0.00    0.00   0.00   0.00
md1               0.00     0.00    0.00    0.00     0.00     0.00     0.00     0.00    0.00    0.00    0.00   0.00   0.00
md10              0.00     0.00    0.00    0.00     0.00     0.00     0.00     0.00    0.00    0.00    0.00   0.00   0.00

10/26/2018 03:25:14 PM
avg-cpu:  %user   %nice %system %iowait  %steal   %idle
           9.56    0.00   15.22    0.00    0.00   75.23

Device:         rrqm/s   wrqm/s     r/s     w/s    rMB/s    wMB/s avgrq-sz avgqu-sz   await r_await w_await  svctm  %util
sda               0.00     0.00    0.00    0.00     0.00     0.00     0.00     0.00    0.00    0.00    0.00   0.00   0.00
sdb               0.00     0.00    0.00    0.00     0.00     0.00     0.00     0.00    0.00    0.00    0.00   0.00   0.00
sdc               0.00     0.00    0.00    0.00     0.00     0.00     0.00     0.00    0.00    0.00    0.00   0.00   0.00
sdd               0.00     0.00    0.00    0.00     0.00     0.00     0.00     0.00    0.00    0.00    0.00   0.00   0.00
sde               0.00     0.10    0.00    1.30     0.00     0.02    27.69     0.00   19.00    0.00   19.00   0.08   0.01
nvme2n1           0.00     0.00 70071.10 37664.20   273.72   147.13     8.00    30.86    0.28    0.43    0.02   0.01 100.25
nvme1n1           0.00     0.00    0.00    0.00     0.00     0.00     0.00     0.00    0.00    0.00    0.00   0.00   0.00
nvme3n1           0.00     0.00 72210.20 38739.50   282.07   151.33     8.00    30.85    0.27    0.41    0.02   0.01 100.38
nvme0n1           0.00     0.00    0.00    0.00     0.00     0.00     0.00     0.00    0.00    0.00    0.00   0.00   0.00
md1               0.00     0.00    0.00    0.00     0.00     0.00     0.00     0.00    0.00    0.00    0.00   0.00   0.00
md10              0.00     0.00    0.00    0.00     0.00     0.00     0.00     0.00    0.00    0.00    0.00   0.00   0.00

