Linux 4.19.0 (nvme-storage) 	10/26/2018 	_x86_64_	(8 CPU)

10/26/2018 03:20:09 PM
avg-cpu:  %user   %nice %system %iowait  %steal   %idle
           0.13    0.00    0.40    0.04    0.00   99.43

Device:         rrqm/s   wrqm/s     r/s     w/s    rMB/s    wMB/s avgrq-sz avgqu-sz   await r_await w_await  svctm  %util
sda               0.00     0.00    0.00    0.00     0.00     0.00    27.58     0.00    0.14    0.14    0.00   0.13   0.00
sdb               0.00     0.00    0.00    0.00     0.00     0.00    27.58     0.00    0.14    0.14    0.00   0.13   0.00
sdc               0.00     0.00    0.00    0.00     0.00     0.00    27.58     0.00    0.13    0.13    0.00   0.12   0.00
sdd               0.00     0.00    0.00    0.00     0.00     0.00    27.58     0.00    0.14    0.14    0.00   0.11   0.00
sde               0.01     0.04    0.29    0.33     0.01     0.01    53.50     0.00   13.67   12.53   14.66   2.24   0.14
nvme2n1          13.94     0.00  729.12  302.53    13.52     1.18    29.20     0.42    0.35    0.49    0.02   0.06   6.57
nvme1n1          18.56     0.00  162.74    0.03    11.33     0.00   142.57     6.02   36.55   36.56    0.11   0.35   5.74
nvme3n1           0.00    14.72  594.39  486.57     2.32    12.58    28.23     0.70    0.60    0.39    0.85   0.06   6.59
nvme0n1          18.56     0.00  162.74    0.03    11.33     0.00   142.57     6.02   36.55   36.56    0.10   0.35   5.73
md1               0.00     0.00    0.00    0.00     0.00     0.00    14.49     0.00    0.00    0.00    0.00   0.00   0.00
md10              0.00     0.00    0.00    0.00     0.00     0.00    17.71     0.00    0.00    0.00    0.00   0.00   0.00

10/26/2018 03:20:19 PM
avg-cpu:  %user   %nice %system %iowait  %steal   %idle
           3.33    0.00    5.79    0.00    0.00   90.88

Device:         rrqm/s   wrqm/s     r/s     w/s    rMB/s    wMB/s avgrq-sz avgqu-sz   await r_await w_await  svctm  %util
sda               0.00     0.00    0.00    0.00     0.00     0.00     0.00     0.00    0.00    0.00    0.00   0.00   0.00
sdb               0.00     0.00    0.00    0.00     0.00     0.00     0.00     0.00    0.00    0.00    0.00   0.00   0.00
sdc               0.00     0.00    0.00    0.00     0.00     0.00     0.00     0.00    0.00    0.00    0.00   0.00   0.00
sdd               0.00     0.00    0.00    0.00     0.00     0.00     0.00     0.00    0.00    0.00    0.00   0.00   0.00
sde               0.00     0.00    0.00    0.20     0.00     0.00    28.00     0.00    0.00    0.00    0.00   0.00   0.00
nvme2n1           0.00     0.00 24657.60 13264.70    96.32    51.82     8.00    10.69    0.28    0.42    0.02   0.01  36.00
nvme1n1           0.00     0.00    0.00    0.00     0.00     0.00     0.00     0.00    0.00    0.00    0.00   0.00   0.00
nvme3n1           0.00     0.00 25622.60 13808.10   100.09    53.94     8.00    10.92    0.27    0.40    0.02   0.01  53.04
nvme0n1           0.00     0.00    0.00    0.00     0.00     0.00     0.00     0.00    0.00    0.00    0.00   0.00   0.00
md1               0.00     0.00    0.00    0.00     0.00     0.00     0.00     0.00    0.00    0.00    0.00   0.00   0.00
md10              0.00     0.00    0.00    0.00     0.00     0.00     0.00     0.00    0.00    0.00    0.00   0.00   0.00

10/26/2018 03:20:29 PM
avg-cpu:  %user   %nice %system %iowait  %steal   %idle
           9.91    0.00   15.75    0.00    0.00   74.34

Device:         rrqm/s   wrqm/s     r/s     w/s    rMB/s    wMB/s avgrq-sz avgqu-sz   await r_await w_await  svctm  %util
sda               0.00     0.00    0.00    0.00     0.00     0.00     0.00     0.00    0.00    0.00    0.00   0.00   0.00
sdb               0.00     0.00    0.00    0.00     0.00     0.00     0.00     0.00    0.00    0.00    0.00   0.00   0.00
sdc               0.00     0.00    0.00    0.00     0.00     0.00     0.00     0.00    0.00    0.00    0.00   0.00   0.00
sdd               0.00     0.00    0.00    0.00     0.00     0.00     0.00     0.00    0.00    0.00    0.00   0.00   0.00
sde               0.00     0.00    0.00    0.00     0.00     0.00     0.00     0.00    0.00    0.00    0.00   0.00   0.00
nvme2n1           0.00     0.00 73772.40 39715.10   288.17   155.14     8.00    30.62    0.27    0.40    0.02   0.01 100.32
nvme1n1           0.00     0.00    0.00    0.00     0.00     0.00     0.00     0.00    0.00    0.00    0.00   0.00   0.00
nvme3n1           0.00     0.00 73292.10 39394.90   286.30   153.89     8.00    30.73    0.27    0.40    0.02   0.01 100.35
nvme0n1           0.00     0.00    0.00    0.00     0.00     0.00     0.00     0.00    0.00    0.00    0.00   0.00   0.00
md1               0.00     0.00    0.00    0.00     0.00     0.00     0.00     0.00    0.00    0.00    0.00   0.00   0.00
md10              0.00     0.00    0.00    0.00     0.00     0.00     0.00     0.00    0.00    0.00    0.00   0.00   0.00

10/26/2018 03:20:39 PM
avg-cpu:  %user   %nice %system %iowait  %steal   %idle
           9.67    0.00   15.98    0.00    0.00   74.35

Device:         rrqm/s   wrqm/s     r/s     w/s    rMB/s    wMB/s avgrq-sz avgqu-sz   await r_await w_await  svctm  %util
sda               0.00     0.00    0.00    0.00     0.00     0.00     0.00     0.00    0.00    0.00    0.00   0.00   0.00
sdb               0.00     0.00    0.00    0.00     0.00     0.00     0.00     0.00    0.00    0.00    0.00   0.00   0.00
sdc               0.00     0.00    0.00    0.00     0.00     0.00     0.00     0.00    0.00    0.00    0.00   0.00   0.00
sdd               0.00     0.00    0.00    0.00     0.00     0.00     0.00     0.00    0.00    0.00    0.00   0.00   0.00
sde               0.00     1.00    0.00    4.70     0.00     0.06    24.17     0.01   14.11    0.00   14.11   0.06   0.03
nvme2n1           0.00     0.00 72316.50 38871.40   282.49   151.84     8.00    30.64    0.27    0.41    0.02   0.01 100.33
nvme1n1           0.00     0.00    0.00    0.00     0.00     0.00     0.00     0.00    0.00    0.00    0.00   0.00   0.00
nvme3n1           0.00     0.00 72704.30 39300.90   284.00   153.52     8.00    30.79    0.27    0.41    0.02   0.01 100.28
nvme0n1           0.00     0.00    0.00    0.00     0.00     0.00     0.00     0.00    0.00    0.00    0.00   0.00   0.00
md1               0.00     0.00    0.00    0.00     0.00     0.00     0.00     0.00    0.00    0.00    0.00   0.00   0.00
md10              0.00     0.00    0.00    0.00     0.00     0.00     0.00     0.00    0.00    0.00    0.00   0.00   0.00

10/26/2018 03:20:49 PM
avg-cpu:  %user   %nice %system %iowait  %steal   %idle
           9.57    0.00   16.18    0.00    0.00   74.26

Device:         rrqm/s   wrqm/s     r/s     w/s    rMB/s    wMB/s avgrq-sz avgqu-sz   await r_await w_await  svctm  %util
sda               0.00     0.00    0.00    0.00     0.00     0.00     0.00     0.00    0.00    0.00    0.00   0.00   0.00
sdb               0.00     0.00    0.00    0.00     0.00     0.00     0.00     0.00    0.00    0.00    0.00   0.00   0.00
sdc               0.00     0.00    0.00    0.00     0.00     0.00     0.00     0.00    0.00    0.00    0.00   0.00   0.00
sdd               0.00     0.00    0.00    0.00     0.00     0.00     0.00     0.00    0.00    0.00    0.00   0.00   0.00
sde               0.00     0.10    0.00    1.10     0.00     0.01    21.82     0.00    0.45    0.00    0.45   0.00   0.00
nvme2n1           0.00     0.00 73342.80 39429.40   286.50   154.02     8.00    30.67    0.27    0.40    0.02   0.01 100.34
nvme1n1           0.00     0.00    0.00    0.00     0.00     0.00     0.00     0.00    0.00    0.00    0.00   0.00   0.00
nvme3n1           0.00     0.00 73020.10 39269.60   285.23   153.40     8.00    30.78    0.27    0.41    0.02   0.01 100.25
nvme0n1           0.00     0.00    0.00    0.00     0.00     0.00     0.00     0.00    0.00    0.00    0.00   0.00   0.00
md1               0.00     0.00    0.00    0.00     0.00     0.00     0.00     0.00    0.00    0.00    0.00   0.00   0.00
md10              0.00     0.00    0.00    0.00     0.00     0.00     0.00     0.00    0.00    0.00    0.00   0.00   0.00

10/26/2018 03:20:59 PM
avg-cpu:  %user   %nice %system %iowait  %steal   %idle
           9.48    0.00   15.69    0.00    0.00   74.82

Device:         rrqm/s   wrqm/s     r/s     w/s    rMB/s    wMB/s avgrq-sz avgqu-sz   await r_await w_await  svctm  %util
sda               0.00     0.00    0.00    0.00     0.00     0.00     0.00     0.00    0.00    0.00    0.00   0.00   0.00
sdb               0.00     0.00    0.00    0.00     0.00     0.00     0.00     0.00    0.00    0.00    0.00   0.00   0.00
sdc               0.00     0.00    0.00    0.00     0.00     0.00     0.00     0.00    0.00    0.00    0.00   0.00   0.00
sdd               0.00     0.00    0.00    0.00     0.00     0.00     0.00     0.00    0.00    0.00    0.00   0.00   0.00
sde               0.00     0.00    0.00    0.00     0.00     0.00     0.00     0.00    0.00    0.00    0.00   0.00   0.00
nvme2n1           0.00     0.00 71558.50 38547.70   279.53   150.58     8.00    30.69    0.28    0.41    0.02   0.01 100.27
nvme1n1           0.00     0.00    0.00    0.00     0.00     0.00     0.00     0.00    0.00    0.00    0.00   0.00   0.00
nvme3n1           0.00     0.00 71506.20 38436.10   279.32   150.14     8.00    30.79    0.28    0.42    0.02   0.01 100.39
nvme0n1           0.00     0.00    0.00    0.00     0.00     0.00     0.00     0.00    0.00    0.00    0.00   0.00   0.00
md1               0.00     0.00    0.00    0.00     0.00     0.00     0.00     0.00    0.00    0.00    0.00   0.00   0.00
md10              0.00     0.00    0.00    0.00     0.00     0.00     0.00     0.00    0.00    0.00    0.00   0.00   0.00

10/26/2018 03:21:09 PM
avg-cpu:  %user   %nice %system %iowait  %steal   %idle
           9.54    0.00   16.20    0.00    0.00   74.26

Device:         rrqm/s   wrqm/s     r/s     w/s    rMB/s    wMB/s avgrq-sz avgqu-sz   await r_await w_await  svctm  %util
sda               0.00     0.00    0.00    0.00     0.00     0.00     0.00     0.00    0.00    0.00    0.00   0.00   0.00
sdb               0.00     0.00    0.00    0.00     0.00     0.00     0.00     0.00    0.00    0.00    0.00   0.00   0.00
sdc               0.00     0.00    0.00    0.00     0.00     0.00     0.00     0.00    0.00    0.00    0.00   0.00   0.00
sdd               0.00     0.00    0.00    0.00     0.00     0.00     0.00     0.00    0.00    0.00    0.00   0.00   0.00
sde               0.00     0.10    0.00    1.90     0.00     0.02    25.26     0.00   21.37    0.00   21.37   0.11   0.02
nvme2n1           0.00     0.00 72325.30 38842.30   282.52   151.73     8.00    30.68    0.27    0.41    0.02   0.01 100.23
nvme1n1           0.00     0.00    0.00    0.00     0.00     0.00     0.00     0.00    0.00    0.00    0.00   0.00   0.00
nvme3n1           0.00     0.00 73294.10 39433.10   286.31   154.04     8.00    30.74    0.27    0.41    0.02   0.01 100.19
nvme0n1           0.00     0.00    0.00    0.00     0.00     0.00     0.00     0.00    0.00    0.00    0.00   0.00   0.00
md1               0.00     0.00    0.00    0.00     0.00     0.00     0.00     0.00    0.00    0.00    0.00   0.00   0.00
md10              0.00     0.00    0.00    0.00     0.00     0.00     0.00     0.00    0.00    0.00    0.00   0.00   0.00

