Linux 4.19.0 (nvme-storage) 	10/26/2018 	_x86_64_	(8 CPU)

10/26/2018 02:34:51 PM
avg-cpu:  %user   %nice %system %iowait  %steal   %idle
           0.09    0.00    0.26    0.04    0.00   99.62

Device:         rrqm/s   wrqm/s     r/s     w/s    rMB/s    wMB/s avgrq-sz avgqu-sz   await r_await w_await  svctm  %util
sda               0.00     0.00    0.00    0.00     0.00     0.00    33.10     0.00    0.15    0.15    0.00   0.13   0.00
sdb               0.00     0.00    0.00    0.00     0.00     0.00    33.10     0.00    0.15    0.15    0.00   0.13   0.00
sdc               0.00     0.00    0.00    0.00     0.00     0.00    33.10     0.00    0.14    0.14    0.00   0.12   0.00
sdd               0.00     0.00    0.00    0.00     0.00     0.00    33.10     0.00    0.14    0.14    0.00   0.11   0.00
sde               0.01     0.04    0.29    0.32     0.01     0.00    52.16     0.00   12.82   12.80   12.83   2.32   0.14
nvme2n1          14.40     0.00  437.06  142.27    12.74     0.56    47.00     0.29    0.42    0.55    0.02   0.11   6.19
nvme1n1          10.41     0.00   91.24    0.02     6.35     0.00   142.57     3.37   36.50   36.51    0.11   0.35   3.20
nvme3n1           0.00    15.21  292.36  329.48     1.14    12.32    44.35     0.58    0.86    0.38    1.29   0.10   6.19
nvme0n1          10.41     0.00   91.24    0.02     6.35     0.00   142.57     3.37   36.50   36.51    0.10   0.35   3.19
md1               0.00     0.00    0.00    0.00     0.00     0.00    18.08     0.00    0.00    0.00    0.00   0.00   0.00
md10              0.00     0.00    0.00    0.00     0.00     0.00    29.60     0.00    0.00    0.00    0.00   0.00   0.00

10/26/2018 02:35:01 PM
avg-cpu:  %user   %nice %system %iowait  %steal   %idle
           3.55    0.00    9.32    0.00    0.00   87.13

Device:         rrqm/s   wrqm/s     r/s     w/s    rMB/s    wMB/s avgrq-sz avgqu-sz   await r_await w_await  svctm  %util
sda               0.00     0.00    0.00    0.00     0.00     0.00     0.00     0.00    0.00    0.00    0.00   0.00   0.00
sdb               0.00     0.00    0.00    0.00     0.00     0.00     0.00     0.00    0.00    0.00    0.00   0.00   0.00
sdc               0.00     0.00    0.00    0.00     0.00     0.00     0.00     0.00    0.00    0.00    0.00   0.00   0.00
sdd               0.00     0.00    0.00    0.00     0.00     0.00     0.00     0.00    0.00    0.00    0.00   0.00   0.00
sde               0.00     0.00    0.00    0.00     0.00     0.00     0.00     0.00    0.00    0.00    0.00   0.00   0.00
nvme2n1           0.00     0.00 25480.10 13800.00    99.53    53.91     8.00    11.29    0.27    0.40    0.02   0.03 100.08
nvme1n1         322.80     0.00 2802.20    0.50   195.31     0.00   142.72   103.53   36.52   36.52    0.00   0.35  97.44
nvme3n1           0.00     0.00 24573.30 13234.50    95.99    51.70     8.00    11.27    0.28    0.42    0.02   0.03 100.02
nvme0n1         322.80     0.00 2802.20    0.50   195.31     0.00   142.72   103.46   36.52   36.52    0.00   0.35  97.44
md1               0.00     0.00    0.00    0.00     0.00     0.00     0.00     0.00    0.00    0.00    0.00   0.00   0.00
md10              0.00     0.00    0.00    0.00     0.00     0.00     0.00     0.00    0.00    0.00    0.00   0.00   0.00

10/26/2018 02:35:11 PM
avg-cpu:  %user   %nice %system %iowait  %steal   %idle
           9.83    0.00   19.71    0.00    0.00   70.46

Device:         rrqm/s   wrqm/s     r/s     w/s    rMB/s    wMB/s avgrq-sz avgqu-sz   await r_await w_await  svctm  %util
sda               0.00     0.00    0.00    0.00     0.00     0.00     0.00     0.00    0.00    0.00    0.00   0.00   0.00
sdb               0.00     0.00    0.00    0.00     0.00     0.00     0.00     0.00    0.00    0.00    0.00   0.00   0.00
sdc               0.00     0.00    0.00    0.00     0.00     0.00     0.00     0.00    0.00    0.00    0.00   0.00   0.00
sdd               0.00     0.00    0.00    0.00     0.00     0.00     0.00     0.00    0.00    0.00    0.00   0.00   0.00
sde               0.00     0.00    0.00    0.00     0.00     0.00     0.00     0.00    0.00    0.00    0.00   0.00   0.00
nvme2n1           0.00     0.00 72541.40 38884.90   283.37   151.89     8.00    30.78    0.27    0.41    0.02   0.01 100.33
nvme1n1         327.10     0.00 2797.90    0.50   195.31     0.00   142.94   103.25   36.40   36.41    0.20   0.35  98.15
nvme3n1           0.00     0.00 73341.90 39386.70   286.49   153.85     8.00    30.67    0.27    0.40    0.02   0.01 100.40
nvme0n1         327.10     0.00 2797.90    0.50   195.31     0.00   142.94   102.95   36.40   36.41    0.20   0.35  98.15
md1               0.00     0.00    0.00    0.00     0.00     0.00     0.00     0.00    0.00    0.00    0.00   0.00   0.00
md10              0.00     0.00    0.00    0.00     0.00     0.00     0.00     0.00    0.00    0.00    0.00   0.00   0.00

10/26/2018 02:35:21 PM
avg-cpu:  %user   %nice %system %iowait  %steal   %idle
           9.81    0.00   19.76    0.00    0.00   70.43

Device:         rrqm/s   wrqm/s     r/s     w/s    rMB/s    wMB/s avgrq-sz avgqu-sz   await r_await w_await  svctm  %util
sda               0.00     0.00    0.00    0.00     0.00     0.00     0.00     0.00    0.00    0.00    0.00   0.00   0.00
sdb               0.00     0.00    0.00    0.00     0.00     0.00     0.00     0.00    0.00    0.00    0.00   0.00   0.00
sdc               0.00     0.00    0.00    0.00     0.00     0.00     0.00     0.00    0.00    0.00    0.00   0.00   0.00
sdd               0.00     0.00    0.00    0.00     0.00     0.00     0.00     0.00    0.00    0.00    0.00   0.00   0.00
sde               0.00     0.20    0.00    1.80     0.00     0.02    26.22     0.00    5.89    0.00    5.89   0.06   0.01
nvme2n1           0.00     0.00 72827.30 39233.60   284.48   153.26     8.00    30.80    0.27    0.41    0.02   0.01 100.33
nvme1n1         324.50     0.00 2851.50    0.50   198.50     0.00   142.54   105.21   36.54   36.54    0.00   0.30  84.88
nvme3n1           0.00     0.00 72620.70 39108.80   283.67   152.77     8.00    30.64    0.27    0.41    0.02   0.01 100.29
nvme0n1         324.50     0.00 2851.50    0.50   198.50     0.00   142.54   105.13   36.54   36.54    0.00   0.30  84.89
md1               0.00     0.00    0.00    0.00     0.00     0.00     0.00     0.00    0.00    0.00    0.00   0.00   0.00
md10              0.00     0.00    0.00    0.00     0.00     0.00     0.00     0.00    0.00    0.00    0.00   0.00   0.00

10/26/2018 02:35:31 PM
avg-cpu:  %user   %nice %system %iowait  %steal   %idle
           9.82    0.00   19.47    0.00    0.00   70.71

Device:         rrqm/s   wrqm/s     r/s     w/s    rMB/s    wMB/s avgrq-sz avgqu-sz   await r_await w_await  svctm  %util
sda               0.00     0.00    0.00    0.00     0.00     0.00     0.00     0.00    0.00    0.00    0.00   0.00   0.00
sdb               0.00     0.00    0.00    0.00     0.00     0.00     0.00     0.00    0.00    0.00    0.00   0.00   0.00
sdc               0.00     0.00    0.00    0.00     0.00     0.00     0.00     0.00    0.00    0.00    0.00   0.00   0.00
sdd               0.00     0.00    0.00    0.00     0.00     0.00     0.00     0.00    0.00    0.00    0.00   0.00   0.00
sde               0.00     0.20    0.00    0.40     0.00     0.00    24.00     0.00    0.25    0.00    0.25   0.00   0.00
nvme2n1           0.00     0.00 72330.10 38914.30   282.54   152.01     8.00    30.81    0.27    0.41    0.02   0.01 100.26
nvme1n1         319.50     0.00 2805.50    0.50   195.31     0.00   142.55   103.39   36.54   36.55    0.20   0.34  94.76
nvme3n1           0.00     0.00 72662.70 39225.40   283.84   153.22     8.00    30.61    0.27    0.41    0.02   0.01 100.24
nvme0n1         319.50     0.00 2805.50    0.50   195.31     0.00   142.55   103.50   36.54   36.55    0.20   0.34  94.76
md1               0.00     0.00    0.00    0.00     0.00     0.00     0.00     0.00    0.00    0.00    0.00   0.00   0.00
md10              0.00     0.00    0.00    0.00     0.00     0.00     0.00     0.00    0.00    0.00    0.00   0.00   0.00

10/26/2018 02:35:41 PM
avg-cpu:  %user   %nice %system %iowait  %steal   %idle
           9.85    0.00   19.65    0.00    0.00   70.50

Device:         rrqm/s   wrqm/s     r/s     w/s    rMB/s    wMB/s avgrq-sz avgqu-sz   await r_await w_await  svctm  %util
sda               0.00     0.00    0.00    0.00     0.00     0.00     0.00     0.00    0.00    0.00    0.00   0.00   0.00
sdb               0.00     0.00    0.00    0.00     0.00     0.00     0.00     0.00    0.00    0.00    0.00   0.00   0.00
sdc               0.00     0.00    0.00    0.00     0.00     0.00     0.00     0.00    0.00    0.00    0.00   0.00   0.00
sdd               0.00     0.00    0.00    0.00     0.00     0.00     0.00     0.00    0.00    0.00    0.00   0.00   0.00
sde               0.00     0.00    0.00    0.00     0.00     0.00     0.00     0.00    0.00    0.00    0.00   0.00   0.00
nvme2n1           0.00     0.00 72502.00 39169.60   283.21   153.01     8.00    30.75    0.27    0.41    0.02   0.01 100.27
nvme1n1         324.90     0.00 2743.90    0.50   191.76     0.00   143.10   102.05   36.37   36.38    0.00   0.36 100.02
nvme3n1           0.00     0.00 72909.30 39235.00   284.80   153.26     8.00    30.60    0.27    0.41    0.02   0.01 100.35
nvme0n1         324.90     0.00 2744.20    0.50   191.78     0.00   143.10   102.15   36.38   36.38    0.00   0.36 100.04
md1               0.00     0.00    0.00    0.00     0.00     0.00     0.00     0.00    0.00    0.00    0.00   0.00   0.00
md10              0.00     0.00    0.00    0.00     0.00     0.00     0.00     0.00    0.00    0.00    0.00   0.00   0.00

10/26/2018 02:35:51 PM
avg-cpu:  %user   %nice %system %iowait  %steal   %idle
           9.79    0.00   19.78    0.00    0.00   70.43

Device:         rrqm/s   wrqm/s     r/s     w/s    rMB/s    wMB/s avgrq-sz avgqu-sz   await r_await w_await  svctm  %util
sda               0.00     0.00    0.00    0.00     0.00     0.00     0.00     0.00    0.00    0.00    0.00   0.00   0.00
sdb               0.00     0.00    0.00    0.00     0.00     0.00     0.00     0.00    0.00    0.00    0.00   0.00   0.00
sdc               0.00     0.00    0.00    0.00     0.00     0.00     0.00     0.00    0.00    0.00    0.00   0.00   0.00
sdd               0.00     0.00    0.00    0.00     0.00     0.00     0.00     0.00    0.00    0.00    0.00   0.00   0.00
sde               0.00     0.00    0.00    1.50     0.00     0.02    23.47     0.00    5.47    0.00    5.47   0.00   0.00
nvme2n1           0.00     0.00 72620.30 39111.30   283.67   152.78     8.00    30.73    0.27    0.41    0.02   0.01 100.24
nvme1n1         318.00     0.00 2914.40    0.20   202.07     0.00   141.99   106.84   36.64   36.65    0.00   0.33  96.47
nvme3n1           0.00     0.00 74084.30 39881.30   289.39   155.79     8.00    30.62    0.26    0.40    0.02   0.01 100.32
nvme0n1         318.00     0.00 2914.10    0.20   202.05     0.00   141.99   106.62   36.65   36.65    0.00   0.33  96.45
md1               0.00     0.00    0.00    0.00     0.00     0.00     0.00     0.00    0.00    0.00    0.00   0.00   0.00
md10              0.00     0.00    0.00    0.00     0.00     0.00     0.00     0.00    0.00    0.00    0.00   0.00   0.00

