Linux 4.19.0 (nvme-storage) 	10/26/2018 	_x86_64_	(8 CPU)

10/26/2018 03:14:12 PM
avg-cpu:  %user   %nice %system %iowait  %steal   %idle
           0.12    0.00    0.40    0.04    0.00   99.45

Device:         rrqm/s   wrqm/s     r/s     w/s    rMB/s    wMB/s avgrq-sz avgqu-sz   await r_await w_await  svctm  %util
sda               0.00     0.00    0.00    0.00     0.00     0.00    28.89     0.00    0.14    0.14    0.00   0.13   0.00
sdb               0.00     0.00    0.00    0.00     0.00     0.00    28.89     0.00    0.15    0.15    0.00   0.12   0.00
sdc               0.00     0.00    0.00    0.00     0.00     0.00    28.89     0.00    0.13    0.13    0.00   0.11   0.00
sdd               0.00     0.00    0.00    0.00     0.00     0.00    28.89     0.00    0.14    0.14    0.00   0.11   0.00
sde               0.01     0.04    0.29    0.33     0.01     0.00    51.16     0.00   12.79   12.74   12.84   2.25   0.14
nvme2n1          14.00     0.00  679.95  275.69    13.38     1.08    30.98     0.40    0.36    0.50    0.02   0.07   6.50
nvme1n1          18.64     0.00  163.43    0.03    11.38     0.00   142.57     6.04   36.55   36.56    0.11   0.35   5.73
nvme3n1           0.00    14.78  545.00  460.69     2.13    12.52    29.84     0.68    0.63    0.39    0.90   0.06   6.52
nvme0n1          18.64     0.00  163.43    0.03    11.38     0.00   142.57     6.04   36.55   36.56    0.10   0.35   5.72
md1               0.00     0.00    0.00    0.00     0.00     0.00    15.22     0.00    0.00    0.00    0.00   0.00   0.00
md10              0.00     0.00    0.00    0.00     0.00     0.00    19.52     0.00    0.00    0.00    0.00   0.00   0.00

10/26/2018 03:14:22 PM
avg-cpu:  %user   %nice %system %iowait  %steal   %idle
           3.46    0.00    5.54    0.00    0.00   91.00

Device:         rrqm/s   wrqm/s     r/s     w/s    rMB/s    wMB/s avgrq-sz avgqu-sz   await r_await w_await  svctm  %util
sda               0.00     0.00    0.00    0.00     0.00     0.00     0.00     0.00    0.00    0.00    0.00   0.00   0.00
sdb               0.00     0.00    0.00    0.00     0.00     0.00     0.00     0.00    0.00    0.00    0.00   0.00   0.00
sdc               0.00     0.00    0.00    0.00     0.00     0.00     0.00     0.00    0.00    0.00    0.00   0.00   0.00
sdd               0.00     0.00    0.00    0.00     0.00     0.00     0.00     0.00    0.00    0.00    0.00   0.00   0.00
sde               0.00     0.00    0.00    0.10     0.00     0.00    40.00     0.00    0.00    0.00    0.00   0.00   0.00
nvme2n1           0.00     0.00 25433.80 13727.20    99.35    53.62     8.00    10.71    0.27    0.41    0.02   0.01  35.91
nvme1n1           0.00     0.00    0.00    0.00     0.00     0.00     0.00     0.00    0.00    0.00    0.00   0.00   0.00
nvme3n1           0.00     0.00 24515.80 13194.50    95.76    51.54     8.00    11.19    0.28    0.42    0.02   0.02  82.68
nvme0n1           0.00     0.00    0.00    0.00     0.00     0.00     0.00     0.00    0.00    0.00    0.00   0.00   0.00
md1               0.00     0.00    0.00    0.00     0.00     0.00     0.00     0.00    0.00    0.00    0.00   0.00   0.00
md10              0.00     0.00    0.00    0.00     0.00     0.00     0.00     0.00    0.00    0.00    0.00   0.00   0.00

10/26/2018 03:14:32 PM
avg-cpu:  %user   %nice %system %iowait  %steal   %idle
           9.67    0.00   15.42    0.00    0.00   74.91

Device:         rrqm/s   wrqm/s     r/s     w/s    rMB/s    wMB/s avgrq-sz avgqu-sz   await r_await w_await  svctm  %util
sda               0.00     0.00    0.00    0.00     0.00     0.00     0.00     0.00    0.00    0.00    0.00   0.00   0.00
sdb               0.00     0.00    0.00    0.00     0.00     0.00     0.00     0.00    0.00    0.00    0.00   0.00   0.00
sdc               0.00     0.00    0.00    0.00     0.00     0.00     0.00     0.00    0.00    0.00    0.00   0.00   0.00
sdd               0.00     0.00    0.00    0.00     0.00     0.00     0.00     0.00    0.00    0.00    0.00   0.00   0.00
sde               0.00     0.00    0.00    0.00     0.00     0.00     0.00     0.00    0.00    0.00    0.00   0.00   0.00
nvme2n1           0.00     0.00 72170.90 38903.60   281.92   151.97     8.00    30.79    0.27    0.41    0.02   0.01 100.28
nvme1n1           0.00     0.00    0.00    0.00     0.00     0.00     0.00     0.00    0.00    0.00    0.00   0.00   0.00
nvme3n1           0.00     0.00 73209.30 39422.60   285.97   153.99     8.00    30.82    0.27    0.41    0.02   0.01 100.33
nvme0n1           0.00     0.00    0.00    0.00     0.00     0.00     0.00     0.00    0.00    0.00    0.00   0.00   0.00
md1               0.00     0.00    0.00    0.00     0.00     0.00     0.00     0.00    0.00    0.00    0.00   0.00   0.00
md10              0.00     0.00    0.00    0.00     0.00     0.00     0.00     0.00    0.00    0.00    0.00   0.00   0.00

10/26/2018 03:14:42 PM
avg-cpu:  %user   %nice %system %iowait  %steal   %idle
           9.73    0.00   15.29    0.00    0.00   74.97

Device:         rrqm/s   wrqm/s     r/s     w/s    rMB/s    wMB/s avgrq-sz avgqu-sz   await r_await w_await  svctm  %util
sda               0.00     0.00    0.00    0.00     0.00     0.00     0.00     0.00    0.00    0.00    0.00   0.00   0.00
sdb               0.00     0.00    0.00    0.00     0.00     0.00     0.00     0.00    0.00    0.00    0.00   0.00   0.00
sdc               0.00     0.00    0.00    0.00     0.00     0.00     0.00     0.00    0.00    0.00    0.00   0.00   0.00
sdd               0.00     0.00    0.00    0.00     0.00     0.00     0.00     0.00    0.00    0.00    0.00   0.00   0.00
sde               0.00     0.00    0.00    0.20     0.00     0.00    36.00     0.00    6.50    0.00    6.50   0.00   0.00
nvme2n1           0.00     0.00 73263.40 39415.80   286.19   153.97     8.00    30.75    0.27    0.41    0.02   0.01 100.34
nvme1n1           0.00     0.00    0.00    0.00     0.00     0.00     0.00     0.00    0.00    0.00    0.00   0.00   0.00
nvme3n1           0.00     0.00 72742.00 39100.60   284.15   152.74     8.00    30.81    0.27    0.41    0.02   0.01 100.29
nvme0n1           0.00     0.00    0.00    0.00     0.00     0.00     0.00     0.00    0.00    0.00    0.00   0.00   0.00
md1               0.00     0.00    0.00    0.00     0.00     0.00     0.00     0.00    0.00    0.00    0.00   0.00   0.00
md10              0.00     0.00    0.00    0.00     0.00     0.00     0.00     0.00    0.00    0.00    0.00   0.00   0.00

10/26/2018 03:14:52 PM
avg-cpu:  %user   %nice %system %iowait  %steal   %idle
           9.65    0.00   15.46    0.00    0.00   74.89

Device:         rrqm/s   wrqm/s     r/s     w/s    rMB/s    wMB/s avgrq-sz avgqu-sz   await r_await w_await  svctm  %util
sda               0.00     0.00    0.00    0.00     0.00     0.00     0.00     0.00    0.00    0.00    0.00   0.00   0.00
sdb               0.00     0.00    0.00    0.00     0.00     0.00     0.00     0.00    0.00    0.00    0.00   0.00   0.00
sdc               0.00     0.00    0.00    0.00     0.00     0.00     0.00     0.00    0.00    0.00    0.00   0.00   0.00
sdd               0.00     0.00    0.00    0.00     0.00     0.00     0.00     0.00    0.00    0.00    0.00   0.00   0.00
sde               0.00     0.10    0.00    0.90     0.00     0.01    21.33     0.00    0.33    0.00    0.33   0.00   0.00
nvme2n1           0.00     0.00 73895.30 39696.00   288.65   155.06     8.00    30.77    0.27    0.40    0.02   0.01 100.31
nvme1n1           0.00     0.00    0.00    0.00     0.00     0.00     0.00     0.00    0.00    0.00    0.00   0.00   0.00
nvme3n1           0.00     0.00 72130.70 38869.50   281.76   151.83     8.00    30.75    0.27    0.41    0.02   0.01 100.32
nvme0n1           0.00     0.00    0.00    0.00     0.00     0.00     0.00     0.00    0.00    0.00    0.00   0.00   0.00
md1               0.00     0.00    0.00    0.00     0.00     0.00     0.00     0.00    0.00    0.00    0.00   0.00   0.00
md10              0.00     0.00    0.00    0.00     0.00     0.00     0.00     0.00    0.00    0.00    0.00   0.00   0.00

10/26/2018 03:15:02 PM
avg-cpu:  %user   %nice %system %iowait  %steal   %idle
           9.73    0.00   15.49    0.00    0.00   74.78

Device:         rrqm/s   wrqm/s     r/s     w/s    rMB/s    wMB/s avgrq-sz avgqu-sz   await r_await w_await  svctm  %util
sda               0.00     0.00    0.00    0.00     0.00     0.00     0.00     0.00    0.00    0.00    0.00   0.00   0.00
sdb               0.00     0.00    0.00    0.00     0.00     0.00     0.00     0.00    0.00    0.00    0.00   0.00   0.00
sdc               0.00     0.00    0.00    0.00     0.00     0.00     0.00     0.00    0.00    0.00    0.00   0.00   0.00
sdd               0.00     0.00    0.00    0.00     0.00     0.00     0.00     0.00    0.00    0.00    0.00   0.00   0.00
sde               0.00     0.00    0.00    0.00     0.00     0.00     0.00     0.00    0.00    0.00    0.00   0.00   0.00
nvme2n1           0.00     0.00 72244.70 38841.60   282.21   151.72     8.00    30.79    0.27    0.41    0.02   0.01 100.31
nvme1n1           0.00     0.00    0.00    0.00     0.00     0.00     0.00     0.00    0.00    0.00    0.00   0.00   0.00
nvme3n1           0.00     0.00 72840.60 39194.30   284.53   153.10     8.00    30.83    0.27    0.41    0.02   0.01 100.25
nvme0n1           0.00     0.00    0.00    0.00     0.00     0.00     0.00     0.00    0.00    0.00    0.00   0.00   0.00
md1               0.00     0.00    0.00    0.00     0.00     0.00     0.00     0.00    0.00    0.00    0.00   0.00   0.00
md10              0.00     0.00    0.00    0.00     0.00     0.00     0.00     0.00    0.00    0.00    0.00   0.00   0.00

10/26/2018 03:15:12 PM
avg-cpu:  %user   %nice %system %iowait  %steal   %idle
           9.79    0.00   15.69    0.00    0.00   74.53

Device:         rrqm/s   wrqm/s     r/s     w/s    rMB/s    wMB/s avgrq-sz avgqu-sz   await r_await w_await  svctm  %util
sda               0.00     0.00    0.00    0.00     0.00     0.00     0.00     0.00    0.00    0.00    0.00   0.00   0.00
sdb               0.00     0.00    0.00    0.00     0.00     0.00     0.00     0.00    0.00    0.00    0.00   0.00   0.00
sdc               0.00     0.00    0.00    0.00     0.00     0.00     0.00     0.00    0.00    0.00    0.00   0.00   0.00
sdd               0.00     0.00    0.00    0.00     0.00     0.00     0.00     0.00    0.00    0.00    0.00   0.00   0.00
sde               0.00     0.30    0.00    2.10     0.00     0.02    20.95     0.00    8.76    0.00    8.76   0.10   0.02
nvme2n1           0.00     0.00 72901.90 39200.50   284.77   153.13     8.00    30.80    0.27    0.41    0.02   0.01 100.36
nvme1n1           0.00     0.00    0.00    0.00     0.00     0.00     0.00     0.00    0.00    0.00    0.00   0.00   0.00
nvme3n1           0.00     0.00 72872.10 39191.20   284.66   153.09     8.00    30.79    0.27    0.41    0.02   0.01 100.34
nvme0n1           0.00     0.00    0.00    0.00     0.00     0.00     0.00     0.00    0.00    0.00    0.00   0.00   0.00
md1               0.00     0.00    0.00    0.00     0.00     0.00     0.00     0.00    0.00    0.00    0.00   0.00   0.00
md10              0.00     0.00    0.00    0.00     0.00     0.00     0.00     0.00    0.00    0.00    0.00   0.00   0.00

