Linux 4.19.0 (nvme-storage) 	10/26/2018 	_x86_64_	(8 CPU)

10/26/2018 03:03:30 PM
avg-cpu:  %user   %nice %system %iowait  %steal   %idle
           0.10    0.00    0.35    0.04    0.00   99.52

Device:         rrqm/s   wrqm/s     r/s     w/s    rMB/s    wMB/s avgrq-sz avgqu-sz   await r_await w_await  svctm  %util
sda               0.00     0.00    0.00    0.00     0.00     0.00    31.23     0.00    0.15    0.15    0.00   0.13   0.00
sdb               0.00     0.00    0.00    0.00     0.00     0.00    31.23     0.00    0.15    0.15    0.00   0.13   0.00
sdc               0.00     0.00    0.00    0.00     0.00     0.00    31.23     0.00    0.14    0.14    0.00   0.12   0.00
sdd               0.00     0.00    0.00    0.00     0.00     0.00    31.23     0.00    0.14    0.14    0.00   0.11   0.00
sde               0.01     0.04    0.29    0.32     0.01     0.00    51.49     0.00   12.83   12.77   12.87   2.27   0.14
nvme2n1          14.10     0.00  531.04  194.82    12.88     0.76    38.49     0.33    0.39    0.52    0.02   0.09   6.27
nvme1n1          16.87     0.00  148.01    0.03    10.31     0.00   142.56     5.47   36.55   36.56    0.11   0.35   5.17
nvme3n1           0.00    14.89  391.72  379.45     1.53    12.29    36.70     0.62    0.74    0.39    1.10   0.08   6.27
nvme0n1          16.87     0.00  148.01    0.03    10.31     0.00   142.56     5.47   36.55   36.56    0.10   0.35   5.15
md1               0.00     0.00    0.00    0.00     0.00     0.00    16.70     0.00    0.00    0.00    0.00   0.00   0.00
md10              0.00     0.00    0.00    0.00     0.00     0.00    24.00     0.00    0.00    0.00    0.00   0.00   0.00

10/26/2018 03:03:40 PM
avg-cpu:  %user   %nice %system %iowait  %steal   %idle
           3.47    0.00    9.18    0.00    0.00   87.35

Device:         rrqm/s   wrqm/s     r/s     w/s    rMB/s    wMB/s avgrq-sz avgqu-sz   await r_await w_await  svctm  %util
sda               0.00     0.00    0.00    0.00     0.00     0.00     0.00     0.00    0.00    0.00    0.00   0.00   0.00
sdb               0.00     0.00    0.00    0.00     0.00     0.00     0.00     0.00    0.00    0.00    0.00   0.00   0.00
sdc               0.00     0.00    0.00    0.00     0.00     0.00     0.00     0.00    0.00    0.00    0.00   0.00   0.00
sdd               0.00     0.00    0.00    0.00     0.00     0.00     0.00     0.00    0.00    0.00    0.00   0.00   0.00
sde               0.00     0.00    0.00    0.00     0.00     0.00     0.00     0.00    0.00    0.00    0.00   0.00   0.00
nvme2n1           0.00     0.00 23682.10 12766.60    92.51    49.87     8.00    10.75    0.29    0.44    0.02   0.01  35.92
nvme1n1         320.80     0.00 2855.20    0.30   198.50     0.00   142.37   105.63   36.63   36.63    0.00   0.33  93.33
nvme3n1           0.00     0.00 25086.80 13494.50    97.99    52.71     8.00    11.30    0.27    0.41    0.02   0.03 100.07
nvme0n1         320.80     0.00 2855.20    0.30   198.50     0.00   142.37   105.71   36.63   36.63    0.00   0.33  93.32
md1               0.00     0.00    0.00    0.00     0.00     0.00     0.00     0.00    0.00    0.00    0.00   0.00   0.00
md10              0.00     0.00    0.00    0.00     0.00     0.00     0.00     0.00    0.00    0.00    0.00   0.00   0.00

10/26/2018 03:03:50 PM
avg-cpu:  %user   %nice %system %iowait  %steal   %idle
           9.62    0.00   19.77    0.00    0.00   70.62

Device:         rrqm/s   wrqm/s     r/s     w/s    rMB/s    wMB/s avgrq-sz avgqu-sz   await r_await w_await  svctm  %util
sda               0.00     0.00    0.00    0.00     0.00     0.00     0.00     0.00    0.00    0.00    0.00   0.00   0.00
sdb               0.00     0.00    0.00    0.00     0.00     0.00     0.00     0.00    0.00    0.00    0.00   0.00   0.00
sdc               0.00     0.00    0.00    0.00     0.00     0.00     0.00     0.00    0.00    0.00    0.00   0.00   0.00
sdd               0.00     0.00    0.00    0.00     0.00     0.00     0.00     0.00    0.00    0.00    0.00   0.00   0.00
sde               0.00     0.00    0.00    0.30     0.00     0.00    32.00     0.00    0.00    0.00    0.00   0.00   0.00
nvme2n1           0.00     0.00 68483.60 36821.90   267.51   143.84     8.00    30.87    0.29    0.44    0.02   0.01 100.21
nvme1n1         351.10     0.00 2957.10    0.50   206.75     0.00   143.17   110.00   36.48   36.48    0.00   0.34  99.26
nvme3n1           0.00     0.00 73290.00 39473.00   286.29   154.19     8.00    30.59    0.27    0.40    0.02   0.01 100.21
nvme0n1         351.10     0.00 2957.50    0.50   206.78     0.00   143.16   110.17   36.48   36.48    0.20   0.34  99.25
md1               0.00     0.00    0.00    0.00     0.00     0.00     0.00     0.00    0.00    0.00    0.00   0.00   0.00
md10              0.00     0.00    0.00    0.00     0.00     0.00     0.00     0.00    0.00    0.00    0.00   0.00   0.00

10/26/2018 03:04:00 PM
avg-cpu:  %user   %nice %system %iowait  %steal   %idle
           9.64    0.00   18.93    0.00    0.00   71.43

Device:         rrqm/s   wrqm/s     r/s     w/s    rMB/s    wMB/s avgrq-sz avgqu-sz   await r_await w_await  svctm  %util
sda               0.00     0.00    0.00    0.00     0.00     0.00     0.00     0.00    0.00    0.00    0.00   0.00   0.00
sdb               0.00     0.00    0.00    0.00     0.00     0.00     0.00     0.00    0.00    0.00    0.00   0.00   0.00
sdc               0.00     0.00    0.00    0.00     0.00     0.00     0.00     0.00    0.00    0.00    0.00   0.00   0.00
sdd               0.00     0.00    0.00    0.00     0.00     0.00     0.00     0.00    0.00    0.00    0.00   0.00   0.00
sde               0.00     0.00    0.00    1.10     0.00     0.01    16.00     0.00    8.09    0.00    8.09   0.00   0.00
nvme2n1           0.00     0.00 67079.00 36215.20   262.03   141.47     8.00    30.94    0.30    0.45    0.02   0.01 100.32
nvme1n1         292.60     0.00 2649.20    0.50   183.88     0.00   142.12    97.02   36.64   36.65    0.20   0.36  94.60
nvme3n1           0.00     0.00 72134.00 38787.50   281.77   151.51     8.00    30.64    0.27    0.41    0.02   0.01 100.29
nvme0n1         292.60     0.00 2648.80    0.50   183.85     0.00   142.12    97.01   36.64   36.65    0.00   0.36  94.59
md1               0.00     0.00    0.00    0.00     0.00     0.00     0.00     0.00    0.00    0.00    0.00   0.00   0.00
md10              0.00     0.00    0.00    0.00     0.00     0.00     0.00     0.00    0.00    0.00    0.00   0.00   0.00

10/26/2018 03:04:10 PM
avg-cpu:  %user   %nice %system %iowait  %steal   %idle
           9.47    0.00   19.54    0.00    0.00   71.00

Device:         rrqm/s   wrqm/s     r/s     w/s    rMB/s    wMB/s avgrq-sz avgqu-sz   await r_await w_await  svctm  %util
sda               0.00     0.00    0.00    0.00     0.00     0.00     0.00     0.00    0.00    0.00    0.00   0.00   0.00
sdb               0.00     0.00    0.00    0.00     0.00     0.00     0.00     0.00    0.00    0.00    0.00   0.00   0.00
sdc               0.00     0.00    0.00    0.00     0.00     0.00     0.00     0.00    0.00    0.00    0.00   0.00   0.00
sdd               0.00     0.00    0.00    0.00     0.00     0.00     0.00     0.00    0.00    0.00    0.00   0.00   0.00
sde               0.00     0.40    0.00    0.20     0.00     0.00    48.00     0.00    0.00    0.00    0.00   0.00   0.00
nvme2n1           0.00     0.00 67338.70 36191.30   263.04   141.37     8.00    30.86    0.29    0.44    0.02   0.01 100.25
nvme1n1         351.90     0.00 2811.90    0.50   196.36     0.00   142.99   103.59   36.34   36.34    0.00   0.36 100.04
nvme3n1           0.00     0.00 72779.20 39144.00   284.29   152.91     8.00    30.60    0.27    0.41    0.02   0.01 100.31
nvme0n1         351.90     0.00 2812.10    0.50   196.39     0.00   143.00   103.37   36.34   36.35    0.00   0.36 100.00
md1               0.00     0.00    0.00    0.00     0.00     0.00     0.00     0.00    0.00    0.00    0.00   0.00   0.00
md10              0.00     0.00    0.00    0.00     0.00     0.00     0.00     0.00    0.00    0.00    0.00   0.00   0.00

10/26/2018 03:04:20 PM
avg-cpu:  %user   %nice %system %iowait  %steal   %idle
           9.57    0.00   19.36    0.00    0.00   71.06

Device:         rrqm/s   wrqm/s     r/s     w/s    rMB/s    wMB/s avgrq-sz avgqu-sz   await r_await w_await  svctm  %util
sda               0.00     0.00    0.00    0.00     0.00     0.00     0.00     0.00    0.00    0.00    0.00   0.00   0.00
sdb               0.00     0.00    0.00    0.00     0.00     0.00     0.00     0.00    0.00    0.00    0.00   0.00   0.00
sdc               0.00     0.00    0.00    0.00     0.00     0.00     0.00     0.00    0.00    0.00    0.00   0.00   0.00
sdd               0.00     0.00    0.00    0.00     0.00     0.00     0.00     0.00    0.00    0.00    0.00   0.00   0.00
sde               0.00     0.00    0.00    0.10     0.00     0.00    32.00     0.00    0.00    0.00    0.00   0.00   0.00
nvme2n1           0.00     0.00 66494.90 35828.90   259.75   139.96     8.00    30.94    0.30    0.45    0.02   0.01 100.26
nvme1n1         298.30     0.00 2839.10    0.50   197.46     0.00   142.42   104.70   36.59   36.59    0.20   0.30  85.65
nvme3n1           0.00     0.00 72886.70 39334.60   284.71   153.65     8.00    30.59    0.27    0.41    0.02   0.01 100.34
nvme0n1         298.30     0.00 2838.90    0.50   197.44     0.00   142.41   104.78   36.59   36.60    0.20   0.30  85.66
md1               0.00     0.00    0.00    0.00     0.00     0.00     0.00     0.00    0.00    0.00    0.00   0.00   0.00
md10              0.00     0.00    0.00    0.00     0.00     0.00     0.00     0.00    0.00    0.00    0.00   0.00   0.00

10/26/2018 03:04:30 PM
avg-cpu:  %user   %nice %system %iowait  %steal   %idle
           9.71    0.00   20.03    0.00    0.00   70.26

Device:         rrqm/s   wrqm/s     r/s     w/s    rMB/s    wMB/s avgrq-sz avgqu-sz   await r_await w_await  svctm  %util
sda               0.00     0.00    0.00    0.00     0.00     0.00     0.00     0.00    0.00    0.00    0.00   0.00   0.00
sdb               0.00     0.00    0.00    0.00     0.00     0.00     0.00     0.00    0.00    0.00    0.00   0.00   0.00
sdc               0.00     0.00    0.00    0.00     0.00     0.00     0.00     0.00    0.00    0.00    0.00   0.00   0.00
sdd               0.00     0.00    0.00    0.00     0.00     0.00     0.00     0.00    0.00    0.00    0.00   0.00   0.00
sde               0.00     0.10    0.00    1.50     0.00     0.01    18.13     0.00    9.07    0.00    9.07   0.07   0.01
nvme2n1           0.00     0.00 71607.80 38501.60   279.72   150.40     8.00    30.82    0.28    0.42    0.02   0.01 100.32
nvme1n1         359.90     0.00 3077.50    0.50   214.84     0.00   142.95   113.50   36.47   36.47    0.00   0.32  98.92
nvme3n1           0.00     0.00 71860.30 38735.70   280.70   151.31     8.00    30.70    0.27    0.41    0.02   0.01 100.39
nvme0n1         359.90     0.00 3077.50    0.50   214.84     0.00   142.95   113.43   36.47   36.48    0.20   0.32  98.95
md1               0.00     0.00    0.00    0.00     0.00     0.00     0.00     0.00    0.00    0.00    0.00   0.00   0.00
md10              0.00     0.00    0.00    0.00     0.00     0.00     0.00     0.00    0.00    0.00    0.00   0.00   0.00

