====================host=================
+++++++++++++++++++++/dev/md1++++++++++++++++++
/dev/md1:
           Version : 1.2
     Creation Time : Mon Oct 29 17:41:09 2018
        Raid Level : raid1
        Array Size : 976629440 (931.39 GiB 1000.07 GB)
     Used Dev Size : 976629440 (931.39 GiB 1000.07 GB)
      Raid Devices : 2
     Total Devices : 2
       Persistence : Superblock is persistent

     Intent Bitmap : Internal

       Update Time : Mon Oct 29 17:41:09 2018
             State : clean 
    Active Devices : 2
   Working Devices : 2
    Failed Devices : 0
     Spare Devices : 0

Consistency Policy : bitmap

              Name : hoon:1  (local to host hoon)
              UUID : 79d41a68:fb401869:60e4ded3:a6ecb2a2
            Events : 0

    Number   Major   Minor   RaidDevice State
       0     259        4        0      active sync   /dev/nvme2n1p1
       1     259        3        1      active sync   /dev/nvme3n1p1
+++++++++++++++++++++/etc/mdadm.conf++++++++++++++++++
