nvme0n1          18.05     0.00  158.24    0.03    11.02     0.00   142.57     5.85   36.55   36.56    0.10   0.35   5.61
nvme0n1           0.00     0.00 13192.00 11885.60    51.56    46.43     8.00     1.37    0.02    0.02    0.03   0.04 100.10
nvme0n1           0.00     0.00 92644.70 77377.70   361.89   302.26     8.00     2.93    0.02    0.02    0.02   0.01 100.27
nvme0n1           0.00     0.00 92706.30 77302.50   362.13   301.96     8.00     3.06    0.02    0.02    0.02   0.01 100.51
nvme0n1           0.00     0.00 92655.90 77433.80   361.94   302.48     8.00     3.18    0.02    0.02    0.02   0.01 100.46
nvme0n1           0.00     0.00 92784.90 77126.90   362.44   301.28     8.00     3.34    0.02    0.02    0.02   0.01 100.42
nvme0n1           0.00     0.00 93314.70 77416.30   364.51   302.41     8.00     3.54    0.02    0.02    0.02   0.01 100.44
nvme0n1           0.00     0.00 93138.60 77211.10   363.82   301.61     8.00     3.70    0.02    0.02    0.02   0.01 100.42
nvme0n1           0.00     0.00 93598.00 77753.50   365.62   303.72     8.00     3.95    0.02    0.03    0.02   0.01 100.46
nvme0n1           0.00     0.00 93825.10 77687.20   366.50   303.47     8.00     4.14    0.02    0.03    0.02   0.01 100.42
nvme0n1           0.00     0.00 93697.40 77681.30   366.01   303.44     8.00     4.38    0.02    0.03    0.02   0.01 100.45
nvme0n1           0.00     0.00 94076.80 77735.90   367.49   303.66     8.00     4.63    0.03    0.03    0.02   0.01 100.31
nvme0n1           0.00     0.00 94062.10 77752.90   367.43   303.72     8.00     4.89    0.03    0.04    0.02   0.01 100.35
nvme0n1           0.00     0.00 94310.90 77724.30   368.40   303.61     8.00     5.15    0.03    0.04    0.02   0.01 100.42
nvme0n1           0.00     0.00 94017.30 77494.40   367.26   302.71     8.00     5.33    0.03    0.04    0.02   0.01 100.48
nvme0n1           0.00     0.00 94315.10 77740.70   368.42   303.67     8.00     5.73    0.03    0.04    0.02   0.01 100.54
nvme0n1           0.00     0.00 94329.00 77695.20   368.47   303.50     8.00     5.89    0.03    0.05    0.02   0.01 100.35
nvme0n1           0.00     0.00 94202.20 77659.60   367.98   303.36     8.00     6.28    0.04    0.05    0.02   0.01 100.32
nvme0n1           0.00     0.00 93882.60 77210.30   366.73   301.60     8.00     6.47    0.04    0.05    0.02   0.01 100.45
nvme0n1           0.00     0.00 93938.90 77160.00   366.95   301.41     8.00     6.74    0.04    0.06    0.02   0.01 100.40
nvme0n1           0.00     0.00 94342.20 77598.70   368.52   303.12     8.00     7.16    0.04    0.06    0.02   0.01 100.45
nvme0n1           0.00     0.00 94732.90 77774.90   370.05   303.81     8.00     7.46    0.04    0.06    0.02   0.01 100.37
nvme0n1           0.00     0.00 94515.90 77518.00   369.20   302.80     8.00     7.77    0.04    0.07    0.02   0.01 100.45
nvme0n1           0.00     0.00 94431.90 77507.80   368.87   302.76     8.00     7.93    0.04    0.07    0.02   0.01 100.45
nvme0n1           0.00     0.00 93928.70 77071.80   366.91   301.06     8.00     8.39    0.05    0.07    0.02   0.01 100.46
nvme0n1           0.00     0.00 93959.80 77131.70   367.03   301.30     8.00     8.45    0.05    0.07    0.02   0.01 100.52
nvme0n1           0.00     0.00 93979.80 77293.20   367.11   301.93     8.00     8.98    0.05    0.08    0.02   0.01 100.49
nvme0n1           0.00     0.00 93922.10 77093.10   366.88   301.14     8.00     9.09    0.05    0.08    0.02   0.01 100.40
nvme0n1           0.00     0.00 94394.90 77364.00   368.73   302.20     8.00     9.69    0.06    0.09    0.02   0.01 100.48
nvme0n1           0.00     0.00 94278.50 77320.30   368.28   302.03     8.00     9.95    0.06    0.09    0.02   0.01 100.42
nvme0n1           0.00     0.00 94062.30 77489.20   367.43   302.69     8.00    10.11    0.06    0.09    0.02   0.01 100.42
nvme0n1           0.00     0.00 94655.80 77657.20   369.75   303.35     8.00    10.58    0.06    0.10    0.02   0.01 100.48
nvme0n1           0.00     0.00 94609.00 77705.60   369.57   303.54     8.00    10.80    0.06    0.10    0.02   0.01 100.41
nvme0n1           0.00     0.00 94566.20 77468.30   369.40   302.61     8.00    11.32    0.06    0.10    0.02   0.01 100.40
nvme0n1           0.00     0.00 94298.50 77345.00   368.35   302.13     8.00    11.26    0.06    0.10    0.02   0.01 100.40
nvme0n1           0.00     0.00 93263.10 76546.10   364.31   299.01     8.00    11.87    0.07    0.11    0.02   0.01 100.34
nvme0n1           0.00     0.00 93377.10 76596.00   364.75   299.20     8.00    11.80    0.07    0.11    0.02   0.01 100.41
nvme0n1           0.00     0.00 92599.30 76190.60   361.72   297.62     8.00    11.96    0.07    0.11    0.02   0.01 100.45
nvme0n1           0.00     0.00 92984.20 76280.40   363.22   297.97     8.00    12.32    0.07    0.12    0.02   0.01 100.39
nvme0n1           0.00     0.00 92903.50 76249.30   362.90   297.85     8.00    12.55    0.07    0.12    0.02   0.01 100.35
nvme0n1           0.00     0.00 92019.58 75628.77   359.45   295.43     8.00    12.87    0.08    0.12    0.02   0.01 100.29
nvme0n1           0.00     0.00 92056.80 75647.30   359.60   295.50     8.00    12.78    0.07    0.12    0.02   0.01 100.39
nvme0n1           0.00     0.00 91224.80 74856.90   356.35   292.41     8.00    13.17    0.08    0.13    0.02   0.01 100.47
nvme0n1           0.00     0.00 91935.60 75406.30   359.12   294.56     8.00    13.31    0.08    0.13    0.02   0.01 100.33
nvme0n1           0.00     0.00 90983.70 74717.00   355.41   291.86     8.00    13.41    0.08    0.13    0.02   0.01 100.38
nvme0n1           0.00     0.00 90345.10 74235.20   352.91   289.98     8.00    13.50    0.08    0.13    0.02   0.01 100.43
nvme0n1           0.00     0.00 90060.20 73920.80   351.80   288.75     8.00    13.52    0.08    0.13    0.02   0.01 100.32
nvme0n1           0.00     0.00 89094.30 73301.80   348.02   286.34     8.00    13.78    0.08    0.14    0.02   0.01 100.44
nvme0n1           0.00     0.00 89146.30 73111.00   348.23   285.59     8.00    13.65    0.08    0.14    0.02   0.01 100.34
nvme0n1           0.00     0.00 89253.80 73607.90   348.65   287.53     8.00    14.33    0.09    0.14    0.02   0.01 100.30
nvme0n1           0.00     0.00 89155.20 73400.70   348.26   286.72     8.00    14.66    0.09    0.15    0.02   0.01 100.28
nvme0n1           0.00     0.00 89022.10 73210.00   347.74   285.98     8.00    14.43    0.09    0.15    0.02   0.01 100.31
nvme0n1           0.00     0.00 88362.00 72663.90   345.16   283.84     8.00    15.03    0.09    0.15    0.02   0.01 100.29
nvme0n1           0.00     0.00 87439.30 71942.10   341.56   281.02     8.00    14.31    0.09    0.15    0.02   0.01 100.34
nvme0n1           0.00     0.00 87742.80 72033.30   342.75   281.38     8.00    14.88    0.09    0.15    0.02   0.01 100.32
nvme0n1           0.00     0.00 86974.50 71756.10   339.74   280.30     8.00    15.10    0.09    0.16    0.02   0.01 100.25
nvme0n1           0.00     0.00 86997.30 71564.70   339.83   279.55     8.00    15.49    0.10    0.16    0.02   0.01 100.29
nvme0n1           0.00     0.00 87068.50 71663.80   340.11   279.94     8.00    15.29    0.09    0.16    0.02   0.01 100.30
nvme0n1           0.00     0.00 86098.70 70732.20   336.32   276.30     8.00    15.39    0.10    0.16    0.02   0.01 100.30
nvme0n1           0.00     0.00 86539.70 71140.50   338.05   277.89     8.00    15.51    0.10    0.16    0.02   0.01 100.43
nvme0n1           0.00     0.00 85681.30 70485.40   334.69   275.33     8.00    15.44    0.10    0.16    0.02   0.01 100.35
nvme0n1           0.00     0.00 85676.90 70383.40   334.68   274.94     8.00    15.87    0.10    0.17    0.02   0.01 100.44
nvme0n1           0.00     0.00 85429.30 70415.50   333.71   275.06     8.00    15.99    0.10    0.17    0.02   0.01 100.43
nvme0n1           0.00     0.00 85450.10 70344.80   333.79   274.78     8.00    15.98    0.10    0.17    0.02   0.01 100.39
nvme0n1           0.00     0.00 84444.80 69509.90   329.86   271.52     8.00    15.95    0.10    0.17    0.02   0.01 100.28
nvme0n1           0.00     0.00 84511.20 69631.60   330.12   272.00     8.00    16.13    0.10    0.17    0.02   0.01 100.50
nvme0n1           0.00     0.00 84359.80 69512.70   329.53   271.53     8.00    16.10    0.10    0.17    0.02   0.01 100.35
nvme0n1           0.00     0.00 83450.00 68788.30   325.98   268.70     8.00    16.21    0.10    0.18    0.02   0.01 100.36
nvme0n1           0.00     0.00 83576.20 68764.60   326.47   268.61     8.00    16.34    0.11    0.18    0.02   0.01 100.30
nvme0n1           0.00     0.00 83565.90 68933.00   326.43   269.27     8.00    16.13    0.10    0.18    0.02   0.01 100.33
nvme0n1           0.00     0.00 82926.90 68288.60   323.93   266.75     8.00    16.66    0.11    0.18    0.02   0.01 100.37
nvme0n1           0.00     0.00 82824.40 68316.30   323.53   266.86     8.00    17.00    0.11    0.19    0.02   0.01 100.37
nvme0n1           0.00     0.00 82520.20 67875.90   322.34   265.14     8.00    16.21    0.11    0.18    0.02   0.01 100.21
nvme0n1           0.00     0.00 81864.40 67443.80   319.78   263.45     8.00    16.72    0.11    0.19    0.02   0.01 100.33
nvme0n1           0.00     0.00 81797.80 67509.60   319.52   263.71     8.00    17.02    0.11    0.19    0.02   0.01 100.34
nvme0n1           0.00     0.00 81475.10 67272.40   318.26   262.78     8.00    17.11    0.11    0.19    0.02   0.01 100.37
nvme0n1           0.00     0.00 81665.90 67500.90   319.01   263.68     8.00    17.08    0.11    0.19    0.02   0.01 100.40
nvme0n1           0.00     0.00 81147.00 66919.30   316.98   261.40     8.00    17.25    0.11    0.19    0.02   0.01 100.39
nvme0n1           0.00     0.00 80686.80 66648.20   315.18   260.34     8.00    17.49    0.12    0.20    0.02   0.01 100.43
nvme0n1           0.00     0.00 80496.30 66336.00   314.44   259.12     8.00    17.47    0.12    0.20    0.02   0.01 100.43
nvme0n1           0.00     0.00 80825.90 66526.60   315.73   259.87     8.00    17.16    0.11    0.19    0.02   0.01 100.35
nvme0n1           0.00     0.00 80051.90 65856.40   312.70   257.25     8.00    17.15    0.12    0.20    0.02   0.01 100.31
nvme0n1           0.00     0.00 79391.50 65652.80   310.12   256.46     8.00    17.35    0.12    0.20    0.02   0.01 100.29
nvme0n1           0.00     0.00 79473.80 65625.30   310.44   256.35     8.00    17.25    0.12    0.20    0.02   0.01 100.33
nvme0n1           0.00     0.00 79079.20 65132.60   308.90   254.42     8.00    17.47    0.12    0.20    0.02   0.01 100.33
nvme0n1           0.00     0.00 79035.30 65198.90   308.73   254.68     8.00    17.26    0.12    0.20    0.02   0.01 100.34
nvme0n1           0.00     0.00 78863.30 65127.20   308.06   254.40     8.00    17.34    0.12    0.20    0.02   0.01 100.39
nvme0n1           0.00     0.00 78276.90 64604.10   305.77   252.36     8.00    17.60    0.12    0.21    0.02   0.01 100.35
nvme0n1           0.00     0.00 78320.30 64632.50   305.94   252.47     8.00    17.41    0.12    0.20    0.02   0.01 100.31
nvme0n1           0.00     0.00 78073.20 64460.70   304.97   251.80     8.00    17.10    0.12    0.20    0.02   0.01 100.24
nvme0n1           0.00     0.00 77948.90 64345.80   304.49   251.35     8.00    17.57    0.12    0.21    0.02   0.01 100.37
nvme0n1           0.00     0.00 77453.30 64075.60   302.55   250.30     8.00    17.56    0.12    0.21    0.02   0.01 100.20
nvme0n1           0.00     0.00 77338.50 63963.30   302.10   249.86     8.00    18.08    0.13    0.21    0.02   0.01 100.31
nvme0n1           0.00     0.00 77422.30 64096.80   302.43   250.38     8.00    17.74    0.12    0.21    0.02   0.01 100.33
nvme0n1           0.00     0.00 76979.60 63852.50   300.70   249.42     8.00    17.51    0.12    0.21    0.02   0.01 100.24
nvme0n1           0.00     0.00 76589.30 63317.80   299.18   247.34     8.00    17.58    0.12    0.21    0.02   0.01 100.18
nvme0n1           0.00     0.00 75945.70 62675.30   296.66   244.83     8.00    17.54    0.12    0.21    0.02   0.01 100.28
nvme0n1           0.00     0.00 75810.00 62638.20   296.13   244.68     8.00    17.51    0.12    0.21    0.02   0.01 100.37
nvme0n1           0.00     0.00 75860.60 62698.60   296.33   244.92     8.00    17.68    0.12    0.21    0.02   0.01 100.27
nvme0n1           0.00     0.00 76459.20 63055.30   298.67   246.31     8.00    17.11    0.12    0.21    0.02   0.01 100.25
nvme0n1           0.00     0.00 76030.70 62758.60   296.99   245.15     8.00    17.63    0.12    0.21    0.02   0.01 100.32
nvme0n1           0.00     0.00 75393.10 62261.10   294.50   243.21     8.00    17.67    0.13    0.22    0.02   0.01 100.25
nvme0n1           0.00     0.00 75031.40 62094.60   293.09   242.56     8.00    17.86    0.13    0.22    0.02   0.01 100.34
nvme0n1           0.00     0.00 74814.90 61841.00   292.25   241.57     8.00    18.18    0.13    0.22    0.02   0.01 100.33
nvme0n1           0.00     0.00 74753.50 61668.60   292.01   240.89     8.00    18.10    0.13    0.22    0.02   0.01 100.23
nvme0n1           0.00     0.00 75152.30 62019.30   293.56   242.26     8.00    18.09    0.13    0.22    0.02   0.01 100.38
nvme0n1           0.00     0.00 74495.80 61364.20   291.00   239.70     8.00    18.00    0.13    0.22    0.02   0.01 100.34
nvme0n1           0.00     0.00 73695.20 60947.40   287.87   238.08     8.00    18.13    0.13    0.23    0.02   0.01 100.31
nvme0n1           0.00     0.00 73579.80 60893.30   287.42   237.86     8.00    18.28    0.13    0.23    0.02   0.01 100.34
nvme0n1           0.00     0.00 73237.70 60498.10   286.08   236.32     8.00    17.88    0.13    0.22    0.02   0.01 100.30
nvme0n1           0.00     0.00 73468.60 60730.80   286.99   237.23     8.00    18.02    0.13    0.23    0.02   0.01 100.31
nvme0n1           0.00     0.00 73892.90 60925.80   288.64   237.99     8.00    18.14    0.13    0.23    0.02   0.01 100.35
nvme0n1           0.00     0.00 73861.30 61070.20   288.52   238.56     8.00    18.30    0.13    0.23    0.02   0.01 100.42
nvme0n1           0.00     0.00 73134.70 60404.90   285.68   235.96     8.00    18.46    0.14    0.23    0.02   0.01 100.33
nvme0n1           0.00     0.00 72580.20 60120.50   283.52   234.85     8.00    18.44    0.14    0.23    0.02   0.01 100.31
nvme0n1           0.00     0.00 72512.70 59947.60   283.25   234.17     8.00    18.33    0.14    0.23    0.02   0.01 100.37
nvme0n1           0.00     0.00 72133.50 59588.00   281.77   232.77     8.00    18.38    0.14    0.24    0.02   0.01 100.25
nvme0n1           0.00     0.00 72208.00 59680.20   282.06   233.13     8.00    18.33    0.14    0.23    0.02   0.01 100.34
nvme0n1           0.00     0.00 72112.10 59556.60   281.69   232.64     8.00    18.43    0.14    0.24    0.02   0.01 100.33
nvme0n1           0.00     0.00 72105.60 59901.10   281.66   233.99     8.00    18.54    0.14    0.24    0.02   0.01 100.25
nvme0n1           0.00     0.00 72101.80 59630.10   281.65   232.93     8.00    18.40    0.14    0.24    0.02   0.01 100.30
nvme0n1           0.00     0.00 71352.20 58882.20   278.72   230.01     8.00    18.58    0.14    0.24    0.02   0.01 100.25
nvme0n1           0.00     0.00 71558.30 59198.40   279.52   231.24     8.00    18.40    0.14    0.24    0.02   0.01 100.28
nvme0n1           0.00     0.00 71141.40 58723.30   277.90   229.39     8.00    18.51    0.14    0.24    0.02   0.01 100.26
nvme0n1           0.00     0.00 71221.00 58728.50   278.21   229.41     8.00    18.60    0.14    0.24    0.02   0.01 100.23
nvme0n1           0.00     0.00 70796.00 58545.90   276.55   228.70     8.00    18.39    0.14    0.24    0.02   0.01 100.24
nvme0n1           0.00     0.00 70768.00 58633.90   276.44   229.04     8.00    18.59    0.14    0.24    0.02   0.01 100.31
nvme0n1           0.00     0.00 70040.10 58022.60   273.59   226.65     8.00    18.57    0.14    0.25    0.02   0.01 100.25
nvme0n1           0.00     0.00 70502.10 58313.70   275.40   227.79     8.00    18.37    0.14    0.24    0.02   0.01 100.20
nvme0n1           0.00     0.00 70753.40 58494.90   276.38   228.50     8.00    18.15    0.14    0.24    0.02   0.01 100.30
nvme0n1           0.00     0.00 70173.40 58184.60   274.11   227.28     8.00    18.35    0.14    0.24    0.02   0.01 100.24
nvme0n1           0.00     0.00 70579.80 58287.10   275.70   227.68     8.00    18.55    0.14    0.24    0.02   0.01 100.26
nvme0n1           0.00     0.00 69642.90 57677.20   272.04   225.30     8.00    18.77    0.14    0.25    0.02   0.01 100.29
nvme0n1           0.00     0.00 69043.30 57267.60   269.70   223.70     8.00    18.52    0.14    0.25    0.02   0.01 100.32
nvme0n1           0.00     0.00 69111.30 57243.50   269.97   223.61     8.00    18.52    0.14    0.25    0.02   0.01 100.26
nvme0n1           0.00     0.00 69423.90 57418.50   271.19   224.29     8.00    18.01    0.14    0.24    0.02   0.01 100.31
nvme0n1           0.00     0.00 68863.10 56906.40   269.00   222.29     8.00    18.34    0.14    0.25    0.02   0.01 100.26
nvme0n1           0.00     0.00 68982.00 56980.80   269.46   222.58     8.00    18.24    0.14    0.25    0.02   0.01 100.36
nvme0n1           0.00     0.00 69033.20 57194.20   269.66   223.41     8.00    18.61    0.14    0.25    0.02   0.01 100.27
nvme0n1           0.00     0.00 68811.90 57014.80   268.80   222.71     8.00    18.68    0.15    0.25    0.02   0.01 100.21
nvme0n1           0.00     0.00 68735.00 57027.10   268.50   222.76     8.00    18.25    0.14    0.25    0.02   0.01 100.30
nvme0n1           0.00     0.00 68540.70 56692.50   267.74   221.46     8.00    18.32    0.14    0.25    0.02   0.01 100.39
nvme0n1           0.00     0.00 68829.60 56721.50   268.87   221.57     8.00    18.37    0.14    0.25    0.02   0.01 100.31
nvme0n1           0.00     0.00 68615.30 56799.50   268.03   221.87     8.00    18.01    0.14    0.24    0.02   0.01 100.31
nvme0n1           0.00     0.00 68400.70 56562.40   267.19   220.95     8.00    18.11    0.14    0.24    0.02   0.01 100.33
nvme0n1           0.00     0.00 68238.50 56325.20   266.56   220.02     8.00    18.55    0.15    0.25    0.02   0.01 100.29
nvme0n1           0.00     0.00 68174.70 56353.70   266.31   220.13     8.00    18.49    0.15    0.25    0.02   0.01 100.26
nvme0n1           0.00     0.00 67759.00 56043.80   264.68   218.92     8.00    18.64    0.15    0.26    0.02   0.01 100.19
nvme0n1           0.00     0.00 67436.90 56007.80   263.43   218.78     8.00    18.53    0.15    0.26    0.02   0.01 100.26
nvme0n1           0.00     0.00 67271.60 56016.60   262.78   218.81     8.00    18.81    0.15    0.26    0.02   0.01 100.30
nvme0n1           0.00     0.00 66913.00 55477.50   261.38   216.71     8.00    18.78    0.15    0.26    0.02   0.01 100.25
nvme0n1           0.00     0.00 66793.60 55216.70   260.91   215.69     8.00    19.02    0.15    0.27    0.02   0.01 100.35
nvme0n1           0.00     0.00 67248.60 55670.30   262.69   217.46     8.00    18.23    0.15    0.25    0.02   0.01 100.25
nvme0n1           0.00     0.00 67389.30 55756.50   263.24   217.80     8.00    18.62    0.15    0.26    0.02   0.01 100.33
nvme0n1           0.00     0.00 66759.10 55220.20   260.78   215.70     8.00    18.80    0.15    0.26    0.02   0.01 100.28
nvme0n1           0.00     0.00 66747.70 55244.80   260.73   215.80     8.00    18.76    0.15    0.26    0.02   0.01 100.31
nvme0n1           0.00     0.00 66786.80 55363.20   260.89   216.26     8.00    18.83    0.15    0.26    0.02   0.01 100.24
nvme0n1           0.00     0.00 66547.00 55053.90   259.95   215.05     8.00    18.85    0.15    0.26    0.02   0.01 100.30
nvme0n1           0.00     0.00 66343.50 54888.70   259.15   214.41     8.00    19.06    0.15    0.27    0.02   0.01 100.30
nvme0n1           0.00     0.00 66143.20 54844.00   258.37   214.23     8.00    18.97    0.15    0.27    0.02   0.01 100.27
nvme0n1           0.00     0.00 66234.00 54762.80   258.73   213.92     8.00    18.80    0.15    0.26    0.02   0.01 100.24
nvme0n1           0.00     0.00 66242.10 54701.30   258.76   213.68     8.00    18.84    0.15    0.26    0.02   0.01 100.30
nvme0n1           0.00     0.00 66062.50 54546.90   258.06   213.07     8.00    18.92    0.15    0.27    0.02   0.01 100.37
nvme0n1           0.00     0.00 65609.00 54278.70   256.29   212.03     8.00    18.74    0.15    0.27    0.02   0.01 100.18
nvme0n1           0.00     0.00 65731.50 54227.50   256.76   211.83     8.00    18.99    0.15    0.27    0.02   0.01 100.24
nvme0n1           0.00     0.00 66011.20 54507.10   257.86   212.92     8.00    18.23    0.15    0.26    0.02   0.01 100.32
nvme0n1           0.00     0.00 65612.20 54362.70   256.30   212.35     8.00    18.56    0.15    0.26    0.02   0.01 100.34
nvme0n1           0.00     0.00 65671.00 54275.60   256.53   212.01     8.00    18.29    0.15    0.26    0.02   0.01 100.31
nvme0n1           0.00     0.00 65269.00 53946.70   254.96   210.73     8.00    18.79    0.15    0.27    0.02   0.01 100.24
nvme0n1           0.00     0.00 65757.60 54248.70   256.87   211.91     8.00    18.33    0.15    0.26    0.02   0.01 100.23
nvme0n1           0.00     0.00 65511.80 54221.60   255.91   211.80     8.00    18.76    0.15    0.27    0.02   0.01 100.26
nvme0n1           0.00     0.00 65189.90 54002.30   254.65   210.95     8.00    18.77    0.15    0.27    0.02   0.01 100.24
nvme0n1           0.00     0.00 64984.50 53791.00   253.85   210.12     8.00    18.94    0.16    0.27    0.02   0.01 100.27
nvme0n1           0.00     0.00 64750.80 53556.10   252.93   209.20     8.00    18.62    0.15    0.27    0.02   0.01 100.20
nvme0n1           0.00     0.00 64754.90 53659.30   252.95   209.61     8.00    18.79    0.16    0.27    0.02   0.01 100.21
nvme0n1           0.00     0.00 64338.60 53391.00   251.32   208.56     8.00    18.96    0.16    0.28    0.02   0.01 100.27
nvme0n1           0.00     0.00 64346.50 53265.60   251.35   208.07     8.00    18.78    0.16    0.27    0.02   0.01 100.31
nvme0n1           0.00     0.00 64199.40 53191.10   250.78   207.78     8.00    19.08    0.16    0.28    0.02   0.01 100.22
nvme0n1           0.00     0.00 64465.30 53263.70   251.82   208.06     8.00    19.06    0.16    0.27    0.02   0.01 100.25
nvme0n1           0.00     0.00 64624.80 53268.60   252.44   208.08     8.00    18.76    0.16    0.27    0.02   0.01 100.29
nvme0n1           0.00     0.00 64493.70 53396.90   251.93   208.58     8.00    18.85    0.16    0.27    0.02   0.01 100.19
nvme0n1           0.00     0.00 64435.80 53481.20   251.70   208.91     8.00    18.72    0.16    0.27    0.02   0.01 100.29
nvme0n1           0.00     0.00 64303.30 53216.70   251.18   207.88     8.00    18.82    0.16    0.27    0.02   0.01 100.22
nvme0n1           0.00     0.00 63993.90 53010.30   249.98   207.07     8.00    18.84    0.16    0.27    0.02   0.01 100.29
nvme0n1           0.00     0.00 63609.90 52804.80   248.48   206.27     8.00    19.07    0.16    0.28    0.02   0.01 100.29
nvme0n1           0.00     0.00 64043.00 52943.40   250.17   206.81     8.00    18.87    0.16    0.27    0.02   0.01 100.22
nvme0n1           0.00     0.00 63732.20 52578.60   248.95   205.39     8.00    18.96    0.16    0.28    0.02   0.01 100.25
nvme0n1           0.00     0.00 64116.70 52727.60   250.46   205.97     8.00    18.72    0.16    0.27    0.02   0.01 100.22
nvme0n1           0.00     0.00 63766.40 52670.00   249.09   205.74     8.00    18.65    0.16    0.27    0.02   0.01 100.35
nvme0n1           0.00     0.00 63588.50 52573.10   248.39   205.36     8.00    19.07    0.16    0.28    0.02   0.01 100.29
nvme0n1           0.00     0.00 63355.90 52409.00   247.48   204.72     8.00    18.86    0.16    0.28    0.02   0.01 100.23
nvme0n1           0.00     0.00 63192.80 52262.80   246.85   204.15     8.00    19.12    0.16    0.28    0.02   0.01 100.20
nvme0n1           0.00     0.00 63140.00 52321.00   246.64   204.38     8.00    19.06    0.16    0.28    0.02   0.01 100.23
nvme0n1           0.00     0.00 63075.00 52253.30   246.39   204.11     8.00    19.23    0.16    0.29    0.02   0.01 100.21
nvme0n1           0.00     0.00 63141.80 52292.90   246.65   204.27     8.00    18.79    0.16    0.28    0.02   0.01 100.29
nvme0n1           0.00     0.00 63103.10 52155.30   246.50   203.73     8.00    19.05    0.16    0.28    0.02   0.01 100.18
nvme0n1           0.00     0.00 63239.20 52297.50   247.03   204.29     8.00    18.69    0.16    0.28    0.02   0.01 100.36
nvme0n1           0.00     0.00 63043.70 52117.70   246.26   203.59     8.00    18.87    0.16    0.28    0.02   0.01 100.18
nvme0n1           0.00     0.00 62635.70 51948.80   244.67   202.92     8.00    18.90    0.16    0.28    0.02   0.01 100.24
nvme0n1           0.00     0.00 62587.00 51723.70   244.48   202.05     8.00    19.01    0.16    0.28    0.02   0.01 100.27
nvme0n1           0.00     0.00 62373.70 51764.20   243.65   202.20     8.00    19.05    0.16    0.29    0.02   0.01 100.26
nvme0n1           0.00     0.00 62459.30 51559.80   243.98   201.41     8.00    19.17    0.16    0.29    0.02   0.01 100.35
nvme0n1           0.00     0.00 62355.10 51486.00   243.57   201.12     8.00    19.34    0.17    0.29    0.02   0.01 100.19
nvme0n1           0.00     0.00 62583.20 51876.50   244.47   202.64     8.00    18.69    0.16    0.28    0.02   0.01 100.22
nvme0n1           0.00     0.00 62477.70 51598.10   244.05   201.56     8.00    19.05    0.16    0.28    0.02   0.01 100.32
nvme0n1           0.00     0.00 62228.90 51555.20   243.08   201.39     8.00    18.86    0.16    0.28    0.02   0.01 100.16
nvme0n1           0.00     0.00 62231.30 51510.80   243.09   201.21     8.00    18.89    0.16    0.28    0.02   0.01 100.27
nvme0n1           0.00     0.00 61911.20 51339.40   241.84   200.54     8.00    19.07    0.16    0.29    0.02   0.01 100.27
nvme0n1           0.00     0.00 61787.30 51173.80   241.36   199.90     8.00    19.26    0.17    0.29    0.02   0.01 100.21
nvme0n1           0.00     0.00 61404.40 50763.70   239.86   198.30     8.00    19.14    0.17    0.29    0.02   0.01 100.25
nvme0n1           0.00     0.00 61644.10 50929.60   240.80   198.94     8.00    19.07    0.17    0.29    0.02   0.01 100.18
nvme0n1           0.00     0.00 61636.60 51099.30   240.77   199.61     8.00    18.93    0.16    0.29    0.02   0.01 100.22
nvme0n1           0.00     0.00 61988.40 51407.50   242.14   200.81     8.00    18.64    0.16    0.28    0.02   0.01 100.33
nvme0n1           0.00     0.00 62043.70 51351.90   242.36   200.59     8.00    18.94    0.16    0.28    0.02   0.01 100.33
nvme0n1           0.00     0.00 61716.30 51001.90   241.08   199.23     8.00    19.09    0.17    0.29    0.02   0.01 100.38
nvme0n1           0.00     0.00 61711.00 51186.00   241.06   199.95     8.00    19.01    0.16    0.29    0.02   0.01 100.21
nvme0n1           0.00     0.00 60919.80 50370.30   237.97   196.76     8.00    19.23    0.17    0.30    0.02   0.01 100.31
nvme0n1           0.00     0.00 61395.70 50751.80   239.83   198.25     8.00    19.18    0.17    0.29    0.02   0.01 100.21
nvme0n1           0.00     0.00 61175.40 50522.10   238.97   197.35     8.00    19.30    0.17    0.30    0.02   0.01 100.27
nvme0n1           0.00     0.00 61483.00 50720.90   240.17   198.13     8.00    19.19    0.17    0.29    0.02   0.01 100.16
nvme0n1           0.00     0.00 61392.00 50595.30   239.81   197.64     8.00    19.03    0.17    0.29    0.02   0.01 100.27
nvme0n1           0.00     0.00 61168.70 50525.80   238.94   197.37     8.00    19.13    0.17    0.29    0.02   0.01 100.24
nvme0n1           0.00     0.00 61004.00 50370.90   238.30   196.76     8.00    19.29    0.17    0.30    0.02   0.01 100.32
nvme0n1           0.00     0.00 61010.90 50557.20   238.32   197.49     8.00    18.64    0.16    0.28    0.02   0.01 100.26
nvme0n1           0.00     0.00 61316.90 50707.30   239.52   198.08     8.00    19.05    0.17    0.29    0.02   0.01 100.26
nvme0n1           0.00     0.00 61398.70 50821.30   239.84   198.52     8.00    18.93    0.17    0.29    0.02   0.01 100.31
nvme0n1           0.00     0.00 61052.00 50501.50   238.48   197.27     8.00    19.11    0.17    0.29    0.02   0.01 100.26
nvme0n1           0.00     0.00 61503.90 50734.10   240.25   198.18     8.00    18.69    0.16    0.28    0.02   0.01 100.29
nvme0n1           0.00     0.00 60569.20 50181.50   236.60   196.02     8.00    19.13    0.17    0.30    0.02   0.01 100.28
nvme0n1           0.00     0.00 60324.90 49834.30   235.64   194.67     8.00    19.58    0.17    0.30    0.02   0.01 100.28
nvme0n1           0.00     0.00 59718.70 49335.50   233.28   192.72     8.00    19.49    0.18    0.31    0.02   0.01 100.27
nvme0n1           0.00     0.00 60009.70 49611.20   234.41   193.79     8.00    19.34    0.17    0.30    0.02   0.01 100.21
nvme0n1           0.00     0.00 60640.50 50155.00   236.88   195.92     8.00    19.06    0.17    0.29    0.02   0.01 100.17
nvme0n1           0.00     0.00 60396.20 50077.60   235.92   195.62     8.00    19.11    0.17    0.30    0.02   0.01 100.26
nvme0n1           0.00     0.00 59957.30 49810.30   234.21   194.57     8.00    19.51    0.17    0.30    0.02   0.01 100.35
nvme0n1           0.00     0.00 59952.60 49668.40   234.19   194.02     8.00    19.23    0.17    0.30    0.02   0.01 100.24
nvme0n1           0.00     0.00 60114.10 49729.40   234.82   194.26     8.00    19.24    0.17    0.30    0.02   0.01 100.25
nvme0n1           0.00     0.00 60104.50 49737.10   234.78   194.29     8.00    19.10    0.17    0.30    0.02   0.01 100.32
nvme0n1           0.00     0.00 59744.90 49610.80   233.38   193.79     8.00    19.47    0.17    0.31    0.02   0.01 100.22
nvme0n1           0.00     0.00 59973.60 49799.20   234.27   194.53     8.00    19.17    0.17    0.30    0.02   0.01 100.21
nvme0n1           0.00     0.00 59368.60 49139.50   231.91   191.95     8.00    19.21    0.17    0.30    0.02   0.01 100.21
nvme0n1           0.00     0.00 59086.90 48996.20   230.81   191.39     8.00    19.41    0.18    0.31    0.02   0.01 100.28
nvme0n1           0.00     0.00 59612.60 49393.50   232.86   192.94     8.00    19.31    0.17    0.30    0.02   0.01 100.25
nvme0n1           0.00     0.00 59684.80 49492.90   233.14   193.33     8.00    19.32    0.17    0.30    0.02   0.01 100.25
nvme0n1           0.00     0.00 59152.20 49063.70   231.06   191.66     8.00    19.31    0.17    0.31    0.02   0.01 100.31
nvme0n1           0.00     0.00 59229.80 48894.30   231.37   190.99     8.00    19.68    0.18    0.31    0.02   0.01 100.42
nvme0n1           0.00     0.00 59851.00 49564.80   233.79   193.61     8.00    19.25    0.17    0.30    0.02   0.01 100.23
nvme0n1           0.00     0.00 59709.70 49442.80   233.24   193.14     8.00    19.07    0.17    0.30    0.02   0.01 100.22
nvme0n1           0.00     0.00 59701.20 49177.20   233.21   192.10     8.00    19.13    0.17    0.30    0.02   0.01 100.18
nvme0n1           0.00     0.00 59842.50 49538.70   233.76   193.51     8.00    19.01    0.17    0.30    0.02   0.01 100.29
nvme0n1           0.00     0.00 59627.90 49333.60   232.92   192.71     8.00    19.32    0.17    0.30    0.02   0.01 100.20
nvme0n1           0.00     0.00 59372.20 49175.40   231.92   192.09     8.00    19.21    0.17    0.30    0.02   0.01 100.32
nvme0n1           0.00     0.00 58926.00 48636.60   230.18   189.99     8.00    19.36    0.18    0.31    0.02   0.01 100.23
nvme0n1           0.00     0.00 58913.29 48572.83   230.13   189.74     8.00    19.22    0.18    0.31    0.02   0.01 100.15
nvme0n1           0.00     0.00 58960.20 48775.20   230.31   190.53     8.00    19.22    0.17    0.31    0.02   0.01 100.25
nvme0n1           0.00     0.00 59013.00 48831.20   230.52   190.75     8.00    19.55    0.18    0.31    0.02   0.01 100.37
nvme0n1           0.00     0.00 58941.40 48740.50   230.24   190.39     8.00    19.65    0.18    0.31    0.02   0.01 100.20
nvme0n1           0.00     0.00 58873.70 48614.50   229.98   189.90     8.00    19.30    0.18    0.31    0.02   0.01 100.18
nvme0n1           0.00     0.00 59017.00 48781.10   230.54   190.55     8.00    19.34    0.18    0.31    0.02   0.01 100.30
nvme0n1           0.00     0.00 58339.50 48422.00   227.89   189.15     8.00    19.66    0.18    0.32    0.02   0.01 100.21
nvme0n1           0.00     0.00 58841.10 48695.60   229.85   190.22     8.00    19.25    0.18    0.31    0.02   0.01 100.23
nvme0n1           0.00     0.00 59353.50 49078.20   231.85   191.71     8.00    19.01    0.17    0.30    0.02   0.01 100.27
nvme0n1           0.00     0.00 58959.20 48755.60   230.31   190.45     8.00    19.46    0.18    0.31    0.02   0.01 100.27
nvme0n1           0.00     0.00 59269.70 49134.70   231.52   191.93     8.00    19.07    0.17    0.30    0.02   0.01 100.20
nvme0n1           0.00     0.00 59081.70 48865.80   230.79   190.88     8.00    19.15    0.17    0.30    0.02   0.01 100.23
nvme0n1           0.00     0.00 59140.80 48878.50   231.02   190.93     8.00    19.17    0.17    0.30    0.02   0.01 100.16
nvme0n1           0.00     0.00 59098.00 48940.70   230.85   191.17     8.00    19.51    0.18    0.31    0.02   0.01 100.29
nvme0n1           0.00     0.00 58730.40 48582.20   229.42   189.77     8.00    19.53    0.18    0.31    0.02   0.01 100.18
nvme0n1           0.00     0.00 57992.60 48147.80   226.53   188.08     8.00    19.61    0.18    0.32    0.02   0.01 100.32
nvme0n1           0.00     0.00 58338.70 48302.00   227.89   188.68     8.00    19.37    0.18    0.31    0.02   0.01 100.31
nvme0n1           0.00     0.00 58051.80 48201.00   226.76   188.29     8.00    19.33    0.18    0.31    0.02   0.01 100.25
nvme0n1           0.00     0.00 58136.00 48177.70   227.09   188.19     8.00    19.32    0.18    0.31    0.02   0.01 100.21
nvme0n1           0.00     0.00 58036.40 48039.40   226.70   187.65     8.00    19.31    0.18    0.31    0.02   0.01 100.21
nvme0n1           0.00     0.00 58263.30 48269.20   227.59   188.55     8.00    19.44    0.18    0.31    0.02   0.01 100.23
nvme0n1           0.00     0.00 58528.60 48254.00   228.63   188.49     8.00    19.40    0.18    0.31    0.02   0.01 100.26
nvme0n1           0.00     0.00 58092.70 48107.50   226.92   187.92     8.00    19.47    0.18    0.31    0.02   0.01 100.35
nvme0n1           0.00     0.00 57984.30 48040.40   226.50   187.66     8.00    19.40    0.18    0.31    0.02   0.01 100.23
nvme0n1           0.00     0.00 58215.60 48033.90   227.40   187.63     8.00    19.55    0.18    0.32    0.02   0.01 100.21
nvme0n1           0.00     0.00 58519.40 48290.90   228.59   188.64     8.00    19.41    0.18    0.31    0.02   0.01 100.24
nvme0n1           0.00     0.00 58295.20 48211.70   227.72   188.33     8.00    19.44    0.18    0.31    0.02   0.01 100.27
nvme0n1           0.00     0.00 58400.10 48258.30   228.13   188.51     8.00    19.43    0.18    0.31    0.02   0.01 100.31
nvme0n1           0.00     0.00 58478.00 48408.20   228.43   189.09     8.00    19.33    0.18    0.31    0.02   0.01 100.31
nvme0n1           0.00     0.00 58176.10 48252.90   227.25   188.49     8.00    19.36    0.18    0.31    0.02   0.01 100.28
nvme0n1           0.00     0.00 57483.60 47773.10   224.55   186.61     8.00    19.44    0.18    0.32    0.02   0.01 100.30
nvme0n1           0.00     0.00 57605.10 47698.90   225.02   186.32     8.00    19.64    0.18    0.32    0.02   0.01 100.29
nvme0n1           0.00     0.00 58083.00 48031.30   226.89   187.62     8.00    19.37    0.18    0.31    0.02   0.01 100.27
nvme0n1           0.00     0.00 57921.50 47921.10   226.26   187.19     8.00    19.40    0.18    0.31    0.02   0.01 100.25
nvme0n1           0.00     0.00 57565.90 47706.30   224.87   186.35     8.00    19.23    0.18    0.31    0.02   0.01 100.23
nvme0n1           0.00     0.00 57789.60 47588.70   225.74   185.89     8.00    19.39    0.18    0.31    0.02   0.01 100.24
nvme0n1           0.00     0.00 57825.30 47863.70   225.88   186.97     8.00    19.56    0.18    0.32    0.02   0.01 100.26
nvme0n1           0.00     0.00 57572.10 47530.00   224.89   185.66     8.00    19.22    0.18    0.31    0.02   0.01 100.18
nvme0n1           0.00     0.00 57605.00 47639.60   225.02   186.09     8.00    19.54    0.18    0.32    0.02   0.01 100.38
nvme0n1           0.00     0.00 57678.40 47741.20   225.31   186.49     8.00    19.41    0.18    0.32    0.02   0.01 100.33
nvme0n1           0.00     0.00 57388.20 47548.30   224.17   185.74     8.00    19.28    0.18    0.31    0.02   0.01 100.19
nvme0n1           0.00     0.00 56277.00 46706.20   219.83   182.45     8.00    19.16    0.18    0.32    0.02   0.01 100.28
nvme0n1           0.00     0.00 56824.40 47163.20   221.97   184.23     8.00    18.94    0.18    0.31    0.02   0.01 100.30
nvme0n1           0.00     0.00 56743.80 47047.30   221.66   183.78     8.00    19.51    0.18    0.32    0.02   0.01 100.33
nvme0n1           0.00     0.00 56944.50 47142.60   222.44   184.15     8.00    19.28    0.18    0.32    0.02   0.01 100.19
nvme0n1           0.00     0.00 57236.60 47537.60   223.58   185.69     8.00    19.22    0.18    0.32    0.02   0.01 100.23
nvme0n1           0.00     0.00 57170.50 47439.90   223.32   185.31     8.00    19.12    0.18    0.31    0.02   0.01 100.27
nvme0n1           0.00     0.00 57279.10 47449.40   223.75   185.35     8.00    19.33    0.18    0.32    0.02   0.01 100.16
nvme0n1           0.00     0.00 56780.20 47061.50   221.80   183.83     8.00    19.57    0.18    0.32    0.02   0.01 100.32
nvme0n1           0.00     0.00 56841.20 47034.40   222.04   183.73     8.00    19.49    0.18    0.32    0.02   0.01 100.18
nvme0n1           0.00     0.00 57568.30 47547.80   224.88   185.73     8.00    19.39    0.18    0.32    0.02   0.01 100.20
nvme0n1           0.00     0.00 57311.40 47625.10   223.87   186.04     8.00    19.54    0.18    0.32    0.02   0.01 100.24
nvme0n1           0.00     0.00 56720.50 46864.50   221.56   183.06     8.00    19.50    0.18    0.32    0.02   0.01 100.28
nvme0n1           0.00     0.00 57059.90 47239.20   222.89   184.53     8.00    19.58    0.18    0.32    0.02   0.01 100.39
nvme0n1           0.00     0.00 57042.80 47187.60   222.82   184.33     8.00    19.36    0.18    0.32    0.02   0.01 100.27
nvme0n1           0.00     0.00 57210.40 47268.30   223.48   184.64     8.00    19.28    0.18    0.32    0.02   0.01 100.27
nvme0n1           0.00     0.00 56809.20 46898.50   221.91   183.20     8.00    19.63    0.19    0.33    0.02   0.01 100.17
nvme0n1           0.00     0.00 57035.70 47240.10   222.80   184.53     8.00    19.50    0.18    0.32    0.02   0.01 100.27
nvme0n1           0.00     0.00 56913.20 47140.60   222.32   184.14     8.00    19.50    0.18    0.32    0.02   0.01 100.21
nvme0n1           0.00     0.00 57207.20 47304.60   223.47   184.78     8.00    19.48    0.18    0.32    0.02   0.01 100.16
nvme0n1           0.00     0.00 56578.60 46781.30   221.01   182.74     8.00    19.58    0.19    0.33    0.02   0.01 100.17
nvme0n1           0.00     0.00 56971.80 47231.80   222.55   184.50     8.00    19.08    0.18    0.31    0.02   0.01 100.20
nvme0n1           0.00     0.00 56248.00 46547.10   219.72   181.82     8.00    19.33    0.18    0.32    0.02   0.01 100.32
nvme0n1           0.00     0.00 56890.50 47103.60   222.23   184.00     8.00    19.70    0.19    0.33    0.02   0.01 100.24
nvme0n1           0.00     0.00 57159.00 47303.40   223.28   184.78     8.00    19.53    0.18    0.32    0.02   0.01 100.21
nvme0n1           0.00     0.00 56826.70 47041.00   221.98   183.75     8.00    19.38    0.18    0.32    0.02   0.01 100.20
nvme0n1           0.00     0.00 55957.70 46254.30   218.58   180.68     8.00    19.69    0.19    0.33    0.02   0.01 100.28
nvme0n1           0.00     0.00 56348.80 46563.40   220.11   181.89     8.00    19.43    0.18    0.32    0.02   0.01 100.14
nvme0n1           0.00     0.00 56067.80 46557.10   219.01   181.86     8.00    19.50    0.19    0.33    0.02   0.01 100.19
nvme0n1           0.00     0.00 55428.80 45792.90   216.52   178.88     8.00    19.72    0.19    0.33    0.02   0.01 100.26
nvme0n1           0.00     0.00 55932.50 46286.10   218.49   180.80     8.00    19.54    0.19    0.33    0.02   0.01 100.25
nvme0n1           0.00     0.00 56295.70 46695.70   219.91   182.41     8.00    19.71    0.19    0.33    0.02   0.01 100.23
nvme0n1           0.00     0.00 56481.70 46851.50   220.63   183.01     8.00    19.50    0.19    0.32    0.02   0.01 100.15
nvme0n1           0.00     0.00 56353.10 46617.80   220.13   182.10     8.00    19.65    0.19    0.33    0.02   0.01 100.22
nvme0n1           0.00     0.00 56788.10 46993.50   221.83   183.57     8.00    19.54    0.18    0.32    0.02   0.01 100.26
nvme0n1           0.00     0.00 56139.50 46571.50   219.29   181.92     8.00    19.65    0.19    0.33    0.02   0.01 100.31
nvme0n1           0.00     0.00 56439.30 46657.90   220.47   182.26     8.00    19.34    0.18    0.32    0.02   0.01 100.21
nvme0n1           0.00     0.00 55420.00 46017.20   216.48   179.75     8.00    19.34    0.19    0.33    0.02   0.01 100.23
nvme0n1           0.00     0.00 55529.30 45903.80   216.91   179.31     8.00    19.56    0.19    0.33    0.02   0.01 100.24
nvme0n1           0.00     0.00 56052.80 46571.10   218.96   181.92     8.00    19.64    0.19    0.33    0.02   0.01 100.20
nvme0n1           0.00     0.00 54545.80 45431.60   213.07   177.47     8.00    20.10    0.20    0.35    0.02   0.01 100.31
nvme0n1           0.00     0.00 56393.10 46736.40   220.29   182.56     8.00    19.35    0.18    0.32    0.02   0.01 100.27
nvme0n1           0.00     0.00 56045.40 46353.60   218.93   181.07     8.00    19.68    0.19    0.33    0.02   0.01 100.27
nvme0n1           0.00     0.00 57177.50 47327.10   223.35   184.87     8.00    19.18    0.18    0.31    0.02   0.01 100.17
nvme0n1           0.00     0.00 56431.70 46618.30   220.44   182.10     8.00    19.14    0.18    0.32    0.02   0.01 100.22
nvme0n1           0.00     0.00 55772.80 46107.50   217.86   180.11     8.00    19.79    0.19    0.33    0.02   0.01 100.12
nvme0n1           0.00     0.00 55615.90 46067.10   217.25   179.95     8.00    19.36    0.19    0.33    0.02   0.01 100.15
nvme0n1           0.00     0.00 56006.50 46458.60   218.77   181.48     8.00    19.34    0.18    0.32    0.02   0.01 100.23
nvme0n1           0.00     0.00 56120.20 46489.90   219.22   181.60     8.00    19.65    0.19    0.33    0.02   0.01 100.17
nvme0n1           0.00     0.00 56052.00 46486.20   218.95   181.59     8.00    19.52    0.19    0.33    0.02   0.01 100.15
nvme0n1           0.00     0.00 55560.40 45951.90   217.03   179.50     8.00    19.61    0.19    0.33    0.02   0.01 100.21
nvme0n1           0.00     0.00 56046.60 46424.00   218.93   181.34     8.00    19.47    0.19    0.33    0.02   0.01 100.21
nvme0n1           0.00     0.00 55679.20 46161.70   217.50   180.32     8.00    19.29    0.19    0.33    0.02   0.01 100.14
nvme0n1           0.00     0.00 55093.10 45700.30   215.21   178.52     8.00    19.58    0.19    0.33    0.02   0.01 100.23
nvme0n1           0.00     0.00 55012.30 45408.20   214.89   177.38     8.00    19.17    0.19    0.33    0.02   0.01 100.19
nvme0n1           0.00     0.00 55342.20 46007.90   216.18   179.72     8.00    19.61    0.19    0.33    0.02   0.01 100.23
nvme0n1           0.00     0.00 55603.00 46135.50   217.20   180.22     8.00    19.42    0.19    0.33    0.02   0.01 100.24
nvme0n1           0.00     0.00 55075.30 45675.10   215.14   178.42     8.00    19.29    0.19    0.33    0.02   0.01 100.23
nvme0n1           0.00     0.00 54861.70 45399.80   214.30   177.34     8.00    19.63    0.19    0.34    0.02   0.01 100.26
nvme0n1           0.00     0.00 54573.50 45228.50   213.18   176.67     8.00    19.42    0.19    0.33    0.02   0.01 100.24
nvme0n1           0.00     0.00 55354.10 45839.60   216.23   179.06     8.00    19.70    0.19    0.34    0.02   0.01 100.22
nvme0n1           0.00     0.00 56179.50 46506.10   219.45   181.66     8.00    19.21    0.18    0.32    0.02   0.01 100.21
nvme0n1           0.00     0.00 55765.10 46269.00   217.83   180.74     8.00    19.55    0.19    0.33    0.02   0.01 100.31
nvme0n1           0.00     0.00 55526.30 46135.50   216.90   180.22     8.00    19.52    0.19    0.33    0.02   0.01 100.20
nvme0n1           0.00     0.00 55392.30 46004.20   216.38   179.70     8.00    19.46    0.19    0.33    0.02   0.01 100.27
nvme0n1           0.00     0.00 55028.30 45656.00   214.95   178.34     8.00    19.58    0.19    0.33    0.02   0.01 100.32
nvme0n1           0.00     0.00 54729.30 45378.40   213.79   177.26     8.00    19.47    0.19    0.33    0.02   0.01 100.23
nvme0n1           0.00     0.00 55080.30 45543.70   215.16   177.91     8.00    19.53    0.19    0.33    0.02   0.01 100.31
nvme0n1           0.00     0.00 55504.80 45961.10   216.82   179.54     8.00    19.45    0.19    0.33    0.02   0.01 100.30
nvme0n1           0.00     0.00 55460.20 46116.60   216.64   180.14     8.00    19.56    0.19    0.33    0.02   0.01 100.26
nvme0n1           0.00     0.00 56277.70 46565.00   219.83   181.89     8.00    19.39    0.18    0.32    0.02   0.01 100.28
nvme0n1           0.00     0.00 56381.20 46723.40   220.24   182.51     8.00    19.43    0.18    0.32    0.02   0.01 100.22
nvme0n1           0.00     0.00 55546.10 46084.80   216.98   180.02     8.00    19.60    0.19    0.33    0.02   0.01 100.16
nvme0n1           0.00     0.00 54572.60 45152.80   213.17   176.38     8.00    19.46    0.19    0.34    0.02   0.01 100.19
nvme0n1           0.00     0.00 55000.70 45508.00   214.85   177.77     8.00    19.53    0.19    0.33    0.02   0.01 100.25
nvme0n1           0.00     0.00 55084.10 45647.10   215.17   178.31     8.00    19.34    0.19    0.33    0.02   0.01 100.18
nvme0n1           0.00     0.00 55184.30 45823.80   215.56   179.00     8.00    19.64    0.19    0.33    0.02   0.01 100.24
nvme0n1           0.00     0.00 54964.30 45502.60   214.70   177.74     8.00    19.75    0.19    0.34    0.02   0.01 100.31
nvme0n1           0.00     0.00 54820.80 45499.80   214.14   177.73     8.00    19.52    0.19    0.34    0.02   0.01 100.18
nvme0n1           0.00     0.00 54636.30 45331.80   213.42   177.08     8.00    19.52    0.19    0.34    0.02   0.01 100.26
nvme0n1           0.00     0.00 54418.10 44998.10   212.57   175.77     8.00    19.73    0.19    0.34    0.02   0.01 100.23
nvme0n1           0.00     0.00 54600.20 45156.80   213.28   176.39     8.00    19.35    0.19    0.33    0.02   0.01 100.23
nvme0n1           0.00     0.00 55111.60 45795.70   215.28   178.89     8.00    19.29    0.19    0.33    0.02   0.01 100.23
nvme0n1           0.00     0.00 55435.80 45911.00   216.55   179.34     8.00    19.49    0.19    0.33    0.02   0.01 100.22
nvme0n1           0.00     0.00 55675.80 45946.20   217.48   179.48     8.00    19.23    0.19    0.32    0.02   0.01 100.21
nvme0n1           0.00     0.00 55344.80 45687.00   216.19   178.46     8.00    19.64    0.19    0.33    0.02   0.01 100.27
nvme0n1           0.00     0.00 55078.00 45563.20   215.15   177.98     8.00    19.72    0.19    0.34    0.02   0.01 100.20
nvme0n1           0.00     0.00 55344.20 45788.80   216.19   178.86     8.00    19.25    0.19    0.33    0.02   0.01 100.21
nvme0n1           0.00     0.00 54891.40 45522.40   214.42   177.82     8.00    19.64    0.19    0.34    0.02   0.01 100.15
