nvme1n1          18.05     0.00  158.24    0.03    11.02     0.00   142.57     5.85   36.55   36.56    0.11   0.36   5.62
nvme1n1           0.00     0.00 7302.60 11884.20    28.58    46.42     8.01     0.73    0.03    0.03    0.04   0.02  35.76
nvme1n1           0.00     0.00 50930.40 77377.60   198.95   302.26     8.00     2.08    0.01    0.02    0.01   0.01 100.27
nvme1n1           0.00     0.00 50818.10 77302.50   198.51   301.96     8.00     2.15    0.02    0.02    0.01   0.01 100.25
nvme1n1           0.00     0.00 50519.60 77433.70   197.34   302.48     8.00     2.19    0.02    0.02    0.01   0.01 100.18
nvme1n1           0.00     0.00 50673.00 77126.90   197.94   301.28     8.00     2.24    0.02    0.02    0.01   0.01 100.28
nvme1n1           0.00     0.00 50627.70 77416.20   197.76   302.41     8.00     2.32    0.02    0.02    0.01   0.01 100.20
nvme1n1           0.00     0.00 50723.30 77211.20   198.14   301.61     8.00     2.44    0.02    0.02    0.01   0.01 100.25
nvme1n1           0.00     0.00 50698.50 77753.90   198.04   303.73     8.00     2.51    0.02    0.02    0.01   0.01 100.21
nvme1n1           0.00     0.00 50432.00 77686.90   197.00   303.46     8.00     2.59    0.02    0.02    0.01   0.01 100.31
nvme1n1           0.00     0.00 50525.80 77681.60   197.37   303.44     8.00     2.69    0.02    0.03    0.01   0.01 100.29
nvme1n1           0.00     0.00 50157.50 77735.00   195.93   303.65     8.00     2.77    0.02    0.03    0.02   0.01 100.36
nvme1n1           0.00     0.00 50187.40 77753.10   196.04   303.72     8.00     2.88    0.02    0.03    0.02   0.01 100.35
nvme1n1           0.00     0.00 50096.30 77724.50   195.69   303.61     8.00     2.99    0.02    0.03    0.01   0.01 100.18
nvme1n1           0.00     0.00 50086.80 77494.80   195.65   302.71     8.00     3.07    0.02    0.03    0.01   0.01 100.31
nvme1n1           0.00     0.00 49964.10 77740.70   195.17   303.67     8.00     3.26    0.02    0.04    0.02   0.01 100.26
nvme1n1           0.00     0.00 50000.10 77695.00   195.31   303.50     8.00     3.29    0.02    0.04    0.02   0.01 100.31
nvme1n1           0.00     0.00 49734.10 77660.20   194.27   303.36     8.00     3.42    0.03    0.04    0.02   0.01 100.26
nvme1n1           0.00     0.00 49659.30 77209.90   193.98   301.60     8.00     3.49    0.03    0.04    0.02   0.01 100.29
nvme1n1           0.00     0.00 49680.60 77159.80   194.06   301.41     8.00     3.69    0.03    0.05    0.02   0.01 100.28
nvme1n1           0.00     0.00 49532.30 77598.70   193.49   303.12     8.00     3.79    0.03    0.05    0.01   0.01 100.30
nvme1n1           0.00     0.00 49886.10 77775.00   194.87   303.81     8.00     3.88    0.03    0.05    0.02   0.01 100.22
nvme1n1           0.00     0.00 49932.40 77518.00   195.05   302.80     8.00     4.06    0.03    0.05    0.02   0.01 100.22
nvme1n1           0.00     0.00 49547.90 77508.20   193.55   302.77     8.00     4.10    0.03    0.05    0.02   0.01 100.24
nvme1n1           0.00     0.00 49477.10 77071.10   193.27   301.06     8.00     4.30    0.03    0.06    0.01   0.01 100.26
nvme1n1           0.00     0.00 49432.30 77131.90   193.09   301.30     8.00     4.31    0.03    0.06    0.02   0.01 100.34
nvme1n1           0.00     0.00 49451.10 77293.10   193.17   301.93     8.00     4.54    0.03    0.06    0.02   0.01 100.30
nvme1n1           0.00     0.00 49491.20 77093.70   193.32   301.15     8.00     4.64    0.03    0.07    0.02   0.01 100.44
nvme1n1           0.00     0.00 49400.30 77363.70   192.97   302.20     8.00     4.86    0.04    0.07    0.02   0.01 100.27
nvme1n1           0.00     0.00 49513.60 77320.30   193.41   302.03     8.00     4.95    0.04    0.07    0.02   0.01 100.27
nvme1n1           0.00     0.00 49406.30 77489.30   192.99   302.69     8.00     5.07    0.04    0.07    0.02   0.01 100.41
nvme1n1           0.00     0.00 49500.80 77656.30   193.36   303.34     8.00     5.27    0.04    0.08    0.02   0.01 100.36
nvme1n1           0.00     0.00 49624.30 77706.20   193.84   303.54     8.00     5.38    0.04    0.08    0.02   0.01 100.24
nvme1n1           0.00     0.00 49599.20 77468.10   193.75   302.61     8.00     5.53    0.04    0.08    0.01   0.01 100.34
nvme1n1           0.00     0.00 49307.20 77345.40   192.61   302.13     8.00     5.51    0.04    0.08    0.02   0.01 100.32
nvme1n1           0.00     0.00 48823.50 76545.70   190.72   299.01     8.00     5.72    0.04    0.09    0.02   0.01 100.27
nvme1n1           0.00     0.00 49102.60 76596.20   191.81   299.20     8.00     5.78    0.04    0.09    0.02   0.01 100.25
nvme1n1           0.00     0.00 48752.80 76190.40   190.44   297.62     8.00     5.98    0.05    0.09    0.02   0.01 100.24
nvme1n1           0.00     0.00 49009.90 76280.60   191.44   297.97     8.00     6.01    0.05    0.09    0.02   0.01 100.29
nvme1n1           0.00     0.00 48613.50 76249.40   189.90   297.85     8.00     6.19    0.05    0.10    0.02   0.01 100.22
nvme1n1           0.00     0.00 48466.63 75628.97   189.32   295.43     8.00     6.29    0.05    0.10    0.02   0.01 100.23
nvme1n1           0.00     0.00 48248.30 75646.90   188.47   295.50     8.00     6.23    0.05    0.10    0.02   0.01 100.25
nvme1n1           0.00     0.00 47991.70 74857.20   187.47   292.41     8.00     6.59    0.05    0.11    0.02   0.01 100.22
nvme1n1           0.00     0.00 48355.50 75406.60   188.89   294.56     8.00     6.57    0.05    0.11    0.02   0.01 100.25
nvme1n1           0.00     0.00 47675.80 74716.80   186.23   291.86     8.00     6.75    0.05    0.11    0.02   0.01 100.25
nvme1n1           0.00     0.00 47554.80 74235.50   185.76   289.98     8.00     6.53    0.05    0.11    0.02   0.01 100.28
nvme1n1           0.00     0.00 47501.00 73920.60   185.55   288.75     8.00     6.65    0.05    0.11    0.01   0.01 100.26
nvme1n1           0.00     0.00 47013.80 73301.10   183.65   286.33     8.00     6.72    0.05    0.11    0.02   0.01 100.15
nvme1n1           0.00     0.00 47082.70 73111.30   183.92   285.59     8.00     6.68    0.05    0.11    0.02   0.01 100.24
nvme1n1           0.00     0.00 47201.60 73608.20   184.38   287.53     8.00     7.23    0.06    0.12    0.02   0.01 100.31
nvme1n1           0.00     0.00 46918.50 73400.10   183.28   286.72     8.00     7.13    0.06    0.12    0.02   0.01 100.22
nvme1n1           0.00     0.00 46901.00 73210.20   183.21   285.98     8.00     7.24    0.06    0.12    0.02   0.01 100.24
nvme1n1           0.00     0.00 46657.40 72664.20   182.26   283.84     8.00     7.54    0.06    0.13    0.02   0.01 100.32
nvme1n1           0.00     0.00 46200.20 71942.00   180.47   281.02     8.00     7.00    0.06    0.12    0.02   0.01 100.24
nvme1n1           0.00     0.00 46034.20 72033.50   179.82   281.38     8.00     7.25    0.06    0.13    0.02   0.01 100.30
nvme1n1           0.00     0.00 45880.50 71755.90   179.22   280.30     8.00     7.43    0.06    0.13    0.02   0.01 100.26
nvme1n1           0.00     0.00 45932.00 71565.10   179.42   279.55     8.00     7.22    0.06    0.13    0.02   0.01 100.25
nvme1n1           0.00     0.00 45999.60 71663.50   179.69   279.94     8.00     7.68    0.06    0.14    0.01   0.01 100.28
nvme1n1           0.00     0.00 45439.00 70732.10   177.50   276.30     8.00     7.51    0.06    0.14    0.02   0.01 100.22
nvme1n1           0.00     0.00 45644.60 71140.50   178.30   277.89     8.00     7.54    0.06    0.13    0.02   0.01 100.21
nvme1n1           0.00     0.00 45390.20 70485.30   177.31   275.33     8.00     7.79    0.06    0.14    0.02   0.01 100.23
nvme1n1           0.00     0.00 45108.10 70383.70   176.20   274.94     8.00     7.73    0.06    0.14    0.02   0.01 100.35
nvme1n1           0.00     0.00 45059.80 70415.20   176.01   275.06     8.00     7.78    0.06    0.14    0.02   0.01 100.21
nvme1n1           0.00     0.00 45244.10 70344.80   176.73   274.78     8.00     8.28    0.07    0.15    0.02   0.01 100.19
nvme1n1           0.00     0.00 44693.80 69510.00   174.59   271.52     8.00     8.12    0.07    0.15    0.02   0.01 100.25
nvme1n1           0.00     0.00 44759.40 69631.40   174.84   272.00     8.00     7.85    0.07    0.15    0.02   0.01 100.23
nvme1n1           0.00     0.00 44866.60 69512.40   175.26   271.53     8.00     8.22    0.07    0.15    0.02   0.01 100.20
nvme1n1           0.00     0.00 44359.60 68789.00   173.28   268.71     8.00     8.18    0.07    0.15    0.02   0.01 100.28
nvme1n1           0.00     0.00 44430.30 68764.40   173.56   268.61     8.00     8.25    0.07    0.16    0.02   0.01 100.22
nvme1n1           0.00     0.00 44331.70 68932.90   173.17   269.27     8.00     8.29    0.07    0.16    0.02   0.01 100.23
nvme1n1           0.00     0.00 44034.00 68288.70   172.01   266.75     8.00     8.45    0.07    0.16    0.02   0.01 100.16
nvme1n1           0.00     0.00 43793.40 68316.00   171.07   266.86     8.00     8.51    0.07    0.16    0.02   0.01 100.32
nvme1n1           0.00     0.00 43674.90 67876.80   170.61   265.14     8.00     8.13    0.07    0.16    0.02   0.01 100.28
nvme1n1           0.00     0.00 43521.70 67443.20   170.01   263.45     8.00     8.58    0.07    0.17    0.02   0.01 100.19
nvme1n1           0.00     0.00 43306.70 67509.00   169.17   263.71     8.00     8.60    0.07    0.17    0.02   0.01 100.27
nvme1n1           0.00     0.00 43392.00 67272.60   169.50   262.78     8.00     8.64    0.08    0.17    0.02   0.01 100.25
nvme1n1           0.00     0.00 43491.20 67501.50   169.89   263.68     8.00     9.03    0.08    0.18    0.02   0.01 100.32
nvme1n1           0.00     0.00 43142.70 66919.60   168.53   261.40     8.00     9.04    0.08    0.18    0.02   0.01 100.21
nvme1n1           0.00     0.00 42828.90 66647.20   167.30   260.34     8.00     8.77    0.08    0.17    0.02   0.01 100.25
nvme1n1           0.00     0.00 42686.10 66335.80   166.74   259.12     8.00     8.63    0.08    0.17    0.02   0.01 100.24
nvme1n1           0.00     0.00 42896.80 66526.80   167.57   259.87     8.00     8.98    0.08    0.18    0.02   0.01 100.16
nvme1n1           0.00     0.00 42629.30 65856.80   166.52   257.25     8.00     9.05    0.08    0.18    0.02   0.01 100.27
nvme1n1           0.00     0.00 42257.10 65652.90   165.07   256.46     8.00     8.68    0.08    0.17    0.02   0.01 100.22
nvme1n1           0.00     0.00 42184.40 65625.00   164.78   256.35     8.00     8.77    0.08    0.18    0.02   0.01 100.17
nvme1n1           0.00     0.00 42160.80 65133.00   164.69   254.43     8.00     8.86    0.08    0.18    0.02   0.01 100.17
nvme1n1           0.00     0.00 42093.80 65199.60   164.43   254.69     8.00     8.86    0.08    0.18    0.02   0.01 100.23
nvme1n1           0.00     0.00 42026.80 65127.20   164.17   254.40     8.00     8.89    0.08    0.18    0.02   0.01 100.18
nvme1n1           0.00     0.00 41864.00 64603.30   163.53   252.36     8.00     9.14    0.08    0.19    0.02   0.01 100.18
nvme1n1           0.00     0.00 41597.90 64632.90   162.49   252.47     8.00     8.75    0.08    0.18    0.02   0.01 100.18
nvme1n1           0.00     0.00 41753.40 64460.70   163.10   251.80     8.00     9.32    0.08    0.19    0.02   0.01 100.16
nvme1n1           0.00     0.00 41364.60 64345.00   161.58   251.35     8.00     9.19    0.08    0.19    0.02   0.01 100.22
nvme1n1           0.00     0.00 41290.80 64076.00   161.29   250.30     8.00     9.27    0.08    0.19    0.02   0.01 100.22
nvme1n1           0.00     0.00 41592.30 63963.90   162.47   249.86     8.00     9.28    0.08    0.19    0.02   0.01 100.24
nvme1n1           0.00     0.00 41377.40 64096.40   161.63   250.38     8.00     9.43    0.09    0.20    0.02   0.01 100.16
nvme1n1           0.00     0.00 41214.00 63851.90   160.99   249.42     8.00     9.23    0.08    0.19    0.02   0.01 100.26
nvme1n1           0.00     0.00 40985.70 63319.00   160.10   247.34     8.00     8.96    0.08    0.19    0.02   0.01 100.25
nvme1n1           0.00     0.00 40459.80 62674.50   158.05   244.82     8.00     8.67    0.08    0.18    0.02   0.01 100.23
nvme1n1           0.00     0.00 40485.50 62638.00   158.15   244.68     8.00     8.65    0.08    0.18    0.02   0.01 100.28
nvme1n1           0.00     0.00 40360.80 62699.00   157.66   244.92     8.00     8.98    0.08    0.19    0.02   0.01 100.23
nvme1n1           0.00     0.00 40697.70 63055.20   158.97   246.31     8.00     9.27    0.09    0.20    0.02   0.01 100.29
nvme1n1           0.00     0.00 40511.60 62758.80   158.25   245.15     8.00     9.00    0.08    0.19    0.02   0.01 100.18
nvme1n1           0.00     0.00 40126.30 62261.50   156.74   243.21     8.00     9.03    0.08    0.19    0.02   0.01 100.27
nvme1n1           0.00     0.00 40156.20 62094.10   156.86   242.56     8.00     9.30    0.09    0.20    0.02   0.01 100.16
nvme1n1           0.00     0.00 39857.60 61842.20   155.69   241.57     8.00     9.33    0.09    0.20    0.02   0.01 100.26
nvme1n1           0.00     0.00 39911.70 61667.60   155.91   240.89     8.00     9.33    0.09    0.20    0.02   0.01 100.23
nvme1n1           0.00     0.00 40076.10 62019.20   156.55   242.26     8.00     9.51    0.09    0.21    0.02   0.01 100.27
nvme1n1           0.00     0.00 39822.30 61364.40   155.56   239.70     8.00     9.60    0.09    0.21    0.02   0.01 100.16
nvme1n1           0.00     0.00 39438.70 60946.70   154.06   238.07     8.00     9.24    0.09    0.20    0.02   0.01 100.19
nvme1n1           0.00     0.00 39267.60 60893.70   153.39   237.87     8.00     9.32    0.09    0.21    0.02   0.01 100.20
nvme1n1           0.00     0.00 39217.50 60498.10   153.19   236.32     8.00     9.15    0.09    0.20    0.02   0.01 100.33
nvme1n1           0.00     0.00 39127.30 60730.50   152.84   237.23     8.00     9.22    0.09    0.20    0.02   0.01 100.23
nvme1n1           0.00     0.00 39435.30 60926.40   154.04   237.99     8.00     9.14    0.09    0.20    0.02   0.01 100.23
nvme1n1           0.00     0.00 39596.20 61069.50   154.67   238.55     8.00     9.48    0.09    0.21    0.02   0.01 100.24
nvme1n1           0.00     0.00 39100.00 60405.10   152.73   235.96     8.00     9.47    0.09    0.21    0.02   0.01 100.26
nvme1n1           0.00     0.00 39020.50 60120.10   152.42   234.84     8.00     9.45    0.09    0.21    0.02   0.01 100.21
nvme1n1           0.00     0.00 38766.50 59947.70   151.43   234.17     8.00     9.31    0.09    0.21    0.02   0.01 100.25
nvme1n1           0.00     0.00 38580.40 59588.20   150.70   232.77     8.00     9.33    0.09    0.21    0.02   0.01 100.24
nvme1n1           0.00     0.00 38580.20 59679.80   150.70   233.12     8.00     9.49    0.09    0.21    0.02   0.01 100.18
nvme1n1           0.00     0.00 38729.80 59558.40   151.29   232.65     8.00     9.79    0.10    0.22    0.02   0.01 100.24
nvme1n1           0.00     0.00 38878.00 59899.90   151.87   233.98     8.00     9.73    0.09    0.22    0.02   0.01 100.19
nvme1n1           0.00     0.00 38641.70 59629.40   150.94   232.93     8.00     9.98    0.10    0.23    0.02   0.01 100.17
nvme1n1           0.00     0.00 38361.90 58882.90   149.85   230.01     8.00     9.84    0.10    0.22    0.02   0.01 100.24
nvme1n1           0.00     0.00 38347.60 59198.50   149.80   231.24     8.00     9.71    0.10    0.22    0.02   0.01 100.21
nvme1n1           0.00     0.00 38178.70 58723.90   149.14   229.39     8.00     9.56    0.09    0.22    0.02   0.01 100.16
nvme1n1           0.00     0.00 37915.30 58727.70   148.11   229.41     8.00     9.46    0.09    0.22    0.02   0.01 100.21
nvme1n1           0.00     0.00 37992.20 58546.60   148.41   228.70     8.00     9.65    0.10    0.22    0.02   0.01 100.16
nvme1n1           0.00     0.00 37876.40 58633.00   147.95   229.04     8.00     9.67    0.10    0.22    0.02   0.01 100.15
nvme1n1           0.00     0.00 37605.00 58022.90   146.89   226.65     8.00     9.46    0.10    0.22    0.02   0.01 100.29
nvme1n1           0.00     0.00 37765.30 58313.40   147.52   227.79     8.00     9.44    0.09    0.22    0.02   0.01 100.18
nvme1n1           0.00     0.00 37940.00 58495.20   148.20   228.50     8.00     9.81    0.10    0.23    0.02   0.01 100.21
nvme1n1           0.00     0.00 37723.40 58185.00   147.36   227.29     8.00     9.88    0.10    0.23    0.02   0.01 100.23
nvme1n1           0.00     0.00 37667.00 58287.00   147.14   227.68     8.00     9.78    0.10    0.23    0.02   0.01 100.21
nvme1n1           0.00     0.00 37440.50 57677.00   146.25   225.30     8.00     9.85    0.10    0.23    0.02   0.01 100.24
nvme1n1           0.00     0.00 37110.40 57268.20   144.96   223.70     8.00    10.00    0.10    0.24    0.02   0.01 100.18
nvme1n1           0.00     0.00 37091.40 57243.30   144.89   223.61     8.00     9.85    0.10    0.23    0.02   0.01 100.15
nvme1n1           0.00     0.00 37116.00 57418.90   144.98   224.29     8.00     9.36    0.10    0.22    0.02   0.01 100.27
nvme1n1           0.00     0.00 36769.10 56905.80   143.63   222.29     8.00     9.32    0.10    0.22    0.02   0.01 100.19
nvme1n1           0.00     0.00 36915.20 56980.10   144.20   222.58     8.00     9.23    0.09    0.22    0.02   0.01 100.29
nvme1n1           0.00     0.00 36887.00 57193.90   144.09   223.41     8.00     9.27    0.09    0.22    0.02   0.01 100.23
nvme1n1           0.00     0.00 36977.80 57015.00   144.44   222.71     8.00     9.94    0.10    0.24    0.02   0.01 100.20
nvme1n1           0.00     0.00 36804.40 57027.50   143.77   222.76     8.00     9.70    0.10    0.23    0.02   0.01 100.21
nvme1n1           0.00     0.00 36781.20 56692.30   143.68   221.45     8.00     9.53    0.10    0.23    0.02   0.01 100.25
nvme1n1           0.00     0.00 36655.60 56722.10   143.19   221.57     8.00     9.27    0.10    0.22    0.02   0.01 100.29
nvme1n1           0.00     0.00 36646.10 56800.30   143.15   221.88     8.00     9.14    0.09    0.22    0.02   0.01 100.17
nvme1n1           0.00     0.00 36580.50 56561.30   142.89   220.94     8.00     9.14    0.09    0.22    0.02   0.01 100.15
nvme1n1           0.00     0.00 36477.90 56325.50   142.49   220.02     8.00     9.57    0.10    0.23    0.02   0.01 100.29
nvme1n1           0.00     0.00 36491.80 56353.30   142.55   220.13     8.00     9.80    0.10    0.23    0.02   0.01 100.18
nvme1n1           0.00     0.00 36387.20 56044.00   142.14   218.92     8.00    10.02    0.10    0.24    0.02   0.01 100.16
nvme1n1           0.00     0.00 36486.30 56008.00   142.52   218.78     8.00    10.06    0.11    0.24    0.02   0.01 100.17
nvme1n1           0.00     0.00 36228.10 56016.00   141.52   218.81     8.00    10.17    0.11    0.25    0.02   0.01 100.20
nvme1n1           0.00     0.00 36178.20 55478.40   141.32   216.71     8.00    10.21    0.11    0.25    0.02   0.01 100.19
nvme1n1           0.00     0.00 35783.90 55216.10   139.78   215.69     8.00     9.74    0.10    0.24    0.02   0.01 100.14
nvme1n1           0.00     0.00 36075.10 55670.30   140.92   217.46     8.00     9.24    0.10    0.22    0.02   0.01 100.14
nvme1n1           0.00     0.00 35929.10 55757.10   140.35   217.80     8.00     9.38    0.10    0.23    0.02   0.01 100.22
nvme1n1           0.00     0.00 35852.50 55219.70   140.05   215.70     8.00     9.45    0.10    0.23    0.02   0.01 100.23
nvme1n1           0.00     0.00 35717.80 55245.80   139.52   215.80     8.00     9.75    0.10    0.24    0.02   0.01 100.22
nvme1n1           0.00     0.00 35892.50 55361.90   140.21   216.26     8.00     9.80    0.10    0.24    0.02   0.01 100.20
nvme1n1           0.00     0.00 35662.70 55054.10   139.31   215.06     8.00    10.04    0.11    0.25    0.02   0.01 100.08
nvme1n1           0.00     0.00 35551.60 54889.20   138.87   214.41     8.00    10.05    0.11    0.25    0.02   0.01 100.20
nvme1n1           0.00     0.00 35584.20 54844.00   139.00   214.23     8.00    10.04    0.11    0.25    0.02   0.01 100.23
nvme1n1           0.00     0.00 35359.50 54762.20   138.12   213.91     8.00     9.62    0.10    0.24    0.02   0.01 100.19
nvme1n1           0.00     0.00 35574.80 54701.40   138.96   213.68     8.00     9.59    0.10    0.24    0.02   0.01 100.22
nvme1n1           0.00     0.00 35504.70 54546.70   138.69   213.07     8.00     9.70    0.10    0.24    0.02   0.01 100.25
nvme1n1           0.00     0.00 35222.10 54279.40   137.59   212.03     8.00     9.84    0.11    0.24    0.02   0.01 100.22
nvme1n1           0.00     0.00 35118.10 54226.40   137.18   211.82     8.00     9.61    0.10    0.24    0.02   0.01 100.19
nvme1n1           0.00     0.00 35275.50 54508.10   137.79   212.92     8.00     9.28    0.10    0.23    0.02   0.01 100.24
nvme1n1           0.00     0.00 35147.30 54363.00   137.29   212.36     8.00     9.41    0.10    0.23    0.02   0.01 100.17
nvme1n1           0.00     0.00 35159.70 54274.90   137.34   212.01     8.00     9.21    0.10    0.23    0.02   0.01 100.24
nvme1n1           0.00     0.00 34882.50 53947.70   136.26   210.73     8.00     9.34    0.10    0.23    0.02   0.01 100.18
nvme1n1           0.00     0.00 35073.90 54247.40   137.01   211.90     8.00     9.25    0.10    0.23    0.02   0.01 100.23
nvme1n1           0.00     0.00 35102.30 54222.00   137.12   211.80     8.00     9.50    0.10    0.24    0.02   0.01 100.18
nvme1n1           0.00     0.00 34954.30 54002.40   136.54   210.95     8.00     9.90    0.11    0.25    0.02   0.01 100.22
nvme1n1           0.00     0.00 34838.40 53791.60   136.09   210.12     8.00     9.84    0.11    0.25    0.02   0.01 100.16
nvme1n1           0.00     0.00 34730.40 53555.40   135.67   209.20     8.00    10.22    0.11    0.26    0.02   0.01 100.15
nvme1n1           0.00     0.00 34766.70 53659.30   135.81   209.61     8.00     9.87    0.11    0.25    0.02   0.01 100.19
nvme1n1           0.00     0.00 34733.90 53391.50   135.68   208.56     8.00    10.29    0.11    0.26    0.02   0.01 100.13
nvme1n1           0.00     0.00 34633.80 53265.50   135.29   208.07     8.00    10.20    0.11    0.26    0.02   0.01 100.17
nvme1n1           0.00     0.00 34406.60 53191.20   134.40   207.78     8.00     9.83    0.11    0.25    0.02   0.01 100.23
nvme1n1           0.00     0.00 34508.40 53263.10   134.80   208.06     8.00     9.75    0.11    0.25    0.02   0.01 100.26
nvme1n1           0.00     0.00 34657.20 53269.70   135.38   208.08     8.00     9.65    0.10    0.24    0.02   0.01 100.25
nvme1n1           0.00     0.00 34583.00 53396.20   135.09   208.58     8.00     9.65    0.11    0.24    0.02   0.01 100.24
nvme1n1           0.00     0.00 34563.90 53481.90   135.02   208.91     8.00     9.87    0.11    0.25    0.02   0.01 100.31
nvme1n1           0.00     0.00 34638.20 53215.90   135.31   207.87     8.00    10.40    0.11    0.27    0.02   0.01 100.22
nvme1n1           0.00     0.00 34519.00 53010.40   134.84   207.07     8.00    10.41    0.11    0.27    0.02   0.01 100.25
nvme1n1           0.00     0.00 34151.50 52804.30   133.40   206.27     8.00    10.09    0.11    0.26    0.02   0.01 100.22
nvme1n1           0.00     0.00 34256.90 52944.30   133.82   206.81     8.00     9.59    0.11    0.25    0.02   0.01 100.22
nvme1n1           0.00     0.00 34137.10 52577.70   133.35   205.38     8.00     9.73    0.11    0.25    0.02   0.01 100.19
nvme1n1           0.00     0.00 34204.50 52728.00   133.61   205.97     8.00     9.39    0.10    0.24    0.02   0.01 100.25
nvme1n1           0.00     0.00 34226.00 52669.10   133.70   205.74     8.00     9.59    0.11    0.25    0.02   0.01 100.20
nvme1n1           0.00     0.00 33930.60 52573.70   132.54   205.37     8.00     9.65    0.11    0.25    0.02   0.01 100.27
nvme1n1           0.00     0.00 34106.10 52409.40   133.23   204.72     8.00     9.92    0.11    0.26    0.02   0.01 100.26
nvme1n1           0.00     0.00 33947.50 52263.10   132.61   204.15     8.00     9.97    0.11    0.26    0.02   0.01 100.16
nvme1n1           0.00     0.00 34038.30 52320.80   132.96   204.38     8.00    10.07    0.11    0.26    0.02   0.01 100.20
nvme1n1           0.00     0.00 33757.90 52252.60   131.87   204.11     8.00     9.93    0.11    0.26    0.02   0.01 100.26
nvme1n1           0.00     0.00 34001.10 52293.20   132.82   204.27     8.00    10.23    0.11    0.26    0.02   0.01 100.17
nvme1n1           0.00     0.00 33809.30 52155.10   132.07   203.73     8.00     9.79    0.11    0.25    0.02   0.01 100.27
nvme1n1           0.00     0.00 33760.20 52297.90   131.88   204.29     8.00     9.67    0.11    0.25    0.02   0.01 100.15
nvme1n1           0.00     0.00 33678.90 52117.60   131.56   203.58     8.00     9.64    0.11    0.25    0.02   0.01 100.24
nvme1n1           0.00     0.00 33640.10 51948.20   131.41   202.92     8.00    10.03    0.11    0.26    0.02   0.01 100.23
nvme1n1           0.00     0.00 33524.80 51725.20   130.96   202.05     8.00    10.03    0.11    0.26    0.02   0.01 100.24
nvme1n1           0.00     0.00 33543.50 51764.30   131.03   202.20     8.00    10.01    0.11    0.26    0.02   0.01 100.19
nvme1n1           0.00     0.00 33475.50 51558.60   130.76   201.40     8.00     9.95    0.11    0.26    0.02   0.01 100.26
nvme1n1           0.00     0.00 33405.50 51486.00   130.49   201.12     8.00     9.77    0.11    0.26    0.02   0.01 100.22
nvme1n1           0.00     0.00 33766.50 51876.00   131.90   202.64     8.00    10.31    0.12    0.27    0.02   0.01 100.20
nvme1n1           0.00     0.00 33437.00 51598.90   130.61   201.56     8.00     9.95    0.11    0.26    0.02   0.01 100.17
nvme1n1           0.00     0.00 33350.90 51555.90   130.28   201.39     8.00    10.15    0.12    0.27    0.02   0.01 100.15
nvme1n1           0.00     0.00 33495.00 51510.80   130.84   201.21     8.00    10.13    0.11    0.27    0.02   0.01 100.22
nvme1n1           0.00     0.00 33318.40 51338.20   130.15   200.54     8.00    10.33    0.12    0.27    0.02   0.01 100.25
nvme1n1           0.00     0.00 32966.60 51173.90   128.78   199.90     8.00     9.95    0.11    0.27    0.02   0.01 100.21
nvme1n1           0.00     0.00 32849.20 50764.00   128.32   198.30     8.00     9.91    0.11    0.27    0.02   0.01 100.14
nvme1n1           0.00     0.00 33150.10 50929.10   129.49   198.94     8.00    10.00    0.11    0.27    0.02   0.01 100.21
nvme1n1           0.00     0.00 33115.70 51100.10   129.36   199.61     8.00    10.05    0.11    0.27    0.02   0.01 100.09
nvme1n1           0.00     0.00 33164.20 51407.60   129.55   200.81     8.00     9.87    0.11    0.26    0.02   0.01 100.22
nvme1n1           0.00     0.00 33258.60 51351.90   129.92   200.59     8.00     9.98    0.11    0.27    0.02   0.01 100.22
nvme1n1           0.00     0.00 33158.40 51001.50   129.53   199.22     8.00    10.26    0.12    0.27    0.02   0.01 100.26
nvme1n1           0.00     0.00 33146.20 51186.70   129.48   199.95     8.00    10.36    0.12    0.28    0.02   0.01 100.18
nvme1n1           0.00     0.00 32632.90 50369.50   127.47   196.76     8.00     9.90    0.11    0.27    0.02   0.01 100.16
nvme1n1           0.00     0.00 32892.30 50752.00   128.49   198.25     8.00     9.82    0.11    0.26    0.02   0.01 100.17
nvme1n1           0.00     0.00 32893.70 50522.00   128.49   197.35     8.00    10.07    0.12    0.27    0.02   0.01 100.26
nvme1n1           0.00     0.00 33093.00 50721.20   129.27   198.13     8.00     9.83    0.11    0.26    0.02   0.01 100.24
nvme1n1           0.00     0.00 32720.90 50595.20   127.82   197.64     8.00    10.17    0.12    0.27    0.02   0.01 100.17
nvme1n1           0.00     0.00 32861.80 50525.40   128.37   197.36     8.00     9.95    0.11    0.27    0.02   0.01 100.22
nvme1n1           0.00     0.00 32623.30 50371.70   127.43   196.76     8.00     9.93    0.12    0.27    0.02   0.01 100.22
nvme1n1           0.00     0.00 32759.70 50556.90   127.97   197.49     8.00    10.21    0.12    0.28    0.02   0.01 100.19
nvme1n1           0.00     0.00 32855.40 50706.60   128.34   198.07     8.00     9.83    0.11    0.26    0.02   0.01 100.25
nvme1n1           0.00     0.00 32858.30 50821.70   128.35   198.52     8.00     9.84    0.11    0.26    0.02   0.01 100.26
nvme1n1           0.00     0.00 32633.00 50501.80   127.47   197.27     8.00     9.69    0.11    0.26    0.02   0.01 100.26
nvme1n1           0.00     0.00 32856.50 50734.40   128.35   198.18     8.00     9.66    0.11    0.26    0.02   0.01 100.26
nvme1n1           0.00     0.00 32645.90 50180.20   127.52   196.02     8.00    10.02    0.12    0.27    0.02   0.01 100.14
nvme1n1           0.00     0.00 32186.80 49834.30   125.73   194.67     8.00     9.97    0.12    0.27    0.02   0.01 100.17
nvme1n1           0.00     0.00 32048.20 49335.90   125.19   192.72     8.00     9.83    0.12    0.27    0.02   0.01 100.19
nvme1n1           0.00     0.00 32305.10 49611.70   126.19   193.80     8.00    10.04    0.12    0.27    0.02   0.01 100.23
nvme1n1           0.00     0.00 32621.30 50155.50   127.43   195.92     8.00    10.28    0.12    0.28    0.02   0.01 100.28
nvme1n1           0.00     0.00 32603.20 50076.20   127.36   195.61     8.00    10.29    0.12    0.28    0.02   0.01 100.23
nvme1n1           0.00     0.00 32224.50 49811.40   125.88   194.58     8.00    10.28    0.12    0.28    0.02   0.01 100.25
nvme1n1           0.00     0.00 32255.50 49668.50   126.00   194.02     8.00    10.47    0.12    0.29    0.02   0.01 100.20
nvme1n1           0.00     0.00 32275.80 49729.30   126.08   194.26     8.00    10.35    0.12    0.29    0.02   0.01 100.27
nvme1n1           0.00     0.00 32261.80 49737.40   126.02   194.29     8.00    10.43    0.12    0.29    0.02   0.01 100.12
nvme1n1           0.00     0.00 32104.70 49610.00   125.41   193.79     8.00    10.43    0.12    0.29    0.02   0.01 100.23
nvme1n1           0.00     0.00 32316.80 49799.20   126.24   194.53     8.00    10.44    0.12    0.29    0.02   0.01 100.19
nvme1n1           0.00     0.00 31906.70 49139.20   124.64   191.95     8.00    10.41    0.12    0.29    0.02   0.01 100.19
nvme1n1           0.00     0.00 31765.60 48997.40   124.08   191.40     8.00    10.33    0.12    0.29    0.02   0.01 100.21
nvme1n1           0.00     0.00 32083.90 49392.80   125.33   192.94     8.00    10.27    0.12    0.28    0.02   0.01 100.23
nvme1n1           0.00     0.00 32061.30 49493.10   125.24   193.33     8.00    10.25    0.12    0.28    0.02   0.01 100.17
nvme1n1           0.00     0.00 31937.50 49063.00   124.76   191.65     8.00    10.10    0.12    0.28    0.02   0.01 100.18
nvme1n1           0.00     0.00 31793.90 48895.50   124.19   191.00     8.00     9.90    0.12    0.28    0.02   0.01 100.24
nvme1n1           0.00     0.00 32279.00 49564.00   126.09   193.61     8.00    10.02    0.12    0.27    0.02   0.01 100.25
nvme1n1           0.00     0.00 32084.30 49442.80   125.33   193.14     8.00    10.11    0.12    0.28    0.02   0.01 100.22
nvme1n1           0.00     0.00 31930.70 49177.40   124.73   192.10     8.00    10.01    0.12    0.28    0.02   0.01 100.18
nvme1n1           0.00     0.00 32116.50 49538.50   125.46   193.51     8.00    10.12    0.12    0.28    0.02   0.01 100.22
nvme1n1           0.00     0.00 31879.00 49333.70   124.53   192.71     8.00    10.21    0.12    0.28    0.02   0.01 100.23
nvme1n1           0.00     0.00 31786.00 49176.30   124.16   192.09     8.00    10.52    0.12    0.29    0.02   0.01 100.23
nvme1n1           0.00     0.00 31762.60 48635.20   124.07   189.98     8.00    10.54    0.13    0.30    0.02   0.01 100.23
nvme1n1           0.00     0.00 31698.10 48573.33   123.82   189.74     8.00    10.44    0.13    0.29    0.02   0.01 100.18
nvme1n1           0.00     0.00 31784.90 48775.20   124.16   190.53     8.00    10.47    0.13    0.29    0.02   0.01 100.19
nvme1n1           0.00     0.00 31563.50 48831.30   123.29   190.75     8.00    10.34    0.12    0.29    0.02   0.01 100.13
nvme1n1           0.00     0.00 31569.10 48740.10   123.32   190.39     8.00    10.07    0.12    0.28    0.02   0.01 100.22
nvme1n1           0.00     0.00 31582.10 48615.00   123.37   189.90     8.00     9.97    0.12    0.28    0.02   0.01 100.21
nvme1n1           0.00     0.00 31749.70 48781.00   124.02   190.55     8.00    10.24    0.12    0.29    0.02   0.01 100.16
nvme1n1           0.00     0.00 31453.90 48421.70   122.87   189.15     8.00     9.80    0.12    0.28    0.02   0.01 100.13
nvme1n1           0.00     0.00 31468.30 48696.10   122.92   190.22     8.00     9.99    0.12    0.28    0.02   0.01 100.23
nvme1n1           0.00     0.00 31829.20 49078.20   124.33   191.71     8.00    10.17    0.12    0.28    0.02   0.01 100.17
nvme1n1           0.00     0.00 31767.20 48754.90   124.09   190.45     8.00    10.08    0.12    0.28    0.02   0.01 100.23
nvme1n1           0.00     0.00 31836.80 49135.40   124.36   191.94     8.00    10.25    0.12    0.28    0.02   0.01 100.29
nvme1n1           0.00     0.00 31565.50 48864.50   123.30   190.88     8.00    10.06    0.12    0.28    0.02   0.01 100.12
nvme1n1           0.00     0.00 31538.40 48879.60   123.20   190.94     8.00     9.94    0.12    0.28    0.02   0.01 100.22
nvme1n1           0.00     0.00 31629.30 48941.30   123.55   191.18     8.00     9.75    0.12    0.27    0.02   0.01 100.18
nvme1n1           0.00     0.00 31366.40 48581.40   122.52   189.77     8.00    10.05    0.12    0.28    0.02   0.01 100.16
nvme1n1           0.00     0.00 31076.80 48148.50   121.39   188.08     8.00    10.15    0.12    0.29    0.02   0.01 100.15
nvme1n1           0.00     0.00 31345.00 48301.70   122.44   188.68     8.00    10.45    0.13    0.30    0.02   0.01 100.21
nvme1n1           0.00     0.00 31208.10 48200.10   121.91   188.28     8.00    10.52    0.13    0.30    0.02   0.01 100.21
nvme1n1           0.00     0.00 31224.60 48178.20   121.97   188.20     8.00    10.54    0.13    0.30    0.02   0.01 100.15
nvme1n1           0.00     0.00 31286.60 48039.00   122.21   187.65     8.00    10.59    0.13    0.30    0.02   0.01 100.21
nvme1n1           0.00     0.00 31335.10 48269.60   122.40   188.55     8.00    10.58    0.13    0.30    0.02   0.01 100.26
nvme1n1           0.00     0.00 31320.30 48254.40   122.34   188.49     8.00    10.43    0.13    0.30    0.02   0.01 100.23
nvme1n1           0.00     0.00 31327.10 48107.10   122.37   187.92     8.00    10.46    0.13    0.30    0.02   0.01 100.19
nvme1n1           0.00     0.00 31176.30 48040.50   121.78   187.66     8.00    10.53    0.13    0.30    0.02   0.01 100.20
nvme1n1           0.00     0.00 31151.20 48034.00   121.68   187.63     8.00     9.91    0.12    0.28    0.02   0.01 100.23
nvme1n1           0.00     0.00 31374.20 48290.80   122.56   188.64     8.00     9.93    0.12    0.28    0.02   0.01 100.18
nvme1n1           0.00     0.00 31304.40 48211.40   122.28   188.33     8.00     9.99    0.12    0.28    0.02   0.01 100.09
nvme1n1           0.00     0.00 31256.10 48258.70   122.09   188.51     8.00    10.13    0.12    0.29    0.02   0.01 100.17
nvme1n1           0.00     0.00 31439.20 48408.50   122.81   189.10     8.00    10.04    0.12    0.28    0.02   0.01 100.24
nvme1n1           0.00     0.00 31260.60 48252.00   122.11   188.48     8.00    10.19    0.12    0.29    0.02   0.01 100.14
nvme1n1           0.00     0.00 30941.30 47773.60   120.86   186.62     8.00    10.55    0.13    0.30    0.02   0.01 100.16
nvme1n1           0.00     0.00 30912.60 47699.30   120.75   186.33     8.00    10.07    0.12    0.29    0.02   0.01 100.09
nvme1n1           0.00     0.00 31099.80 48031.30   121.48   187.62     8.00     9.99    0.12    0.28    0.02   0.01 100.18
nvme1n1           0.00     0.00 30967.70 47920.90   120.97   187.19     8.00    10.18    0.12    0.29    0.02   0.01 100.22
nvme1n1           0.00     0.00 30900.10 47706.30   120.70   186.35     8.00    10.57    0.13    0.31    0.02   0.01 100.14
nvme1n1           0.00     0.00 31024.90 47588.20   121.19   185.89     8.00    10.05    0.12    0.29    0.02   0.01 100.18
nvme1n1           0.00     0.00 30936.40 47864.20   120.85   186.97     8.00    10.18    0.12    0.29    0.02   0.01 100.17
nvme1n1           0.00     0.00 30806.80 47530.00   120.34   185.66     8.00    10.57    0.13    0.31    0.02   0.01 100.31
nvme1n1           0.00     0.00 30862.00 47639.50   120.55   186.09     8.00    10.30    0.13    0.30    0.02   0.01 100.16
nvme1n1           0.00     0.00 31055.60 47741.50   121.31   186.49     8.00    10.47    0.13    0.30    0.02   0.01 100.18
nvme1n1           0.00     0.00 31047.00 47547.50   121.28   185.73     8.00    10.52    0.13    0.30    0.02   0.01 100.21
nvme1n1           0.00     0.00 30450.10 46707.00   118.95   182.45     8.00    11.00    0.14    0.32    0.02   0.01 100.18
nvme1n1           0.00     0.00 30707.20 47163.10   119.95   184.23     8.00    11.10    0.14    0.32    0.02   0.01 100.18
nvme1n1           0.00     0.00 30624.80 47046.70   119.63   183.78     8.00    10.60    0.13    0.31    0.02   0.01 100.15
nvme1n1           0.00     0.00 30569.50 47143.00   119.41   184.15     8.00    10.79    0.13    0.32    0.02   0.01 100.21
nvme1n1           0.00     0.00 30955.30 47537.30   120.92   185.69     8.00    10.77    0.13    0.31    0.02   0.01 100.18
nvme1n1           0.00     0.00 30942.60 47440.70   120.87   185.32     8.00    10.67    0.13    0.31    0.02   0.01 100.23
nvme1n1           0.00     0.00 31013.70 47449.00   121.15   185.35     8.00    10.45    0.13    0.30    0.02   0.01 100.28
nvme1n1           0.00     0.00 30714.30 47060.90   119.98   183.83     8.00    10.36    0.13    0.30    0.02   0.01 100.19
nvme1n1           0.00     0.00 30497.30 47034.60   119.13   183.73     8.00    10.34    0.13    0.30    0.02   0.01 100.19
nvme1n1           0.00     0.00 30988.40 47548.20   121.05   185.74     8.00    10.28    0.13    0.30    0.02   0.01 100.07
nvme1n1           0.00     0.00 30801.40 47625.50   120.32   186.04     8.00    10.19    0.13    0.29    0.02   0.01 100.20
nvme1n1           0.00     0.00 30454.90 46863.60   118.96   183.06     8.00    10.41    0.13    0.30    0.02   0.01 100.18
nvme1n1           0.00     0.00 30546.40 47240.00   119.32   184.53     8.00    10.30    0.13    0.30    0.02   0.01 100.17
nvme1n1           0.00     0.00 30548.60 47186.80   119.33   184.32     8.00    10.18    0.13    0.30    0.02   0.01 100.12
nvme1n1           0.00     0.00 30650.40 47269.10   119.73   184.64     8.00    10.37    0.13    0.30    0.02   0.01 100.17
nvme1n1           0.00     0.00 30419.50 46897.60   118.83   183.19     8.00    10.29    0.13    0.30    0.02   0.01 100.23
nvme1n1           0.00     0.00 30719.40 47240.80   120.00   184.53     8.00    10.11    0.12    0.29    0.02   0.01 100.23
nvme1n1           0.00     0.00 30658.90 47140.60   119.76   184.14     8.00     9.95    0.12    0.29    0.02   0.01 100.22
nvme1n1           0.00     0.00 30753.50 47304.00   120.13   184.78     8.00     9.96    0.12    0.29    0.02   0.01 100.10
nvme1n1           0.00     0.00 30386.20 46782.10   118.70   182.74     8.00    10.25    0.13    0.30    0.02   0.01 100.18
nvme1n1           0.00     0.00 30795.50 47231.00   120.29   184.50     8.00    10.54    0.13    0.31    0.02   0.01 100.25
nvme1n1           0.00     0.00 30251.50 46547.90   118.17   181.83     8.00    10.76    0.13    0.32    0.02   0.01 100.16
nvme1n1           0.00     0.00 30741.10 47102.20   120.08   183.99     8.00    10.11    0.12    0.29    0.02   0.01 100.17
nvme1n1           0.00     0.00 30789.40 47304.80   120.27   184.78     8.00    10.20    0.13    0.30    0.02   0.01 100.15
nvme1n1           0.00     0.00 30660.10 47040.60   119.77   183.75     8.00    10.38    0.13    0.30    0.02   0.01 100.20
nvme1n1           0.00     0.00 30080.90 46254.60   117.50   180.68     8.00    10.44    0.13    0.31    0.02   0.01 100.19
nvme1n1           0.00     0.00 30278.00 46563.00   118.27   181.89     8.00    10.60    0.13    0.31    0.02   0.01 100.14
nvme1n1           0.00     0.00 30125.50 46557.50   117.68   181.87     8.00    10.19    0.13    0.30    0.02   0.01 100.10
nvme1n1           0.00     0.00 29629.30 45792.50   115.74   178.88     8.00    10.29    0.13    0.31    0.02   0.01 100.23
nvme1n1           0.00     0.00 30017.80 46286.10   117.26   180.81     8.00    10.71    0.14    0.32    0.02   0.01 100.09
nvme1n1           0.00     0.00 30290.00 46695.20   118.32   182.40     8.00    10.33    0.13    0.30    0.02   0.01 100.18
nvme1n1           0.00     0.00 30314.60 46851.80   118.42   183.01     8.00    10.29    0.13    0.30    0.02   0.01 100.25
nvme1n1           0.00     0.00 30387.30 46618.30   118.70   182.10     8.00     9.94    0.12    0.29    0.02   0.01 100.23
nvme1n1           0.00     0.00 30421.50 46993.40   118.83   183.57     8.00     9.91    0.12    0.29    0.02   0.01 100.13
nvme1n1           0.00     0.00 30117.30 46572.00   117.65   181.92     8.00     9.79    0.12    0.29    0.02   0.01 100.21
nvme1n1           0.00     0.00 30213.50 46657.20   118.02   182.25     8.00    10.13    0.13    0.30    0.02   0.01 100.12
nvme1n1           0.00     0.00 29716.40 46017.20   116.08   179.75     8.00    10.61    0.13    0.32    0.02   0.01 100.25
nvme1n1           0.00     0.00 29921.00 45904.40   116.88   179.31     8.00    10.52    0.13    0.31    0.02   0.01 100.16
nvme1n1           0.00     0.00 30264.70 46570.90   118.22   181.92     8.00    10.34    0.13    0.31    0.02   0.01 100.16
nvme1n1           0.00     0.00 29542.90 45431.20   115.40   177.47     8.00     9.98    0.13    0.30    0.02   0.01 100.18
nvme1n1           0.00     0.00 30357.00 46736.60   118.58   182.56     8.00    10.17    0.13    0.30    0.02   0.01 100.17
nvme1n1           0.00     0.00 30038.20 46352.60   117.34   181.06     8.00     9.82    0.12    0.29    0.02   0.01 100.15
nvme1n1           0.00     0.00 30799.40 47327.80   120.31   184.87     8.00     9.84    0.12    0.28    0.02   0.01 100.14
nvme1n1           0.00     0.00 30367.90 46618.60   118.62   182.10     8.00    10.21    0.13    0.30    0.02   0.01 100.25
nvme1n1           0.00     0.00 29933.20 46106.90   116.93   180.11     8.00     9.69    0.12    0.29    0.02   0.01 100.17
nvme1n1           0.00     0.00 29985.20 46067.10   117.13   179.95     8.00    10.55    0.13    0.31    0.02   0.01 100.24
nvme1n1           0.00     0.00 30293.50 46459.80   118.33   181.48     8.00    10.70    0.13    0.32    0.02   0.01 100.22
nvme1n1           0.00     0.00 30123.40 46489.10   117.67   181.60     8.00    10.32    0.13    0.30    0.02   0.01 100.19
nvme1n1           0.00     0.00 30119.40 46485.50   117.65   181.58     8.00    10.31    0.13    0.30    0.02   0.01 100.24
nvme1n1           0.00     0.00 29714.50 45952.50   116.07   179.50     8.00    10.22    0.13    0.31    0.02   0.01 100.18
nvme1n1           0.00     0.00 30105.60 46424.10   117.60   181.34     8.00    10.44    0.13    0.31    0.02   0.01 100.23
nvme1n1           0.00     0.00 29894.90 46162.60   116.78   180.32     8.00    10.56    0.13    0.32    0.02   0.01 100.15
nvme1n1           0.00     0.00 29584.00 45699.20   115.56   178.51     8.00    10.42    0.13    0.32    0.02   0.01 100.15
nvme1n1           0.00     0.00 29533.50 45409.00   115.37   177.38     8.00    10.21    0.13    0.31    0.02   0.01 100.11
nvme1n1           0.00     0.00 29757.40 46007.70   116.24   179.72     8.00    10.51    0.13    0.32    0.02   0.01 100.20
nvme1n1           0.00     0.00 29877.10 46134.50   116.71   180.21     8.00    10.61    0.13    0.32    0.02   0.01 100.18
nvme1n1           0.00     0.00 29744.20 45675.70   116.19   178.42     8.00    10.68    0.14    0.32    0.02   0.01 100.27
nvme1n1           0.00     0.00 29633.30 45399.50   115.76   177.34     8.00    10.51    0.13    0.32    0.02   0.01 100.11
nvme1n1           0.00     0.00 29262.50 45228.70   114.31   176.67     8.00    10.93    0.14    0.33    0.02   0.01 100.23
nvme1n1           0.00     0.00 29637.10 45840.50   115.77   179.06     8.00    10.09    0.13    0.30    0.02   0.01 100.24
nvme1n1           0.00     0.00 30167.10 46505.00   117.84   181.66     8.00    10.19    0.13    0.30    0.02   0.01 100.21
nvme1n1           0.00     0.00 30113.10 46269.00   117.63   180.74     8.00    10.17    0.13    0.30    0.02   0.01 100.24
nvme1n1           0.00     0.00 29947.00 46135.70   116.98   180.22     8.00    10.34    0.13    0.31    0.02   0.01 100.18
nvme1n1           0.00     0.00 29814.40 46004.20   116.46   179.70     8.00    10.50    0.13    0.31    0.02   0.01 100.21
nvme1n1           0.00     0.00 29608.40 45655.70   115.66   178.34     8.00    10.41    0.13    0.31    0.02   0.01 100.21
nvme1n1           0.00     0.00 29479.40 45378.30   115.15   177.26     8.00    10.63    0.14    0.32    0.02   0.01 100.20
nvme1n1           0.00     0.00 29712.40 45544.60   116.06   177.91     8.00    10.56    0.14    0.32    0.02   0.01 100.18
nvme1n1           0.00     0.00 29769.40 45961.20   116.29   179.54     8.00    10.49    0.13    0.31    0.02   0.01 100.21
nvme1n1           0.00     0.00 29780.90 46115.90   116.33   180.14     8.00    10.25    0.13    0.31    0.02   0.01 100.12
nvme1n1           0.00     0.00 30143.50 46565.50   117.75   181.90     8.00     9.80    0.12    0.29    0.02   0.01 100.14
nvme1n1           0.00     0.00 30265.70 46723.90   118.23   182.52     8.00     9.70    0.12    0.28    0.02   0.01 100.19
nvme1n1           0.00     0.00 29830.80 46083.90   116.53   180.02     8.00    10.11    0.13    0.30    0.02   0.01 100.23
nvme1n1           0.00     0.00 29391.00 45153.10   114.81   176.38     8.00    10.36    0.13    0.32    0.02   0.01 100.21
nvme1n1           0.00     0.00 29537.50 45507.80   115.38   177.76     8.00    10.23    0.13    0.31    0.02   0.01 100.18
nvme1n1           0.00     0.00 29850.70 45647.80   116.60   178.31     8.00    10.53    0.13    0.32    0.02   0.01 100.21
nvme1n1           0.00     0.00 29758.30 45823.70   116.24   179.00     8.00    10.47    0.13    0.31    0.02   0.01 100.18
nvme1n1           0.00     0.00 29619.30 45501.60   115.70   177.74     8.00    10.61    0.14    0.32    0.02   0.01 100.19
nvme1n1           0.00     0.00 29605.80 45500.30   115.65   177.74     8.00    10.78    0.14    0.33    0.02   0.01 100.24
nvme1n1           0.00     0.00 29475.40 45331.60   115.14   177.08     8.00    10.74    0.14    0.33    0.02   0.01 100.14
nvme1n1           0.00     0.00 29224.70 44997.80   114.16   175.77     8.00    10.49    0.14    0.32    0.02   0.01 100.08
nvme1n1           0.00     0.00 29468.00 45157.10   115.11   176.39     8.00    10.71    0.14    0.33    0.02   0.01 100.18
nvme1n1           0.00     0.00 29825.30 45795.70   116.51   178.89     8.00    10.68    0.14    0.32    0.02   0.01 100.18
nvme1n1           0.00     0.00 29876.50 45910.70   116.71   179.34     8.00    10.33    0.13    0.31    0.02   0.01 100.19
nvme1n1           0.00     0.00 29861.30 45946.70   116.65   179.48     8.00    10.37    0.13    0.31    0.02   0.01 100.17
nvme1n1           0.00     0.00 29817.20 45686.30   116.47   178.46     8.00    10.05    0.13    0.30    0.02   0.01 100.17
nvme1n1           0.00     0.00 29560.00 45563.90   115.47   177.98     8.00     9.82    0.13    0.30    0.02   0.01 100.29
nvme1n1           0.00     0.00 29607.00 45788.30   115.65   178.86     8.00    10.23    0.13    0.31    0.02   0.01 100.23
nvme1n1           0.00     0.00 29411.30 45523.20   114.89   177.83     8.00    10.01    0.13    0.30    0.02   0.01 100.14
