Linux 4.19.0 (nvme-storage) 	10/26/2018 	_x86_64_	(8 CPU)
nvme1n1           0.00     0.00 24519.00 37074.80    95.78   144.82     8.00    10.88    0.17    0.40    0.02   0.02 100.15
nvme0n1           0.00     0.00 44019.00 36625.60   171.95   143.07     8.00    20.48    0.25    0.44    0.02   0.01 100.28
nvme0n1           0.00     0.00 44519.00 37284.20   173.90   145.64     8.00    19.86    0.24    0.42    0.02   0.01 100.19
10/27/2018 04:19:01 AM
nvme0n1           0.00     0.00 44919.00 37627.30   175.46   146.98     8.00    20.02    0.24    0.42    0.02   0.01 100.21
nvme0n1           0.00     0.00 44019.00 36942.20   171.95   144.31     8.00    19.74    0.24    0.42    0.02   0.01 100.18
nvme0n1           0.00     0.00 44219.00 36908.70   172.73   144.17     8.00    19.76    0.24    0.42    0.02   0.01 100.22
nvme1n1           0.00     0.00 24619.00 37337.00    96.17   145.85     8.00    11.07    0.17    0.41    0.02   0.02 100.17
nvme0n1           0.00     0.00 44919.00 37493.80   175.46   146.46     8.00    19.66    0.23    0.41    0.02   0.01 100.28
nvme0n1           0.00     0.00 44519.00 37055.30   173.90   144.75     8.00    19.79    0.24    0.42    0.02   0.01 100.22
10/27/2018 04:19:01 PM
nvme0n1           0.00     0.00 44519.00 37133.50   173.90   145.05     8.00    19.91    0.24    0.42    0.02   0.01 100.18
nvme0n1           0.00     0.00 44319.00 37054.10   173.12   144.74     8.00    20.15    0.24    0.43    0.02   0.01 100.20
nvme0n1           0.00     0.00 44719.00 37145.20   174.68   145.10     8.00    19.79    0.24    0.42    0.02   0.01 100.18
nvme1n1           0.00     0.00 24419.00 37257.80    95.39   145.54     8.00    10.77    0.17    0.40    0.02   0.02 100.25
10/28/2018 04:19:01 AM
md10              0.00     0.00 27852.50 14919.00   108.80    58.28     8.00     0.00    0.00    0.00    0.00   0.00   0.00
nvme0n1           0.00     0.00 24519.00 19833.80   110.57    77.48     8.68     7.57    0.14    0.24    0.02   0.02 100.13
nvme0n1           0.00     0.00 24819.00 20026.20   111.75    78.23     8.68     7.91    0.15    0.25    0.02   0.02 100.25
10/28/2018 04:19:01 PM
