Linux 4.19.0 (nvme-storage) 	10/26/2018 	_x86_64_	(8 CPU)

10/26/2018 02:58:33 PM
avg-cpu:  %user   %nice %system %iowait  %steal   %idle
           0.09    0.00    0.32    0.04    0.00   99.54

Device:         rrqm/s   wrqm/s     r/s     w/s    rMB/s    wMB/s avgrq-sz avgqu-sz   await r_await w_await  svctm  %util
sda               0.00     0.00    0.00    0.00     0.00     0.00    32.13     0.00    0.15    0.15    0.00   0.13   0.00
sdb               0.00     0.00    0.00    0.00     0.00     0.00    32.13     0.00    0.15    0.15    0.00   0.13   0.00
sdc               0.00     0.00    0.00    0.00     0.00     0.00    32.13     0.00    0.14    0.14    0.00   0.12   0.00
sdd               0.00     0.00    0.00    0.00     0.00     0.00    32.13     0.00    0.15    0.15    0.00   0.11   0.00
sde               0.01     0.04    0.29    0.32     0.01     0.00    51.66     0.00   12.83   12.79   12.87   2.29   0.14
nvme2n1          14.16     0.00  482.23  168.20    12.73     0.66    42.14     0.31    0.40    0.53    0.02   0.10   6.19
nvme1n1          15.77     0.00  138.38    0.02     9.63     0.00   142.56     5.11   36.55   36.55    0.11   0.35   4.83
nvme3n1           0.00    14.95  340.09  352.23     1.33    12.22    40.09     0.60    0.79    0.38    1.19   0.09   6.19
nvme0n1          15.77     0.00  138.38    0.02     9.63     0.00   142.56     5.11   36.55   36.55    0.10   0.35   4.82
md1               0.00     0.00    0.00    0.00     0.00     0.00    17.34     0.00    0.00    0.00    0.00   0.00   0.00
md10              0.00     0.00    0.00    0.00     0.00     0.00    26.38     0.00    0.00    0.00    0.00   0.00   0.00

10/26/2018 02:58:43 PM
avg-cpu:  %user   %nice %system %iowait  %steal   %idle
           3.44    0.00    9.40    0.00    0.00   87.16

Device:         rrqm/s   wrqm/s     r/s     w/s    rMB/s    wMB/s avgrq-sz avgqu-sz   await r_await w_await  svctm  %util
sda               0.00     0.00    0.00    0.00     0.00     0.00     0.00     0.00    0.00    0.00    0.00   0.00   0.00
sdb               0.00     0.00    0.00    0.00     0.00     0.00     0.00     0.00    0.00    0.00    0.00   0.00   0.00
sdc               0.00     0.00    0.00    0.00     0.00     0.00     0.00     0.00    0.00    0.00    0.00   0.00   0.00
sdd               0.00     0.00    0.00    0.00     0.00     0.00     0.00     0.00    0.00    0.00    0.00   0.00   0.00
sde               0.00     0.10    0.00    0.30     0.00     0.00    10.67     0.00    0.33    0.00    0.33   0.00   0.00
nvme2n1           0.00     0.00 23363.80 12593.40    91.26    49.19     8.00    11.32    0.29    0.44    0.02   0.03 100.06
nvme1n1         323.90     0.00 2854.20    0.50   198.65     0.00   142.52   104.22   36.56   36.57    0.20   0.34  96.01
nvme3n1           0.00     0.00 26899.10 14446.40   105.07    56.43     8.00    11.31    0.25    0.38    0.02   0.02 100.05
nvme0n1         323.90     0.00 2853.60    0.50   198.61     0.00   142.52   104.31   36.56   36.57    0.00   0.34  96.04
md1               0.00     0.00    0.00    0.00     0.00     0.00     0.00     0.00    0.00    0.00    0.00   0.00   0.00
md10              0.00     0.00    0.00    0.00     0.00     0.00     0.00     0.00    0.00    0.00    0.00   0.00   0.00

10/26/2018 02:58:53 PM
avg-cpu:  %user   %nice %system %iowait  %steal   %idle
           9.69    0.00   18.72    0.00    0.00   71.59

Device:         rrqm/s   wrqm/s     r/s     w/s    rMB/s    wMB/s avgrq-sz avgqu-sz   await r_await w_await  svctm  %util
sda               0.00     0.00    0.00    0.00     0.00     0.00     0.00     0.00    0.00    0.00    0.00   0.00   0.00
sdb               0.00     0.00    0.00    0.00     0.00     0.00     0.00     0.00    0.00    0.00    0.00   0.00   0.00
sdc               0.00     0.00    0.00    0.00     0.00     0.00     0.00     0.00    0.00    0.00    0.00   0.00   0.00
sdd               0.00     0.00    0.00    0.00     0.00     0.00     0.00     0.00    0.00    0.00    0.00   0.00   0.00
sde               0.00     0.00    0.00    0.40     0.00     0.00    22.00     0.00    0.25    0.00    0.25   0.00   0.00
nvme2n1           0.00     0.00 68206.20 36759.30   266.43   143.59     8.00    30.78    0.29    0.44    0.02   0.01 100.27
nvme1n1         320.80     0.00 2582.60    0.50   181.44     0.00   143.86    95.87   36.24   36.24    0.00   0.38  97.66
nvme3n1           0.00     0.00 70234.60 38011.20   274.35   148.48     8.00    30.81    0.28    0.42    0.02   0.01 100.26
nvme0n1         320.80     0.00 2582.90    0.50   181.46     0.00   143.86    95.56   36.24   36.25    0.00   0.38  97.63
md1               0.00     0.00    0.00    0.00     0.00     0.00     0.00     0.00    0.00    0.00    0.00   0.00   0.00
md10              0.00     0.00    0.00    0.00     0.00     0.00     0.00     0.00    0.00    0.00    0.00   0.00   0.00

10/26/2018 02:59:03 PM
avg-cpu:  %user   %nice %system %iowait  %steal   %idle
           9.80    0.00   19.63    0.00    0.00   70.57

Device:         rrqm/s   wrqm/s     r/s     w/s    rMB/s    wMB/s avgrq-sz avgqu-sz   await r_await w_await  svctm  %util
sda               0.00     0.00    0.00    0.00     0.00     0.00     0.00     0.00    0.00    0.00    0.00   0.00   0.00
sdb               0.00     0.00    0.00    0.00     0.00     0.00     0.00     0.00    0.00    0.00    0.00   0.00   0.00
sdc               0.00     0.00    0.00    0.00     0.00     0.00     0.00     0.00    0.00    0.00    0.00   0.00   0.00
sdd               0.00     0.00    0.00    0.00     0.00     0.00     0.00     0.00    0.00    0.00    0.00   0.00   0.00
sde               0.00     0.90    0.00    4.80     0.00     0.05    21.67     0.01   17.50    0.00   17.50   0.08   0.04
nvme2n1           0.00     0.00 67404.10 36256.30   263.30   141.63     8.00    30.78    0.29    0.44    0.02   0.01 100.22
nvme1n1         322.10     0.00 3075.70    0.50   212.38     0.00   141.40   112.89   36.70   36.71    0.20   0.32  97.70
nvme3n1           0.00     0.00 73561.20 39621.60   287.35   154.77     8.00    30.71    0.27    0.40    0.02   0.01 100.26
nvme0n1         322.10     0.00 3075.40    0.50   212.36     0.00   141.40   113.00   36.70   36.71    0.20   0.32  97.72
md1               0.00     0.00    0.00    0.00     0.00     0.00     0.00     0.00    0.00    0.00    0.00   0.00   0.00
md10              0.00     0.00    0.00    0.00     0.00     0.00     0.00     0.00    0.00    0.00    0.00   0.00   0.00

10/26/2018 02:59:13 PM
avg-cpu:  %user   %nice %system %iowait  %steal   %idle
           9.72    0.00   19.60    0.00    0.00   70.68

Device:         rrqm/s   wrqm/s     r/s     w/s    rMB/s    wMB/s avgrq-sz avgqu-sz   await r_await w_await  svctm  %util
sda               0.00     0.00    0.00    0.00     0.00     0.00     0.00     0.00    0.00    0.00    0.00   0.00   0.00
sdb               0.00     0.00    0.00    0.00     0.00     0.00     0.00     0.00    0.00    0.00    0.00   0.00   0.00
sdc               0.00     0.00    0.00    0.00     0.00     0.00     0.00     0.00    0.00    0.00    0.00   0.00   0.00
sdd               0.00     0.00    0.00    0.00     0.00     0.00     0.00     0.00    0.00    0.00    0.00   0.00   0.00
sde               0.00     0.30    0.00    0.30     0.00     0.00    32.00     0.00    0.33    0.00    0.33   0.00   0.00
nvme2n1           0.00     0.00 69509.70 37419.30   271.52   146.17     8.00    30.75    0.28    0.43    0.02   0.01 100.29
nvme1n1         326.00     0.00 2798.80    0.50   195.30     0.00   142.89   103.30   36.49   36.50    0.00   0.33  93.30
nvme3n1           0.00     0.00 72928.10 39367.60   284.88   153.78     8.00    30.79    0.27    0.41    0.02   0.01 100.36
nvme0n1         326.00     0.00 2798.80    0.50   195.30     0.00   142.89   102.97   36.49   36.50    0.00   0.33  93.29
md1               0.00     0.00    0.00    0.00     0.00     0.00     0.00     0.00    0.00    0.00    0.00   0.00   0.00
md10              0.00     0.00    0.00    0.00     0.00     0.00     0.00     0.00    0.00    0.00    0.00   0.00   0.00

10/26/2018 02:59:23 PM
avg-cpu:  %user   %nice %system %iowait  %steal   %idle
           9.72    0.00   19.76    0.00    0.00   70.52

Device:         rrqm/s   wrqm/s     r/s     w/s    rMB/s    wMB/s avgrq-sz avgqu-sz   await r_await w_await  svctm  %util
sda               0.00     0.00    0.00    0.00     0.00     0.00     0.00     0.00    0.00    0.00    0.00   0.00   0.00
sdb               0.00     0.00    0.00    0.00     0.00     0.00     0.00     0.00    0.00    0.00    0.00   0.00   0.00
sdc               0.00     0.00    0.00    0.00     0.00     0.00     0.00     0.00    0.00    0.00    0.00   0.00   0.00
sdd               0.00     0.00    0.00    0.00     0.00     0.00     0.00     0.00    0.00    0.00    0.00   0.00   0.00
sde               0.00     0.00    0.00    0.10     0.00     0.00    32.00     0.00    0.00    0.00    0.00   0.00   0.00
nvme2n1           0.00     0.00 72802.60 39229.60   284.39   153.24     8.00    30.69    0.27    0.41    0.02   0.01 100.41
nvme1n1         323.50     0.00 2801.70    0.50   195.32     0.00   142.76   103.47   36.53   36.53    0.00   0.34  95.33
nvme3n1           0.00     0.00 74000.60 39825.30   289.06   155.57     8.00    30.76    0.27    0.40    0.02   0.01 100.35
nvme0n1         323.50     0.00 2801.70    0.50   195.32     0.00   142.76   103.32   36.52   36.53    0.20   0.34  95.34
md1               0.00     0.00    0.00    0.00     0.00     0.00     0.00     0.00    0.00    0.00    0.00   0.00   0.00
md10              0.00     0.00    0.00    0.00     0.00     0.00     0.00     0.00    0.00    0.00    0.00   0.00   0.00

10/26/2018 02:59:33 PM
avg-cpu:  %user   %nice %system %iowait  %steal   %idle
           9.60    0.00   19.75    0.00    0.00   70.65

Device:         rrqm/s   wrqm/s     r/s     w/s    rMB/s    wMB/s avgrq-sz avgqu-sz   await r_await w_await  svctm  %util
sda               0.00     0.00    0.00    0.00     0.00     0.00     0.00     0.00    0.00    0.00    0.00   0.00   0.00
sdb               0.00     0.00    0.00    0.00     0.00     0.00     0.00     0.00    0.00    0.00    0.00   0.00   0.00
sdc               0.00     0.00    0.00    0.00     0.00     0.00     0.00     0.00    0.00    0.00    0.00   0.00   0.00
sdd               0.00     0.00    0.00    0.00     0.00     0.00     0.00     0.00    0.00    0.00    0.00   0.00   0.00
sde               0.00     0.20    0.00    1.40     0.00     0.02    26.29     0.00    8.79    0.00    8.79   0.07   0.01
nvme2n1           0.00     0.00 71631.40 38521.80   279.81   150.48     8.00    30.64    0.27    0.41    0.02   0.01 100.28
nvme1n1         349.70     0.00 2878.00    0.50   201.71     0.00   143.51   106.58   36.32   36.33    0.20   0.35 100.00
nvme3n1           0.00     0.00 72585.90 39003.30   283.54   152.36     8.00    30.77    0.27    0.41    0.02   0.01 100.34
nvme0n1         349.70     0.00 2878.40    0.50   201.73     0.00   143.51   106.71   36.32   36.33    0.20   0.35 100.00
md1               0.00     0.00    0.00    0.00     0.00     0.00     0.00     0.00    0.00    0.00    0.00   0.00   0.00
md10              0.00     0.00    0.00    0.00     0.00     0.00     0.00     0.00    0.00    0.00    0.00   0.00   0.00

