Linux 4.19.0 (nvme-storage) 	10/26/2018 	_x86_64_	(8 CPU)

10/26/2018 03:07:38 PM
avg-cpu:  %user   %nice %system %iowait  %steal   %idle
           0.11    0.00    0.37    0.04    0.00   99.49

Device:         rrqm/s   wrqm/s     r/s     w/s    rMB/s    wMB/s avgrq-sz avgqu-sz   await r_await w_await  svctm  %util
sda               0.00     0.00    0.00    0.00     0.00     0.00    30.40     0.00    0.14    0.14    0.00   0.13   0.00
sdb               0.00     0.00    0.00    0.00     0.00     0.00    30.40     0.00    0.15    0.15    0.00   0.12   0.00
sdc               0.00     0.00    0.00    0.00     0.00     0.00    30.40     0.00    0.13    0.13    0.00   0.12   0.00
sdd               0.00     0.00    0.00    0.00     0.00     0.00    30.40     0.00    0.14    0.14    0.00   0.11   0.00
sde               0.01     0.04    0.29    0.32     0.01     0.00    51.37     0.00   12.82   12.76   12.87   2.27   0.14
nvme2n1          14.06     0.00  578.82  220.80    13.03     0.86    35.59     0.35    0.38    0.52    0.02   0.08   6.35
nvme1n1          17.78     0.00  155.98    0.03    10.86     0.00   142.57     5.77   36.55   36.56    0.11   0.35   5.44
nvme3n1           0.00    14.85  442.60  406.36     1.73    12.36    34.00     0.64    0.69    0.39    1.03   0.07   6.36
nvme0n1          17.78     0.00  155.98    0.03    10.86     0.00   142.57     5.77   36.55   36.56    0.10   0.35   5.43
md1               0.00     0.00    0.00    0.00     0.00     0.00    16.15     0.00    0.00    0.00    0.00   0.00   0.00
md10              0.00     0.00    0.00    0.00     0.00     0.00    22.16     0.00    0.00    0.00    0.00   0.00   0.00

10/26/2018 03:07:48 PM
avg-cpu:  %user   %nice %system %iowait  %steal   %idle
           3.51    0.00    8.95    0.54    0.00   87.00

Device:         rrqm/s   wrqm/s     r/s     w/s    rMB/s    wMB/s avgrq-sz avgqu-sz   await r_await w_await  svctm  %util
sda               0.00     0.00    0.00    0.00     0.00     0.00     0.00     0.00    0.00    0.00    0.00   0.00   0.00
sdb               0.00     0.00    0.00    0.00     0.00     0.00     0.00     0.00    0.00    0.00    0.00   0.00   0.00
sdc               0.00     0.00    0.00    0.00     0.00     0.00     0.00     0.00    0.00    0.00    0.00   0.00   0.00
sdd               0.00     0.00    0.00    0.00     0.00     0.00     0.00     0.00    0.00    0.00    0.00   0.00   0.00
sde               0.00     0.00    0.00    0.20     0.00     0.00    36.00     0.00    0.50    0.00    0.50   0.00   0.00
nvme2n1           0.00     0.00 24782.80 13399.20    96.81    52.34     8.00    10.70    0.28    0.42    0.02   0.01  35.92
nvme1n1         322.10     0.00 2853.90    0.50   198.50     0.00   142.42   106.17   36.71   36.72    0.20   0.34  98.07
nvme3n1           0.00     0.00 24141.90 12924.00    94.30    50.48     8.00    11.38    0.29    0.43    0.02   0.03 100.06
nvme0n1         322.10     0.00 2853.90    0.50   198.50     0.00   142.42   106.10   36.71   36.72    0.00   0.34  98.12
md1               0.00     0.00    0.00    0.00     0.00     0.00     0.00     0.00    0.00    0.00    0.00   0.00   0.00
md10              0.00     0.00    0.00    0.00     0.00     0.00     0.00     0.00    0.00    0.00    0.00   0.00   0.00

10/26/2018 03:07:58 PM
avg-cpu:  %user   %nice %system %iowait  %steal   %idle
           9.97    0.00   19.27    0.00    0.00   70.76

Device:         rrqm/s   wrqm/s     r/s     w/s    rMB/s    wMB/s avgrq-sz avgqu-sz   await r_await w_await  svctm  %util
sda               0.00     0.00    0.00    0.00     0.00     0.00     0.00     0.00    0.00    0.00    0.00   0.00   0.00
sdb               0.00     0.00    0.00    0.00     0.00     0.00     0.00     0.00    0.00    0.00    0.00   0.00   0.00
sdc               0.00     0.00    0.00    0.00     0.00     0.00     0.00     0.00    0.00    0.00    0.00   0.00   0.00
sdd               0.00     0.00    0.00    0.00     0.00     0.00     0.00     0.00    0.00    0.00    0.00   0.00   0.00
sde               0.00     0.00    0.00    0.00     0.00     0.00     0.00     0.00    0.00    0.00    0.00   0.00   0.00
nvme2n1           0.00     0.00 73707.30 39650.60   287.92   154.89     8.00    30.70    0.27    0.40    0.02   0.01 100.22
nvme1n1         322.90     0.00 2802.10    0.50   195.31     0.00   142.73   103.44   36.55   36.56    0.00   0.33  93.64
nvme3n1           0.00     0.00 74115.10 40084.00   289.51   156.58     8.00    30.68    0.27    0.40    0.02   0.01 100.25
nvme0n1         322.90     0.00 2802.10    0.50   195.31     0.00   142.73   103.41   36.55   36.56    0.00   0.33  93.65
md1               0.00     0.00    0.00    0.00     0.00     0.00     0.00     0.00    0.00    0.00    0.00   0.00   0.00
md10              0.00     0.00    0.00    0.00     0.00     0.00     0.00     0.00    0.00    0.00    0.00   0.00   0.00

10/26/2018 03:08:08 PM
avg-cpu:  %user   %nice %system %iowait  %steal   %idle
          10.15    0.00   19.19    0.00    0.00   70.66

Device:         rrqm/s   wrqm/s     r/s     w/s    rMB/s    wMB/s avgrq-sz avgqu-sz   await r_await w_await  svctm  %util
sda               0.00     0.00    0.00    0.00     0.00     0.00     0.00     0.00    0.00    0.00    0.00   0.00   0.00
sdb               0.00     0.00    0.00    0.00     0.00     0.00     0.00     0.00    0.00    0.00    0.00   0.00   0.00
sdc               0.00     0.00    0.00    0.00     0.00     0.00     0.00     0.00    0.00    0.00    0.00   0.00   0.00
sdd               0.00     0.00    0.00    0.00     0.00     0.00     0.00     0.00    0.00    0.00    0.00   0.00   0.00
sde               0.00     0.00    0.00    0.70     0.00     0.01    18.29     0.00    7.00    0.00    7.00   0.00   0.00
nvme2n1           0.00     0.00 73530.20 39502.00   287.23   154.30     8.00    30.73    0.27    0.40    0.02   0.01 100.30
nvme1n1         318.90     0.00 2806.30    0.50   195.32     0.00   142.52   103.75   36.57   36.58    0.00   0.35  99.35
nvme3n1           0.00     0.00 73230.10 39459.10   286.06   154.14     8.00    30.78    0.27    0.41    0.02   0.01 100.35
nvme0n1         318.90     0.00 2806.30    0.50   195.32     0.00   142.52   103.88   36.57   36.58    0.20   0.35  99.38
md1               0.00     0.00    0.00    0.00     0.00     0.00     0.00     0.00    0.00    0.00    0.00   0.00   0.00
md10              0.00     0.00    0.00    0.00     0.00     0.00     0.00     0.00    0.00    0.00    0.00   0.00   0.00

10/26/2018 03:08:18 PM
avg-cpu:  %user   %nice %system %iowait  %steal   %idle
           9.83    0.00   19.32    0.00    0.00   70.85

Device:         rrqm/s   wrqm/s     r/s     w/s    rMB/s    wMB/s avgrq-sz avgqu-sz   await r_await w_await  svctm  %util
sda               0.00     0.00    0.00    0.00     0.00     0.00     0.00     0.00    0.00    0.00    0.00   0.00   0.00
sdb               0.00     0.00    0.00    0.00     0.00     0.00     0.00     0.00    0.00    0.00    0.00   0.00   0.00
sdc               0.00     0.00    0.00    0.00     0.00     0.00     0.00     0.00    0.00    0.00    0.00   0.00   0.00
sdd               0.00     0.00    0.00    0.00     0.00     0.00     0.00     0.00    0.00    0.00    0.00   0.00   0.00
sde               0.00     0.30    0.00    0.40     0.00     0.01    34.00     0.00    0.25    0.00    0.25   0.00   0.00
nvme2n1           0.00     0.00 72276.30 38862.60   282.33   151.81     8.00    30.76    0.27    0.41    0.02   0.01 100.24
nvme1n1         326.60     0.00 2861.90    0.50   198.68     0.00   142.15   106.28   36.62   36.63    0.20   0.34  98.21
nvme3n1           0.00     0.00 73068.30 39411.60   285.42   153.95     8.00    30.74    0.27    0.41    0.02   0.01 100.26
nvme0n1         327.60     0.00 2862.10    0.50   198.70     0.00   142.16   106.01   36.62   36.63    0.20   0.34  98.19
md1               0.00     0.00    0.00    0.00     0.00     0.00     0.00     0.00    0.00    0.00    0.00   0.00   0.00
md10              0.00     0.00    0.00    0.00     0.00     0.00     0.00     0.00    0.00    0.00    0.00   0.00   0.00

10/26/2018 03:08:28 PM
avg-cpu:  %user   %nice %system %iowait  %steal   %idle
           9.98    0.00   19.44    0.00    0.00   70.59

Device:         rrqm/s   wrqm/s     r/s     w/s    rMB/s    wMB/s avgrq-sz avgqu-sz   await r_await w_await  svctm  %util
sda               0.00     0.00    0.00    0.00     0.00     0.00     0.00     0.00    0.00    0.00    0.00   0.00   0.00
sdb               0.00     0.00    0.00    0.00     0.00     0.00     0.00     0.00    0.00    0.00    0.00   0.00   0.00
sdc               0.00     0.00    0.00    0.00     0.00     0.00     0.00     0.00    0.00    0.00    0.00   0.00   0.00
sdd               0.00     0.00    0.00    0.00     0.00     0.00     0.00     0.00    0.00    0.00    0.00   0.00   0.00
sde               0.00     0.00    0.00    0.00     0.00     0.00     0.00     0.00    0.00    0.00    0.00   0.00   0.00
nvme2n1           0.00     0.00 73359.10 39574.40   286.56   154.59     8.00    30.75    0.27    0.40    0.02   0.01 100.44
nvme1n1         337.50     0.00 3087.40    0.50   214.66     0.00   142.37   114.00   36.52   36.53    0.00   0.32  97.97
nvme3n1           0.00     0.00 72522.60 38949.10   283.29   152.14     8.00    30.76    0.27    0.41    0.02   0.01 100.26
nvme0n1         336.50     0.00 3087.20    0.50   214.64     0.00   142.37   113.76   36.52   36.53    0.00   0.32  97.96
md1               0.00     0.00    0.00    0.00     0.00     0.00     0.00     0.00    0.00    0.00    0.00   0.00   0.00
md10              0.00     0.00    0.00    0.00     0.00     0.00     0.00     0.00    0.00    0.00    0.00   0.00   0.00

10/26/2018 03:08:38 PM
avg-cpu:  %user   %nice %system %iowait  %steal   %idle
           9.79    0.00   18.86    0.00    0.00   71.35

Device:         rrqm/s   wrqm/s     r/s     w/s    rMB/s    wMB/s avgrq-sz avgqu-sz   await r_await w_await  svctm  %util
sda               0.00     0.00    0.00    0.00     0.00     0.00     0.00     0.00    0.00    0.00    0.00   0.00   0.00
sdb               0.00     0.00    0.00    0.00     0.00     0.00     0.00     0.00    0.00    0.00    0.00   0.00   0.00
sdc               0.00     0.00    0.00    0.00     0.00     0.00     0.00     0.00    0.00    0.00    0.00   0.00   0.00
sdd               0.00     0.00    0.00    0.00     0.00     0.00     0.00     0.00    0.00    0.00    0.00   0.00   0.00
sde               0.00     0.10    0.00    1.90     0.00     0.02    19.37     0.00   11.95    0.00   11.95   0.11   0.02
nvme2n1           0.00     0.00 72200.70 38876.70   282.03   151.86     8.00    30.80    0.27    0.41    0.02   0.01 100.30
nvme1n1         286.70     0.00 2525.90    0.50   175.79     0.00   142.50    93.34   36.51   36.52    0.20   0.36  91.59
nvme3n1           0.00     0.00 73211.70 39459.80   285.98   154.14     8.00    30.73    0.27    0.41    0.02   0.01 100.29
nvme0n1         286.70     0.00 2525.90    0.50   175.79     0.00   142.50    93.14   36.51   36.51    0.20   0.36  91.56
md1               0.00     0.00    0.00    0.00     0.00     0.00     0.00     0.00    0.00    0.00    0.00   0.00   0.00
md10              0.00     0.00    0.00    0.00     0.00     0.00     0.00     0.00    0.00    0.00    0.00   0.00   0.00

