=====================host=====================
+++++++++++++++/dev/nvme0n1+++++++++++++++
nr_requests : 1023
scheduler : [none] mq-deadline kyber 
max_sectors_kb : 128
add_random : 0
nomerges : 0
+++++++++++++++/dev/nvme1n1+++++++++++++++
nr_requests : 1023
scheduler : [none] mq-deadline kyber 
max_sectors_kb : 128
add_random : 0
nomerges : 0
+++++++++++++++/dev/nvme2n1+++++++++++++++
nr_requests : 1023
scheduler : [none] mq-deadline kyber 
max_sectors_kb : 128
add_random : 0
nomerges : 0
+++++++++++++++/dev/nvme3n1+++++++++++++++
nr_requests : 1023
scheduler : [none] mq-deadline kyber 
max_sectors_kb : 128
add_random : 0
nomerges : 0
+++++++++++++++system parameter+++++++++++++++
aio-max-nr : ----------------------------------------------
1048576
ulimit -a
core file size          (blocks, -c) 0
data seg size           (kbytes, -d) unlimited
scheduling priority             (-e) 0
file size               (blocks, -f) unlimited
pending signals                 (-i) 63242
max locked memory       (kbytes, -l) 64
max memory size         (kbytes, -m) unlimited
open files                      (-n) 1024
pipe size            (512 bytes, -p) 8
POSIX message queues     (bytes, -q) 819200
real-time priority              (-r) 0
stack size              (kbytes, -s) 8192
cpu time               (seconds, -t) unlimited
max user processes              (-u) 63242
virtual memory          (kbytes, -v) unlimited
file locks                      (-x) unlimited
----------------------------------------------
ulimit -aH
core file size          (blocks, -c) unlimited
data seg size           (kbytes, -d) unlimited
scheduling priority             (-e) 0
file size               (blocks, -f) unlimited
pending signals                 (-i) 63242
max locked memory       (kbytes, -l) 64
max memory size         (kbytes, -m) unlimited
open files                      (-n) 4096
pipe size            (512 bytes, -p) 8
POSIX message queues     (bytes, -q) 819200
real-time priority              (-r) 0
stack size              (kbytes, -s) unlimited
cpu time               (seconds, -t) unlimited
max user processes              (-u) 63242
virtual memory          (kbytes, -v) unlimited
file locks                      (-x) unlimited
=====================host=====================
+++++++++++++++/dev/md1+++++++++++++++
nr_requests : 128
scheduler : none
max_sectors_kb : 128
add_random : 0
nomerges : 0
