Linux 4.19.0 (nvme-storage) 	10/26/2018 	_x86_64_	(8 CPU)

10/26/2018 02:29:40 PM
avg-cpu:  %user   %nice %system %iowait  %steal   %idle
           0.07    0.00    0.22    0.04    0.00   99.66

Device:         rrqm/s   wrqm/s     r/s     w/s    rMB/s    wMB/s avgrq-sz avgqu-sz   await r_await w_await  svctm  %util
sda               0.00     0.00    0.00    0.00     0.00     0.00    35.30     0.00    0.15    0.15    0.00   0.14   0.00
sdb               0.00     0.00    0.00    0.00     0.00     0.00    35.30     0.00    0.15    0.15    0.00   0.12   0.00
sdc               0.00     0.00    0.00    0.00     0.00     0.00    35.30     0.00    0.14    0.14    0.00   0.12   0.00
sdd               0.00     0.00    0.00    0.00     0.00     0.00    35.30     0.00    0.15    0.15    0.00   0.11   0.00
sde               0.01     0.04    0.29    0.31     0.01     0.00    52.33     0.00   12.84   12.83   12.85   2.33   0.14
nvme2n1          14.46     0.00  333.86   86.36    12.38     0.34    61.98     0.25    0.47    0.59    0.02   0.14   6.03
nvme1n1           9.20     0.00   80.73    0.01     5.62     0.00   142.56     2.98   36.49   36.50    0.12   0.35   2.85
nvme3n1           0.00    15.27  185.94  272.84     0.73    12.14    57.46     0.54    1.07    0.36    1.56   0.13   6.03
nvme0n1           9.20     0.00   80.73    0.01     5.62     0.00   142.56     2.98   36.49   36.50    0.10   0.35   2.83
md1               0.00     0.00    0.00    0.00     0.00     0.00    19.97     0.00    0.00    0.00    0.00   0.00   0.00
md10              0.00     0.00    0.00    0.00     0.00     0.00    41.23     0.00    0.00    0.00    0.00   0.00   0.00

10/26/2018 02:29:50 PM
avg-cpu:  %user   %nice %system %iowait  %steal   %idle
           3.40    0.00    9.21    0.01    0.00   87.38

Device:         rrqm/s   wrqm/s     r/s     w/s    rMB/s    wMB/s avgrq-sz avgqu-sz   await r_await w_await  svctm  %util
sda               0.00     0.00    0.00    0.00     0.00     0.00     0.00     0.00    0.00    0.00    0.00   0.00   0.00
sdb               0.00     0.00    0.00    0.00     0.00     0.00     0.00     0.00    0.00    0.00    0.00   0.00   0.00
sdc               0.00     0.00    0.00    0.00     0.00     0.00     0.00     0.00    0.00    0.00    0.00   0.00   0.00
sdd               0.00     0.00    0.00    0.00     0.00     0.00     0.00     0.00    0.00    0.00    0.00   0.00   0.00
sde               0.00     0.00    0.00    0.40     0.00     0.01    30.00     0.00    8.50    0.00    8.50   0.00   0.00
nvme2n1           0.00     0.00 23510.40 12711.60    91.84    49.65     8.00    10.73    0.29    0.44    0.02   0.01  35.92
nvme1n1         319.60     0.00 2684.80    0.50   187.73     0.00   143.18    99.79   36.34   36.34    0.00   0.37  98.37
nvme3n1           0.00     0.00 26257.70 14141.20   102.57    55.24     8.00    10.75    0.26    0.39    0.02   0.01  40.88
nvme0n1         319.60     0.00 2685.10    0.50   187.75     0.00   143.18    99.72   36.33   36.34    0.00   0.37  98.35
md1               0.00     0.00    0.00    0.00     0.00     0.00     0.00     0.00    0.00    0.00    0.00   0.00   0.00
md10              0.00     0.00    0.00    0.00     0.00     0.00     0.00     0.00    0.00    0.00    0.00   0.00   0.00

10/26/2018 02:30:00 PM
avg-cpu:  %user   %nice %system %iowait  %steal   %idle
           9.19    0.00   19.23    0.00    0.00   71.58

Device:         rrqm/s   wrqm/s     r/s     w/s    rMB/s    wMB/s avgrq-sz avgqu-sz   await r_await w_await  svctm  %util
sda               0.00     0.00    0.00    0.00     0.00     0.00     0.00     0.00    0.00    0.00    0.00   0.00   0.00
sdb               0.00     0.00    0.00    0.00     0.00     0.00     0.00     0.00    0.00    0.00    0.00   0.00   0.00
sdc               0.00     0.00    0.00    0.00     0.00     0.00     0.00     0.00    0.00    0.00    0.00   0.00   0.00
sdd               0.00     0.00    0.00    0.00     0.00     0.00     0.00     0.00    0.00    0.00    0.00   0.00   0.00
sde               0.00     0.00    0.00    0.00     0.00     0.00     0.00     0.00    0.00    0.00    0.00   0.00   0.00
nvme2n1           0.00     0.00 64250.30 34503.70   250.98   134.78     8.00    30.95    0.31    0.47    0.02   0.01 100.43
nvme1n1         324.80     0.00 2921.00    0.50   202.91     0.00   142.24   107.11   36.68   36.68    0.20   0.33  96.56
nvme3n1           0.00     0.00 71414.70 38249.10   278.96   149.41     8.00    30.82    0.28    0.42    0.02   0.01 100.35
nvme0n1         324.80     0.00 2920.70    0.50   202.89     0.00   142.24   106.88   36.68   36.69    0.20   0.33  96.54
md1               0.00     0.00    0.00    0.00     0.00     0.00     0.00     0.00    0.00    0.00    0.00   0.00   0.00
md10              0.00     0.00    0.00    0.00     0.00     0.00     0.00     0.00    0.00    0.00    0.00   0.00   0.00

10/26/2018 02:30:10 PM
avg-cpu:  %user   %nice %system %iowait  %steal   %idle
           9.66    0.00   19.74    0.00    0.00   70.60

Device:         rrqm/s   wrqm/s     r/s     w/s    rMB/s    wMB/s avgrq-sz avgqu-sz   await r_await w_await  svctm  %util
sda               0.00     0.00    0.00    0.00     0.00     0.00     0.00     0.00    0.00    0.00    0.00   0.00   0.00
sdb               0.00     0.00    0.00    0.00     0.00     0.00     0.00     0.00    0.00    0.00    0.00   0.00   0.00
sdc               0.00     0.00    0.00    0.00     0.00     0.00     0.00     0.00    0.00    0.00    0.00   0.00   0.00
sdd               0.00     0.00    0.00    0.00     0.00     0.00     0.00     0.00    0.00    0.00    0.00   0.00   0.00
sde               0.00     0.00    0.00    0.00     0.00     0.00     0.00     0.00    0.00    0.00    0.00   0.00   0.00
nvme2n1           0.00     0.00 67512.50 36330.00   263.72   141.91     8.00    30.81    0.29    0.44    0.02   0.01 100.36
nvme1n1         320.40     0.00 2855.60    0.50   198.50     0.00   142.34   105.43   36.53   36.54    0.00   0.33  93.87
nvme3n1           0.00     0.00 74081.10 39830.40   289.38   155.59     8.00    30.72    0.27    0.40    0.02   0.01 100.29
nvme0n1         320.40     0.00 2855.60    0.50   198.50     0.00   142.34   105.31   36.53   36.54    0.00   0.33  93.86
md1               0.00     0.00    0.00    0.00     0.00     0.00     0.00     0.00    0.00    0.00    0.00   0.00   0.00
md10              0.00     0.00    0.00    0.00     0.00     0.00     0.00     0.00    0.00    0.00    0.00   0.00   0.00

10/26/2018 02:30:20 PM
avg-cpu:  %user   %nice %system %iowait  %steal   %idle
           9.49    0.00   19.64    0.00    0.00   70.87

Device:         rrqm/s   wrqm/s     r/s     w/s    rMB/s    wMB/s avgrq-sz avgqu-sz   await r_await w_await  svctm  %util
sda               0.00     0.00    0.00    0.00     0.00     0.00     0.00     0.00    0.00    0.00    0.00   0.00   0.00
sdb               0.00     0.00    0.00    0.00     0.00     0.00     0.00     0.00    0.00    0.00    0.00   0.00   0.00
sdc               0.00     0.00    0.00    0.00     0.00     0.00     0.00     0.00    0.00    0.00    0.00   0.00   0.00
sdd               0.00     0.00    0.00    0.00     0.00     0.00     0.00     0.00    0.00    0.00    0.00   0.00   0.00
sde               0.00     0.20    0.00    1.70     0.00     0.02    20.24     0.00    6.29    0.00    6.29   0.06   0.01
nvme2n1           0.00     0.00 68668.60 36875.20   268.24   144.04     8.00    30.82    0.29    0.43    0.02   0.01 100.31
nvme1n1         321.80     0.00 2803.20    0.50   195.31     0.00   142.67   103.15   36.48   36.49    0.00   0.27  76.15
nvme3n1           0.00     0.00 72894.10 39319.80   284.74   153.59     8.00    30.76    0.27    0.41    0.02   0.01 100.35
nvme0n1         321.80     0.00 2803.20    0.50   195.31     0.00   142.67   102.99   36.49   36.49    0.20   0.27  76.14
md1               0.00     0.00    0.00    0.00     0.00     0.00     0.00     0.00    0.00    0.00    0.00   0.00   0.00
md10              0.00     0.00    0.00    0.00     0.00     0.00     0.00     0.00    0.00    0.00    0.00   0.00   0.00

10/26/2018 02:30:30 PM
avg-cpu:  %user   %nice %system %iowait  %steal   %idle
           9.67    0.00   19.31    0.00    0.00   71.02

Device:         rrqm/s   wrqm/s     r/s     w/s    rMB/s    wMB/s avgrq-sz avgqu-sz   await r_await w_await  svctm  %util
sda               0.00     0.00    0.00    0.00     0.00     0.00     0.00     0.00    0.00    0.00    0.00   0.00   0.00
sdb               0.00     0.00    0.00    0.00     0.00     0.00     0.00     0.00    0.00    0.00    0.00   0.00   0.00
sdc               0.00     0.00    0.00    0.00     0.00     0.00     0.00     0.00    0.00    0.00    0.00   0.00   0.00
sdd               0.00     0.00    0.00    0.00     0.00     0.00     0.00     0.00    0.00    0.00    0.00   0.00   0.00
sde               0.00     0.00    0.00    0.10     0.00     0.00    40.00     0.00    0.00    0.00    0.00   0.00   0.00
nvme2n1           0.00     0.00 71859.80 38634.80   280.70   150.92     8.00    30.64    0.27    0.41    0.02   0.01 100.23
nvme1n1         326.00     0.00 2799.00    0.50   195.31     0.00   142.88   103.39   36.58   36.58    0.20   0.35  98.86
nvme3n1           0.00     0.00 71456.00 38624.80   279.12   150.88     8.00    30.81    0.28    0.42    0.02   0.01 100.28
nvme0n1         326.00     0.00 2799.00    0.50   195.31     0.00   142.88   103.52   36.58   36.58    0.00   0.35  98.89
md1               0.00     0.00    0.00    0.00     0.00     0.00     0.00     0.00    0.00    0.00    0.00   0.00   0.00
md10              0.00     0.00    0.00    0.00     0.00     0.00     0.00     0.00    0.00    0.00    0.00   0.00   0.00

10/26/2018 02:30:40 PM
avg-cpu:  %user   %nice %system %iowait  %steal   %idle
           9.74    0.00   19.79    0.00    0.00   70.47

Device:         rrqm/s   wrqm/s     r/s     w/s    rMB/s    wMB/s avgrq-sz avgqu-sz   await r_await w_await  svctm  %util
sda               0.00     0.00    0.00    0.00     0.00     0.00     0.00     0.00    0.00    0.00    0.00   0.00   0.00
sdb               0.00     0.00    0.00    0.00     0.00     0.00     0.00     0.00    0.00    0.00    0.00   0.00   0.00
sdc               0.00     0.00    0.00    0.00     0.00     0.00     0.00     0.00    0.00    0.00    0.00   0.00   0.00
sdd               0.00     0.00    0.00    0.00     0.00     0.00     0.00     0.00    0.00    0.00    0.00   0.00   0.00
sde               0.00     0.10    0.00    0.40     0.00     0.00    10.00     0.00    0.25    0.00    0.25   0.00   0.00
nvme2n1           0.00     0.00 72320.80 38979.30   282.50   152.26     8.00    30.65    0.27    0.41    0.02   0.01 100.26
nvme1n1         321.90     0.00 2854.30    0.30   198.51     0.00   142.42   105.39   36.58   36.59    0.00   0.33  94.86
nvme3n1           0.00     0.00 72528.90 39153.80   283.32   152.94     8.00    30.76    0.27    0.41    0.02   0.01 100.36
nvme0n1         321.90     0.00 2854.30    0.30   198.51     0.00   142.42   105.31   36.58   36.59    0.33   0.33  94.85
md1               0.00     0.00    0.00    0.00     0.00     0.00     0.00     0.00    0.00    0.00    0.00   0.00   0.00
md10              0.00     0.00    0.00    0.00     0.00     0.00     0.00     0.00    0.00    0.00    0.00   0.00   0.00

