Linux 4.19.0 (nvme-storage) 	10/26/2018 	_x86_64_	(8 CPU)

10/26/2018 03:10:15 PM
avg-cpu:  %user   %nice %system %iowait  %steal   %idle
           0.11    0.00    0.38    0.04    0.00   99.47

Device:         rrqm/s   wrqm/s     r/s     w/s    rMB/s    wMB/s avgrq-sz avgqu-sz   await r_await w_await  svctm  %util
sda               0.00     0.00    0.00    0.00     0.00     0.00    29.62     0.00    0.14    0.14    0.00   0.13   0.00
sdb               0.00     0.00    0.00    0.00     0.00     0.00    29.62     0.00    0.14    0.14    0.00   0.12   0.00
sdc               0.00     0.00    0.00    0.00     0.00     0.00    29.62     0.00    0.13    0.13    0.00   0.12   0.00
sdd               0.00     0.00    0.00    0.00     0.00     0.00    29.62     0.00    0.14    0.14    0.00   0.11   0.00
sde               0.01     0.04    0.29    0.32     0.01     0.00    51.28     0.00   12.81   12.75   12.86   2.26   0.14
nvme2n1          14.04     0.00  629.97  248.51    13.21     0.97    33.07     0.37    0.37    0.51    0.02   0.07   6.41
nvme1n1          18.36     0.00  161.05    0.03    11.21     0.00   142.57     5.95   36.55   36.56    0.11   0.35   5.61
nvme3n1           0.00    14.82  494.07  433.77     1.93    12.45    31.74     0.66    0.66    0.39    0.96   0.07   6.43
nvme0n1          18.36     0.00  161.05    0.03    11.21     0.00   142.57     5.95   36.55   36.56    0.10   0.35   5.60
md1               0.00     0.00    0.00    0.00     0.00     0.00    15.66     0.00    0.00    0.00    0.00   0.00   0.00
md10              0.00     0.00    0.00    0.00     0.00     0.00    20.71     0.00    0.00    0.00    0.00   0.00   0.00

10/26/2018 03:10:25 PM
avg-cpu:  %user   %nice %system %iowait  %steal   %idle
           3.60    0.00    8.95    0.00    0.00   87.45

Device:         rrqm/s   wrqm/s     r/s     w/s    rMB/s    wMB/s avgrq-sz avgqu-sz   await r_await w_await  svctm  %util
sda               0.00     0.00    0.00    0.00     0.00     0.00     0.00     0.00    0.00    0.00    0.00   0.00   0.00
sdb               0.00     0.00    0.00    0.00     0.00     0.00     0.00     0.00    0.00    0.00    0.00   0.00   0.00
sdc               0.00     0.00    0.00    0.00     0.00     0.00     0.00     0.00    0.00    0.00    0.00   0.00   0.00
sdd               0.00     0.00    0.00    0.00     0.00     0.00     0.00     0.00    0.00    0.00    0.00   0.00   0.00
sde               0.00     0.00    0.00    0.10     0.00     0.00    40.00     0.00    0.00    0.00    0.00   0.00   0.00
nvme2n1           0.00     0.00 25336.40 13645.10    98.97    53.30     8.00    10.66    0.27    0.41    0.02   0.01  35.91
nvme1n1         295.20     0.00 2517.40    0.50   175.79     0.00   142.98    93.02   36.60   36.60    0.00   0.36  91.21
nvme3n1           0.00     0.00 25957.00 13949.60   101.39    54.49     8.00    11.32    0.26    0.40    0.02   0.03 100.09
nvme0n1         295.20     0.00 2517.40    0.50   175.79     0.00   142.98    93.41   36.60   36.61    0.00   0.36  91.23
md1               0.00     0.00    0.00    0.00     0.00     0.00     0.00     0.00    0.00    0.00    0.00   0.00   0.00
md10              0.00     0.00    0.00    0.00     0.00     0.00     0.00     0.00    0.00    0.00    0.00   0.00   0.00

10/26/2018 03:10:35 PM
avg-cpu:  %user   %nice %system %iowait  %steal   %idle
           9.66    0.00   20.13    0.00    0.00   70.20

Device:         rrqm/s   wrqm/s     r/s     w/s    rMB/s    wMB/s avgrq-sz avgqu-sz   await r_await w_await  svctm  %util
sda               0.00     0.00    0.00    0.00     0.00     0.00     0.00     0.00    0.00    0.00    0.00   0.00   0.00
sdb               0.00     0.00    0.00    0.00     0.00     0.00     0.00     0.00    0.00    0.00    0.00   0.00   0.00
sdc               0.00     0.00    0.00    0.00     0.00     0.00     0.00     0.00    0.00    0.00    0.00   0.00   0.00
sdd               0.00     0.00    0.00    0.00     0.00     0.00     0.00     0.00    0.00    0.00    0.00   0.00   0.00
sde               0.00     0.40    0.00    1.90     0.00     0.02    16.84     0.00    5.53    0.00    5.53   0.11   0.02
nvme2n1           0.00     0.00 71546.90 38634.00   279.48   150.91     8.00    30.66    0.27    0.41    0.02   0.01 100.33
nvme1n1         354.60     0.00 3134.00    0.50   218.04     0.00   142.46   115.63   36.47   36.48    0.00   0.32  99.31
nvme3n1           0.00     0.00 72067.50 38753.20   281.51   151.38     8.00    30.74    0.27    0.41    0.02   0.01 100.21
nvme0n1         354.60     0.00 3134.00    0.50   218.04     0.00   142.46   115.45   36.47   36.48    0.20   0.32  99.29
md1               0.00     0.00    0.00    0.00     0.00     0.00     0.00     0.00    0.00    0.00    0.00   0.00   0.00
md10              0.00     0.00    0.00    0.00     0.00     0.00     0.00     0.00    0.00    0.00    0.00   0.00   0.00

10/26/2018 03:10:45 PM
avg-cpu:  %user   %nice %system %iowait  %steal   %idle
           9.95    0.00   19.59    0.00    0.00   70.47

Device:         rrqm/s   wrqm/s     r/s     w/s    rMB/s    wMB/s avgrq-sz avgqu-sz   await r_await w_await  svctm  %util
sda               0.00     0.00    0.00    0.00     0.00     0.00     0.00     0.00    0.00    0.00    0.00   0.00   0.00
sdb               0.00     0.00    0.00    0.00     0.00     0.00     0.00     0.00    0.00    0.00    0.00   0.00   0.00
sdc               0.00     0.00    0.00    0.00     0.00     0.00     0.00     0.00    0.00    0.00    0.00   0.00   0.00
sdd               0.00     0.00    0.00    0.00     0.00     0.00     0.00     0.00    0.00    0.00    0.00   0.00   0.00
sde               0.00     0.20    0.00    0.40     0.00     0.01    28.00     0.00    0.25    0.00    0.25   0.00   0.00
nvme2n1           0.00     0.00 72370.10 39037.80   282.70   152.49     8.00    30.66    0.27    0.41    0.02   0.01 100.22
nvme1n1         319.10     0.00 2805.90    0.50   195.31     0.00   142.53   103.31   36.45   36.46    0.20   0.34  94.90
nvme3n1           0.00     0.00 72431.20 39109.80   282.93   152.77     8.00    30.75    0.27    0.41    0.02   0.01 100.31
nvme0n1         319.10     0.00 2805.90    0.50   195.31     0.00   142.53   103.28   36.45   36.46    0.00   0.34  94.89
md1               0.00     0.00    0.00    0.00     0.00     0.00     0.00     0.00    0.00    0.00    0.00   0.00   0.00
md10              0.00     0.00    0.00    0.00     0.00     0.00     0.00     0.00    0.00    0.00    0.00   0.00   0.00

10/26/2018 03:10:55 PM
avg-cpu:  %user   %nice %system %iowait  %steal   %idle
           9.71    0.00   19.74    0.00    0.00   70.56

Device:         rrqm/s   wrqm/s     r/s     w/s    rMB/s    wMB/s avgrq-sz avgqu-sz   await r_await w_await  svctm  %util
sda               0.00     0.00    0.00    0.00     0.00     0.00     0.00     0.00    0.00    0.00    0.00   0.00   0.00
sdb               0.00     0.00    0.00    0.00     0.00     0.00     0.00     0.00    0.00    0.00    0.00   0.00   0.00
sdc               0.00     0.00    0.00    0.00     0.00     0.00     0.00     0.00    0.00    0.00    0.00   0.00   0.00
sdd               0.00     0.00    0.00    0.00     0.00     0.00     0.00     0.00    0.00    0.00    0.00   0.00   0.00
sde               0.00     0.40    0.00    0.60     0.00     0.01    24.00     0.00    0.33    0.00    0.33   0.00   0.00
nvme2n1           0.00     0.00 72296.30 38809.40   282.41   151.60     8.00    30.65    0.27    0.41    0.02   0.01 100.37
nvme1n1         317.20     0.00 2735.30    0.50   190.76     0.00   142.80   101.62   36.34   36.35    0.00   0.35  96.67
nvme3n1           0.00     0.00 73220.30 39247.10   286.02   153.31     8.00    30.76    0.27    0.41    0.02   0.01 100.37
nvme0n1         317.20     0.00 2735.60    0.50   190.78     0.00   142.80   101.66   36.34   36.35    0.20   0.35  96.70
md1               0.00     0.00    0.00    0.00     0.00     0.00     0.00     0.00    0.00    0.00    0.00   0.00   0.00
md10              0.00     0.00    0.00    0.00     0.00     0.00     0.00     0.00    0.00    0.00    0.00   0.00   0.00

10/26/2018 03:11:05 PM
avg-cpu:  %user   %nice %system %iowait  %steal   %idle
           9.95    0.00   19.69    0.00    0.00   70.36

Device:         rrqm/s   wrqm/s     r/s     w/s    rMB/s    wMB/s avgrq-sz avgqu-sz   await r_await w_await  svctm  %util
sda               0.00     0.00    0.00    0.00     0.00     0.00     0.00     0.00    0.00    0.00    0.00   0.00   0.00
sdb               0.00     0.00    0.00    0.00     0.00     0.00     0.00     0.00    0.00    0.00    0.00   0.00   0.00
sdc               0.00     0.00    0.00    0.00     0.00     0.00     0.00     0.00    0.00    0.00    0.00   0.00   0.00
sdd               0.00     0.00    0.00    0.00     0.00     0.00     0.00     0.00    0.00    0.00    0.00   0.00   0.00
sde               0.00     0.10    0.00    2.00     0.00     0.02    20.80     0.00    9.15    0.00    9.15   0.10   0.02
nvme2n1           0.00     0.00 73676.20 39656.60   287.80   154.91     8.00    30.61    0.27    0.40    0.02   0.01 100.25
nvme1n1         317.40     0.00 2723.80    0.50   190.09     0.00   142.90   100.46   36.53   36.54    0.20   0.37 100.01
nvme3n1           0.00     0.00 73867.40 39665.50   288.54   154.94     8.00    30.72    0.27    0.40    0.02   0.01 100.31
nvme0n1         317.40     0.00 2723.80    0.50   190.09     0.00   142.90   100.62   36.53   36.54    0.20   0.37 100.04
md1               0.00     0.00    0.00    0.00     0.00     0.00     0.00     0.00    0.00    0.00    0.00   0.00   0.00
md10              0.00     0.00    0.00    0.00     0.00     0.00     0.00     0.00    0.00    0.00    0.00   0.00   0.00

10/26/2018 03:11:15 PM
avg-cpu:  %user   %nice %system %iowait  %steal   %idle
           9.88    0.00   19.70    0.00    0.00   70.42

Device:         rrqm/s   wrqm/s     r/s     w/s    rMB/s    wMB/s avgrq-sz avgqu-sz   await r_await w_await  svctm  %util
sda               0.00     0.00    0.00    0.00     0.00     0.00     0.00     0.00    0.00    0.00    0.00   0.00   0.00
sdb               0.00     0.00    0.00    0.00     0.00     0.00     0.00     0.00    0.00    0.00    0.00   0.00   0.00
sdc               0.00     0.00    0.00    0.00     0.00     0.00     0.00     0.00    0.00    0.00    0.00   0.00   0.00
sdd               0.00     0.00    0.00    0.00     0.00     0.00     0.00     0.00    0.00    0.00    0.00   0.00   0.00
sde               0.00     0.00    0.00    0.00     0.00     0.00     0.00     0.00    0.00    0.00    0.00   0.00   0.00
nvme2n1           0.00     0.00 71885.00 38827.70   280.80   151.67     8.00    30.65    0.27    0.41    0.02   0.01 100.29
nvme1n1         321.10     0.00 3011.40    0.50   208.29     0.00   141.63   110.43   36.71   36.72    0.00   0.30  91.51
nvme3n1           0.00     0.00 71682.40 38620.00   280.01   150.86     8.00    30.74    0.27    0.41    0.02   0.01 100.31
nvme0n1         321.10     0.00 3011.10    0.50   208.27     0.00   141.64   110.45   36.71   36.72    0.00   0.30  91.51
md1               0.00     0.00    0.00    0.00     0.00     0.00     0.00     0.00    0.00    0.00    0.00   0.00   0.00
md10              0.00     0.00    0.00    0.00     0.00     0.00     0.00     0.00    0.00    0.00    0.00   0.00   0.00

